-- Found ament_cmake: 2.5.2 (/opt/ros/jazzy/share/ament_cmake/cmake)
-- Found rclcpp: 28.1.5 (/opt/ros/jazzy/share/rclcpp/cmake)
-- Found rosidl_generator_c: 4.6.4 (/opt/ros/jazzy/share/rosidl_generator_c/cmake)
-- Found rosidl_generator_cpp: 4.6.4 (/opt/ros/jazzy/share/rosidl_generator_cpp/cmake)
-- Using all available rosidl_typesupport_c: rosidl_typesupport_fastrtps_c;rosidl_typesupport_introspection_c
-- Using all available rosidl_typesupport_cpp: rosidl_typesupport_fastrtps_cpp;rosidl_typesupport_introspection_cpp
-- Found rmw_implementation_cmake: 7.3.1 (/opt/ros/jazzy/share/rmw_implementation_cmake/cmake)
-- Found rmw_fastrtps_cpp: 8.4.1 (/opt/ros/jazzy/share/rmw_fastrtps_cpp/cmake)
-- Using RMW implementation 'rmw_fastrtps_cpp' as default
-- Found rclcpp_components: 28.1.5 (/opt/ros/jazzy/share/rclcpp_components/cmake)
-- Found sensor_msgs: 5.3.5 (/opt/ros/jazzy/share/sensor_msgs/cmake)
-- Found camera_info_manager: 5.1.4 (/opt/ros/jazzy/share/camera_info_manager/cmake)
-- Setting yaml-cpp_DIR to: '/opt/ros/jazzy/share/yaml_cpp_vendor/cmake/../../../opt/yaml_cpp_vendor/share/cmake/yaml-cpp'
-- Found cv_bridge: 4.1.0 (/opt/ros/jazzy/share/cv_bridge/cmake)
-- Found ament_lint_auto: 0.17.1 (/opt/ros/jazzy/share/ament_lint_auto/cmake)
-- Added test 'clang_format' to check C / C++ code style
-- Added test 'cppcheck' to perform static code analysis on C / C++ code
-- Configured cppcheck include dirs: $<BUILD_INTERFACE:/home/crubs/Documents/dev_ws/src/camera_ros/include>
-- Configured cppcheck exclude dirs and/or files: 
-- Added test 'flake8' to check Python code syntax and style conventions
-- Configured 'flake8' exclude dirs and/or files: 
-- Added test 'lint_cmake' to check CMake code style
-- Added test 'mypy' to statically type check Python code.
-- Added test 'pep257' to check Python code against some of the docstring style conventions in PEP 257
-- Added test 'pyflakes' to perform static code analysis on Python code
-- Added test 'xmllint' to check XML markup files
-- Configuring done (1.7s)
-- Generating done (0.1s)
-- Build files have been written to: /home/crubs/Documents/dev_ws/build/camera_ros
[  8%] [32mBuilding CXX object CMakeFiles/utils.dir/src/clamp.cpp.o[0m
[ 16%] [32mBuilding CXX object CMakeFiles/utils.dir/src/cv_to_pv.cpp.o[0m
[ 25%] [32mBuilding CXX object CMakeFiles/utils.dir/src/format_mapping.cpp.o[0m
[ 41%] Built target camera_node
[ 50%] [32mBuilding CXX object CMakeFiles/utils.dir/src/parameter_conflict_check.cpp.o[0m
[ 58%] [32mBuilding CXX object CMakeFiles/utils.dir/src/pretty_print.cpp.o[0m
[ 66%] [32mBuilding CXX object CMakeFiles/utils.dir/src/pv_to_cv.cpp.o[0m
[ 75%] [32mBuilding CXX object CMakeFiles/utils.dir/src/types.cpp.o[0m
[ 83%] [32mBuilding CXX object CMakeFiles/utils.dir/src/type_extent.cpp.o[0m
[ 83%] Built target utils
[ 91%] [32mBuilding CXX object CMakeFiles/camera_component.dir/src/CameraNode.cpp.o[0m
[100%] [32m[1mLinking CXX shared library libcamera_component.so[0m
[100%] Built target camera_component
-- Install configuration: ""
-- Up-to-date: /home/crubs/Documents/dev_ws/install/camera_ros/lib/camera_ros/camera_node
-- Installing: /home/crubs/Documents/dev_ws/install/camera_ros/lib/libcamera_component.so
-- Set non-toolchain portion of runtime path of "/home/crubs/Documents/dev_ws/install/camera_ros/lib/libcamera_component.so" to ""
-- Up-to-date: /home/crubs/Documents/dev_ws/install/camera_ros/share/camera_ros//launch
-- Installing: /home/crubs/Documents/dev_ws/install/camera_ros/share/camera_ros//launch/camera.launch.py
-- Up-to-date: /home/crubs/Documents/dev_ws/install/camera_ros/share/ament_index/resource_index/package_run_dependencies/camera_ros
-- Up-to-date: /home/crubs/Documents/dev_ws/install/camera_ros/share/ament_index/resource_index/parent_prefix_path/camera_ros
-- Up-to-date: /home/crubs/Documents/dev_ws/install/camera_ros/share/camera_ros/environment/ament_prefix_path.sh
-- Up-to-date: /home/crubs/Documents/dev_ws/install/camera_ros/share/camera_ros/environment/ament_prefix_path.dsv
-- Up-to-date: /home/crubs/Documents/dev_ws/install/camera_ros/share/camera_ros/environment/path.sh
-- Up-to-date: /home/crubs/Documents/dev_ws/install/camera_ros/share/camera_ros/environment/path.dsv
-- Up-to-date: /home/crubs/Documents/dev_ws/install/camera_ros/share/camera_ros/local_setup.bash
-- Up-to-date: /home/crubs/Documents/dev_ws/install/camera_ros/share/camera_ros/local_setup.sh
-- Up-to-date: /home/crubs/Documents/dev_ws/install/camera_ros/share/camera_ros/local_setup.zsh
-- Up-to-date: /home/crubs/Documents/dev_ws/install/camera_ros/share/camera_ros/local_setup.dsv
-- Installing: /home/crubs/Documents/dev_ws/install/camera_ros/share/camera_ros/package.dsv
-- Up-to-date: /home/crubs/Documents/dev_ws/install/camera_ros/share/ament_index/resource_index/packages/camera_ros
-- Up-to-date: /home/crubs/Documents/dev_ws/install/camera_ros/share/ament_index/resource_index/rclcpp_components/camera_ros
-- Up-to-date: /home/crubs/Documents/dev_ws/install/camera_ros/share/camera_ros/cmake/camera_rosConfig.cmake
-- Up-to-date: /home/crubs/Documents/dev_ws/install/camera_ros/share/camera_ros/cmake/camera_rosConfig-version.cmake
-- Installing: /home/crubs/Documents/dev_ws/install/camera_ros/share/camera_ros/package.xml
