[0.052s] Invoking command in '/home/crubs/Documents/dev_ws/build/camera_ros': CMAKE_PREFIX_PATH=${CMAKE_PREFIX_PATH}:/home/crubs/Documents/dev_ws/install/robot_sensors:/home/crubs/Documents/dev_ws/install/robot_communication:/home/crubs/Documents/dev_ws/install/robot_camera:/home/crubs/Documents/dev_ws/install/robot_accessories:/home/crubs/Documents/dev_ws/install/imu_package:/opt/ros/jazzy DEBUGINFOD_URLS=https://debuginfod.ubuntu.com /usr/bin/cmake --build /home/crubs/Documents/dev_ws/build/camera_ros -- -j4 -l4
[0.329s] -- Found ament_cmake: 2.5.2 (/opt/ros/jazzy/share/ament_cmake/cmake)
[0.762s] -- Found rclcpp: 28.1.5 (/opt/ros/jazzy/share/rclcpp/cmake)
[0.831s] -- Found rosidl_generator_c: 4.6.4 (/opt/ros/jazzy/share/rosidl_generator_c/cmake)
[0.852s] -- Found rosidl_generator_cpp: 4.6.4 (/opt/ros/jazzy/share/rosidl_generator_cpp/cmake)
[0.892s] -- Using all available rosidl_typesupport_c: rosidl_typesupport_fastrtps_c;rosidl_typesupport_introspection_c
[0.936s] -- Using all available rosidl_typesupport_cpp: rosidl_typesupport_fastrtps_cpp;rosidl_typesupport_introspection_cpp
[1.121s] -- Found rmw_implementation_cmake: 7.3.1 (/opt/ros/jazzy/share/rmw_implementation_cmake/cmake)
[1.130s] -- Found rmw_fastrtps_cpp: 8.4.1 (/opt/ros/jazzy/share/rmw_fastrtps_cpp/cmake)
[1.283s] -- Using RMW implementation 'rmw_fastrtps_cpp' as default
[1.434s] -- Found rclcpp_components: 28.1.5 (/opt/ros/jazzy/share/rclcpp_components/cmake)
[1.501s] -- Found sensor_msgs: 5.3.5 (/opt/ros/jazzy/share/sensor_msgs/cmake)
[1.608s] -- Found camera_info_manager: 5.1.4 (/opt/ros/jazzy/share/camera_info_manager/cmake)
[1.617s] -- Setting yaml-cpp_DIR to: '/opt/ros/jazzy/share/yaml_cpp_vendor/cmake/../../../opt/yaml_cpp_vendor/share/cmake/yaml-cpp'
[1.685s] -- Found cv_bridge: 4.1.0 (/opt/ros/jazzy/share/cv_bridge/cmake)
[1.731s] -- Found ament_lint_auto: 0.17.1 (/opt/ros/jazzy/share/ament_lint_auto/cmake)
[1.997s] -- Added test 'clang_format' to check C / C++ code style
[2.003s] -- Added test 'cppcheck' to perform static code analysis on C / C++ code
[2.003s] -- Configured cppcheck include dirs: $<BUILD_INTERFACE:/home/crubs/Documents/dev_ws/src/camera_ros/include>
[2.004s] -- Configured cppcheck exclude dirs and/or files: 
[2.005s] -- Added test 'flake8' to check Python code syntax and style conventions
[2.005s] -- Configured 'flake8' exclude dirs and/or files: 
[2.008s] -- Added test 'lint_cmake' to check CMake code style
[2.009s] -- Added test 'mypy' to statically type check Python code.
[2.011s] -- Added test 'pep257' to check Python code against some of the docstring style conventions in PEP 257
[2.013s] -- Added test 'pyflakes' to perform static code analysis on Python code
[2.015s] -- Added test 'xmllint' to check XML markup files
[2.018s] -- Configuring done (1.7s)
[2.103s] -- Generating done (0.1s)
[2.123s] -- Build files have been written to: /home/crubs/Documents/dev_ws/build/camera_ros
[2.278s] [  8%] [32mBuilding CXX object CMakeFiles/utils.dir/src/clamp.cpp.o[0m
[2.290s] [ 16%] [32mBuilding CXX object CMakeFiles/utils.dir/src/cv_to_pv.cpp.o[0m
[2.296s] [ 25%] [32mBuilding CXX object CMakeFiles/utils.dir/src/format_mapping.cpp.o[0m
[2.314s] [ 41%] Built target camera_node
[2.337s] [ 50%] [32mBuilding CXX object CMakeFiles/utils.dir/src/parameter_conflict_check.cpp.o[0m
[5.370s] [ 58%] [32mBuilding CXX object CMakeFiles/utils.dir/src/pretty_print.cpp.o[0m
[5.908s] [ 66%] [32mBuilding CXX object CMakeFiles/utils.dir/src/pv_to_cv.cpp.o[0m
[6.095s] [ 75%] [32mBuilding CXX object CMakeFiles/utils.dir/src/types.cpp.o[0m
[7.926s] [ 83%] [32mBuilding CXX object CMakeFiles/utils.dir/src/type_extent.cpp.o[0m
[9.231s] [ 83%] Built target utils
[9.316s] [ 91%] [32mBuilding CXX object CMakeFiles/camera_component.dir/src/CameraNode.cpp.o[0m
[25.744s] [100%] [32m[1mLinking CXX shared library libcamera_component.so[0m
[27.303s] [100%] Built target camera_component
[27.328s] Invoked command in '/home/crubs/Documents/dev_ws/build/camera_ros' returned '0': CMAKE_PREFIX_PATH=${CMAKE_PREFIX_PATH}:/home/crubs/Documents/dev_ws/install/robot_sensors:/home/crubs/Documents/dev_ws/install/robot_communication:/home/crubs/Documents/dev_ws/install/robot_camera:/home/crubs/Documents/dev_ws/install/robot_accessories:/home/crubs/Documents/dev_ws/install/imu_package:/opt/ros/jazzy DEBUGINFOD_URLS=https://debuginfod.ubuntu.com /usr/bin/cmake --build /home/crubs/Documents/dev_ws/build/camera_ros -- -j4 -l4
[27.352s] Invoking command in '/home/crubs/Documents/dev_ws/build/camera_ros': CMAKE_PREFIX_PATH=${CMAKE_PREFIX_PATH}:/home/crubs/Documents/dev_ws/install/robot_sensors:/home/crubs/Documents/dev_ws/install/robot_communication:/home/crubs/Documents/dev_ws/install/robot_camera:/home/crubs/Documents/dev_ws/install/robot_accessories:/home/crubs/Documents/dev_ws/install/imu_package:/opt/ros/jazzy DEBUGINFOD_URLS=https://debuginfod.ubuntu.com /usr/bin/cmake --install /home/crubs/Documents/dev_ws/build/camera_ros
[27.369s] -- Install configuration: ""
[27.372s] -- Up-to-date: /home/crubs/Documents/dev_ws/install/camera_ros/lib/camera_ros/camera_node
[27.374s] -- Installing: /home/crubs/Documents/dev_ws/install/camera_ros/lib/libcamera_component.so
[27.385s] -- Set non-toolchain portion of runtime path of "/home/crubs/Documents/dev_ws/install/camera_ros/lib/libcamera_component.so" to ""
[27.385s] -- Up-to-date: /home/crubs/Documents/dev_ws/install/camera_ros/share/camera_ros//launch
[27.385s] -- Installing: /home/crubs/Documents/dev_ws/install/camera_ros/share/camera_ros//launch/camera.launch.py
[27.386s] -- Up-to-date: /home/crubs/Documents/dev_ws/install/camera_ros/share/ament_index/resource_index/package_run_dependencies/camera_ros
[27.386s] -- Up-to-date: /home/crubs/Documents/dev_ws/install/camera_ros/share/ament_index/resource_index/parent_prefix_path/camera_ros
[27.386s] -- Up-to-date: /home/crubs/Documents/dev_ws/install/camera_ros/share/camera_ros/environment/ament_prefix_path.sh
[27.386s] -- Up-to-date: /home/crubs/Documents/dev_ws/install/camera_ros/share/camera_ros/environment/ament_prefix_path.dsv
[27.386s] -- Up-to-date: /home/crubs/Documents/dev_ws/install/camera_ros/share/camera_ros/environment/path.sh
[27.386s] -- Up-to-date: /home/crubs/Documents/dev_ws/install/camera_ros/share/camera_ros/environment/path.dsv
[27.387s] -- Up-to-date: /home/crubs/Documents/dev_ws/install/camera_ros/share/camera_ros/local_setup.bash
[27.387s] -- Up-to-date: /home/crubs/Documents/dev_ws/install/camera_ros/share/camera_ros/local_setup.sh
[27.387s] -- Up-to-date: /home/crubs/Documents/dev_ws/install/camera_ros/share/camera_ros/local_setup.zsh
[27.387s] -- Up-to-date: /home/crubs/Documents/dev_ws/install/camera_ros/share/camera_ros/local_setup.dsv
[27.387s] -- Installing: /home/crubs/Documents/dev_ws/install/camera_ros/share/camera_ros/package.dsv
[27.387s] -- Up-to-date: /home/crubs/Documents/dev_ws/install/camera_ros/share/ament_index/resource_index/packages/camera_ros
[27.387s] -- Up-to-date: /home/crubs/Documents/dev_ws/install/camera_ros/share/ament_index/resource_index/rclcpp_components/camera_ros
[27.387s] -- Up-to-date: /home/crubs/Documents/dev_ws/install/camera_ros/share/camera_ros/cmake/camera_rosConfig.cmake
[27.387s] -- Up-to-date: /home/crubs/Documents/dev_ws/install/camera_ros/share/camera_ros/cmake/camera_rosConfig-version.cmake
[27.387s] -- Installing: /home/crubs/Documents/dev_ws/install/camera_ros/share/camera_ros/package.xml
[27.390s] Invoked command in '/home/crubs/Documents/dev_ws/build/camera_ros' returned '0': CMAKE_PREFIX_PATH=${CMAKE_PREFIX_PATH}:/home/crubs/Documents/dev_ws/install/robot_sensors:/home/crubs/Documents/dev_ws/install/robot_communication:/home/crubs/Documents/dev_ws/install/robot_camera:/home/crubs/Documents/dev_ws/install/robot_accessories:/home/crubs/Documents/dev_ws/install/imu_package:/opt/ros/jazzy DEBUGINFOD_URLS=https://debuginfod.ubuntu.com /usr/bin/cmake --install /home/crubs/Documents/dev_ws/build/camera_ros
