[0.023s] Invoking command in '/home/crubs/Documents/dev_ws/build/robot_gazebo': CMAKE_PREFIX_PATH=${CMAKE_PREFIX_PATH}:/home/crubs/Documents/dev_ws/install/robot_sensors:/home/crubs/Documents/dev_ws/install/robot_communication:/home/crubs/Documents/dev_ws/install/robot_camera:/home/crubs/Documents/dev_ws/install/robot_accessories:/home/crubs/Documents/dev_ws/install/imu_package:/opt/ros/jazzy DEBUGINFOD_URLS=https://debuginfod.ubuntu.com PS1=(ros2_env) \[\e]0;\u@\h: \w\a\]${debian_chroot:+($debian_chroot)}\[\033[01;32m\]\u@\h\[\033[00m\]:\[\033[01;34m\]\w\[\033[00m\]\$ VIRTUAL_ENV_PROMPT=(ros2_env) /usr/bin/cmake /home/crubs/Documents/dev_ws/src/robot_gazebo -DCMAKE_INSTALL_PREFIX=/home/crubs/Documents/dev_ws/install/robot_gazebo
[0.306s] -- The C compiler identification is GNU 13.2.0
[0.669s] -- The CXX compiler identification is GNU 13.2.0
[0.755s] -- Detecting C compiler ABI info
[1.257s] -- Detecting C compiler ABI info - done
[1.289s] -- Check for working C compiler: /usr/bin/cc - skipped
[1.292s] -- Detecting C compile features
[1.295s] -- Detecting C compile features - done
[1.343s] -- Detecting CXX compiler ABI info
[1.873s] -- Detecting CXX compiler ABI info - done
[1.904s] -- Check for working CXX compiler: /usr/bin/c++ - skipped
[1.905s] -- Detecting CXX compile features
[1.907s] -- Detecting CXX compile features - done
[1.917s] -- Found ament_cmake: 2.5.2 (/opt/ros/jazzy/share/ament_cmake/cmake)
[2.435s] -- Found Python3: /home/crubs/ros2_env/bin/python3 (found version "3.12.3") found components: Interpreter 
[3.103s] -- Found ament_lint_auto: 0.17.1 (/opt/ros/jazzy/share/ament_lint_auto/cmake)
[3.809s] -- Added test 'copyright' to check source files copyright and LICENSE
[3.827s] -- Added test 'flake8' to check Python code syntax and style conventions
[3.827s] -- Configured 'flake8' exclude dirs and/or files: 
[3.834s] -- Added test 'lint_cmake' to check CMake code style
[3.841s] -- Added test 'pep257' to check Python code against some of the docstring style conventions in PEP 257
[3.855s] -- Added test 'xmllint' to check XML markup files
[3.858s] -- Configuring done (3.8s)
[3.868s] -- Generating done (0.0s)
[3.869s] -- Build files have been written to: /home/crubs/Documents/dev_ws/build/robot_gazebo
[3.894s] Invoked command in '/home/crubs/Documents/dev_ws/build/robot_gazebo' returned '0': CMAKE_PREFIX_PATH=${CMAKE_PREFIX_PATH}:/home/crubs/Documents/dev_ws/install/robot_sensors:/home/crubs/Documents/dev_ws/install/robot_communication:/home/crubs/Documents/dev_ws/install/robot_camera:/home/crubs/Documents/dev_ws/install/robot_accessories:/home/crubs/Documents/dev_ws/install/imu_package:/opt/ros/jazzy DEBUGINFOD_URLS=https://debuginfod.ubuntu.com PS1=(ros2_env) \[\e]0;\u@\h: \w\a\]${debian_chroot:+($debian_chroot)}\[\033[01;32m\]\u@\h\[\033[00m\]:\[\033[01;34m\]\w\[\033[00m\]\$ VIRTUAL_ENV_PROMPT=(ros2_env) /usr/bin/cmake /home/crubs/Documents/dev_ws/src/robot_gazebo -DCMAKE_INSTALL_PREFIX=/home/crubs/Documents/dev_ws/install/robot_gazebo
[3.895s] Invoking command in '/home/crubs/Documents/dev_ws/build/robot_gazebo': CMAKE_PREFIX_PATH=${CMAKE_PREFIX_PATH}:/home/crubs/Documents/dev_ws/install/robot_sensors:/home/crubs/Documents/dev_ws/install/robot_communication:/home/crubs/Documents/dev_ws/install/robot_camera:/home/crubs/Documents/dev_ws/install/robot_accessories:/home/crubs/Documents/dev_ws/install/imu_package:/opt/ros/jazzy DEBUGINFOD_URLS=https://debuginfod.ubuntu.com PS1=(ros2_env) \[\e]0;\u@\h: \w\a\]${debian_chroot:+($debian_chroot)}\[\033[01;32m\]\u@\h\[\033[00m\]:\[\033[01;34m\]\w\[\033[00m\]\$ VIRTUAL_ENV_PROMPT=(ros2_env) /usr/bin/cmake --build /home/crubs/Documents/dev_ws/build/robot_gazebo -- -j4 -l4
[4.115s] Invoked command in '/home/crubs/Documents/dev_ws/build/robot_gazebo' returned '0': CMAKE_PREFIX_PATH=${CMAKE_PREFIX_PATH}:/home/crubs/Documents/dev_ws/install/robot_sensors:/home/crubs/Documents/dev_ws/install/robot_communication:/home/crubs/Documents/dev_ws/install/robot_camera:/home/crubs/Documents/dev_ws/install/robot_accessories:/home/crubs/Documents/dev_ws/install/imu_package:/opt/ros/jazzy DEBUGINFOD_URLS=https://debuginfod.ubuntu.com PS1=(ros2_env) \[\e]0;\u@\h: \w\a\]${debian_chroot:+($debian_chroot)}\[\033[01;32m\]\u@\h\[\033[00m\]:\[\033[01;34m\]\w\[\033[00m\]\$ VIRTUAL_ENV_PROMPT=(ros2_env) /usr/bin/cmake --build /home/crubs/Documents/dev_ws/build/robot_gazebo -- -j4 -l4
[4.224s] Invoking command in '/home/crubs/Documents/dev_ws/build/robot_gazebo': CMAKE_PREFIX_PATH=${CMAKE_PREFIX_PATH}:/home/crubs/Documents/dev_ws/install/robot_sensors:/home/crubs/Documents/dev_ws/install/robot_communication:/home/crubs/Documents/dev_ws/install/robot_camera:/home/crubs/Documents/dev_ws/install/robot_accessories:/home/crubs/Documents/dev_ws/install/imu_package:/opt/ros/jazzy DEBUGINFOD_URLS=https://debuginfod.ubuntu.com PS1=(ros2_env) \[\e]0;\u@\h: \w\a\]${debian_chroot:+($debian_chroot)}\[\033[01;32m\]\u@\h\[\033[00m\]:\[\033[01;34m\]\w\[\033[00m\]\$ VIRTUAL_ENV_PROMPT=(ros2_env) /usr/bin/cmake --install /home/crubs/Documents/dev_ws/build/robot_gazebo
[4.268s] -- Install configuration: ""
[4.271s] -- Installing: /home/crubs/Documents/dev_ws/install/robot_gazebo/share/robot_gazebo/launch
[4.272s] -- Installing: /home/crubs/Documents/dev_ws/install/robot_gazebo/share/robot_gazebo/launch/gazebo.launch.py
[4.274s] -- Installing: /home/crubs/Documents/dev_ws/install/robot_gazebo/share/robot_gazebo/worlds
[4.275s] -- Installing: /home/crubs/Documents/dev_ws/install/robot_gazebo/share/robot_gazebo/worlds/mondeCDF24.sdf
[4.276s] -- Installing: /home/crubs/Documents/dev_ws/install/robot_gazebo/share/robot_gazebo/worlds/Plateau_jeu_CdF.sdf
[4.278s] -- Installing: /home/crubs/Documents/dev_ws/install/robot_gazebo/share/robot_gazebo/worlds/models
[4.278s] -- Installing: /home/crubs/Documents/dev_ws/install/robot_gazebo/share/robot_gazebo/worlds/models/suv
[4.279s] -- Installing: /home/crubs/Documents/dev_ws/install/robot_gazebo/share/robot_gazebo/worlds/models/suv/meshes
[4.281s] -- Installing: /home/crubs/Documents/dev_ws/install/robot_gazebo/share/robot_gazebo/worlds/models/suv/meshes/suv.obj
[4.286s] -- Installing: /home/crubs/Documents/dev_ws/install/robot_gazebo/share/robot_gazebo/worlds/models/suv/meshes/plante.obj
[4.317s] -- Installing: /home/crubs/Documents/dev_ws/install/robot_gazebo/share/robot_gazebo/worlds/models/suv/meshes/plante.mtl
[4.317s] -- Installing: /home/crubs/Documents/dev_ws/install/robot_gazebo/share/robot_gazebo/worlds/models/suv/meshes/suv.mtl
[4.318s] -- Installing: /home/crubs/Documents/dev_ws/install/robot_gazebo/share/robot_gazebo/worlds/models/suv/meshes/plante.dae
[4.361s] -- Installing: /home/crubs/Documents/dev_ws/install/robot_gazebo/share/robot_gazebo/worlds/models/suv/model.sdf
[4.362s] -- Installing: /home/crubs/Documents/dev_ws/install/robot_gazebo/share/robot_gazebo/worlds/models/suv/materials
[4.362s] -- Installing: /home/crubs/Documents/dev_ws/install/robot_gazebo/share/robot_gazebo/worlds/models/suv/materials/textures
[4.362s] -- Installing: /home/crubs/Documents/dev_ws/install/robot_gazebo/share/robot_gazebo/worlds/models/suv/materials/textures/suv.png
[4.375s] -- Installing: /home/crubs/Documents/dev_ws/install/robot_gazebo/share/robot_gazebo/worlds/models/suv/materials/textures/wheels_01.png
[4.392s] -- Installing: /home/crubs/Documents/dev_ws/install/robot_gazebo/share/robot_gazebo/worlds/models/suv/model.config
[4.393s] -- Installing: /home/crubs/Documents/dev_ws/install/robot_gazebo/share/robot_gazebo/worlds/models/plante_cdf
[4.394s] -- Installing: /home/crubs/Documents/dev_ws/install/robot_gazebo/share/robot_gazebo/worlds/models/plante_cdf/textures
[4.394s] -- Installing: /home/crubs/Documents/dev_ws/install/robot_gazebo/share/robot_gazebo/worlds/models/plante_cdf/meshes
[4.395s] -- Installing: /home/crubs/Documents/dev_ws/install/robot_gazebo/share/robot_gazebo/worlds/models/plante_cdf/meshes/plante.dae
[4.442s] -- Installing: /home/crubs/Documents/dev_ws/install/robot_gazebo/share/robot_gazebo/worlds/models/plante_cdf/model.sdf
[4.443s] -- Installing: /home/crubs/Documents/dev_ws/install/robot_gazebo/share/robot_gazebo/worlds/models/plante_cdf/model.config
[4.444s] -- Installing: /home/crubs/Documents/dev_ws/install/robot_gazebo/share/robot_gazebo/worlds/models/table_eurobot_2020
[4.444s] -- Installing: /home/crubs/Documents/dev_ws/install/robot_gazebo/share/robot_gazebo/worlds/models/table_eurobot_2020/textures
[4.444s] -- Installing: /home/crubs/Documents/dev_ws/install/robot_gazebo/share/robot_gazebo/worlds/models/table_eurobot_2020/textures/text_sail_the_world.png
[4.449s] -- Installing: /home/crubs/Documents/dev_ws/install/robot_gazebo/share/robot_gazebo/worlds/models/table_eurobot_2020/meshes
[4.449s] -- Installing: /home/crubs/Documents/dev_ws/install/robot_gazebo/share/robot_gazebo/worlds/models/table_eurobot_2020/meshes/text_sail_the_world.png
[4.456s] -- Installing: /home/crubs/Documents/dev_ws/install/robot_gazebo/share/robot_gazebo/worlds/models/table_eurobot_2020/meshes/tableSansPanneau.dae
[4.464s] -- Installing: /home/crubs/Documents/dev_ws/install/robot_gazebo/share/robot_gazebo/worlds/models/table_eurobot_2020/model.sdf
[4.465s] -- Installing: /home/crubs/Documents/dev_ws/install/robot_gazebo/share/robot_gazebo/worlds/models/table_eurobot_2020/model.config
[4.466s] -- Installing: /home/crubs/Documents/dev_ws/install/robot_gazebo/share/ament_index/resource_index/package_run_dependencies/robot_gazebo
[4.466s] -- Installing: /home/crubs/Documents/dev_ws/install/robot_gazebo/share/ament_index/resource_index/parent_prefix_path/robot_gazebo
[4.466s] -- Installing: /home/crubs/Documents/dev_ws/install/robot_gazebo/share/robot_gazebo/environment/ament_prefix_path.sh
[4.466s] -- Installing: /home/crubs/Documents/dev_ws/install/robot_gazebo/share/robot_gazebo/environment/ament_prefix_path.dsv
[4.467s] -- Installing: /home/crubs/Documents/dev_ws/install/robot_gazebo/share/robot_gazebo/environment/path.sh
[4.467s] -- Installing: /home/crubs/Documents/dev_ws/install/robot_gazebo/share/robot_gazebo/environment/path.dsv
[4.470s] -- Installing: /home/crubs/Documents/dev_ws/install/robot_gazebo/share/robot_gazebo/local_setup.bash
[4.471s] -- Installing: /home/crubs/Documents/dev_ws/install/robot_gazebo/share/robot_gazebo/local_setup.sh
[4.474s] -- Installing: /home/crubs/Documents/dev_ws/install/robot_gazebo/share/robot_gazebo/local_setup.zsh
[4.475s] -- Installing: /home/crubs/Documents/dev_ws/install/robot_gazebo/share/robot_gazebo/local_setup.dsv
[4.475s] -- Installing: /home/crubs/Documents/dev_ws/install/robot_gazebo/share/robot_gazebo/package.dsv
[4.475s] -- Installing: /home/crubs/Documents/dev_ws/install/robot_gazebo/share/ament_index/resource_index/packages/robot_gazebo
[4.475s] -- Installing: /home/crubs/Documents/dev_ws/install/robot_gazebo/share/robot_gazebo/cmake/robot_gazeboConfig.cmake
[4.475s] -- Installing: /home/crubs/Documents/dev_ws/install/robot_gazebo/share/robot_gazebo/cmake/robot_gazeboConfig-version.cmake
[4.475s] -- Installing: /home/crubs/Documents/dev_ws/install/robot_gazebo/share/robot_gazebo/package.xml
[4.483s] Invoked command in '/home/crubs/Documents/dev_ws/build/robot_gazebo' returned '0': CMAKE_PREFIX_PATH=${CMAKE_PREFIX_PATH}:/home/crubs/Documents/dev_ws/install/robot_sensors:/home/crubs/Documents/dev_ws/install/robot_communication:/home/crubs/Documents/dev_ws/install/robot_camera:/home/crubs/Documents/dev_ws/install/robot_accessories:/home/crubs/Documents/dev_ws/install/imu_package:/opt/ros/jazzy DEBUGINFOD_URLS=https://debuginfod.ubuntu.com PS1=(ros2_env) \[\e]0;\u@\h: \w\a\]${debian_chroot:+($debian_chroot)}\[\033[01;32m\]\u@\h\[\033[00m\]:\[\033[01;34m\]\w\[\033[00m\]\$ VIRTUAL_ENV_PROMPT=(ros2_env) /usr/bin/cmake --install /home/crubs/Documents/dev_ws/build/robot_gazebo
