/home/crubs/ros2_env/lib/python3.12/site-packages/setuptools/_distutils/dist.py:261: UserWarning: Unknown distribution option: 'tests_require'
  warnings.warn(msg)
running egg_info
creating ../../build/robot_communication/robot_communication.egg-info
writing ../../build/robot_communication/robot_communication.egg-info/PKG-INFO
writing dependency_links to ../../build/robot_communication/robot_communication.egg-info/dependency_links.txt
writing entry points to ../../build/robot_communication/robot_communication.egg-info/entry_points.txt
writing requirements to ../../build/robot_communication/robot_communication.egg-info/requires.txt
writing top-level names to ../../build/robot_communication/robot_communication.egg-info/top_level.txt
writing manifest file '../../build/robot_communication/robot_communication.egg-info/SOURCES.txt'
reading manifest file '../../build/robot_communication/robot_communication.egg-info/SOURCES.txt'
writing manifest file '../../build/robot_communication/robot_communication.egg-info/SOURCES.txt'
running build
running build_py
creating /home/crubs/Documents/dev_ws/build/robot_communication/build/lib/robot_communication
copying robot_communication/interfaceGPIO.py -> /home/crubs/Documents/dev_ws/build/robot_communication/build/lib/robot_communication
copying robot_communication/__init__.py -> /home/crubs/Documents/dev_ws/build/robot_communication/build/lib/robot_communication
copying robot_communication/testI2C.py -> /home/crubs/Documents/dev_ws/build/robot_communication/build/lib/robot_communication
copying robot_communication/interfacePAMI.py -> /home/crubs/Documents/dev_ws/build/robot_communication/build/lib/robot_communication
copying robot_communication/robotI2C.py -> /home/crubs/Documents/dev_ws/build/robot_communication/build/lib/robot_communication
copying robot_communication/interfaceI2C.py -> /home/crubs/Documents/dev_ws/build/robot_communication/build/lib/robot_communication
copying robot_communication/moteurI2C.py -> /home/crubs/Documents/dev_ws/build/robot_communication/build/lib/robot_communication
running install
running install_lib
creating /home/crubs/Documents/dev_ws/install/robot_communication/lib/python3.12/site-packages/robot_communication
copying /home/crubs/Documents/dev_ws/build/robot_communication/build/lib/robot_communication/interfaceGPIO.py -> /home/crubs/Documents/dev_ws/install/robot_communication/lib/python3.12/site-packages/robot_communication
copying /home/crubs/Documents/dev_ws/build/robot_communication/build/lib/robot_communication/__init__.py -> /home/crubs/Documents/dev_ws/install/robot_communication/lib/python3.12/site-packages/robot_communication
copying /home/crubs/Documents/dev_ws/build/robot_communication/build/lib/robot_communication/testI2C.py -> /home/crubs/Documents/dev_ws/install/robot_communication/lib/python3.12/site-packages/robot_communication
copying /home/crubs/Documents/dev_ws/build/robot_communication/build/lib/robot_communication/interfacePAMI.py -> /home/crubs/Documents/dev_ws/install/robot_communication/lib/python3.12/site-packages/robot_communication
copying /home/crubs/Documents/dev_ws/build/robot_communication/build/lib/robot_communication/robotI2C.py -> /home/crubs/Documents/dev_ws/install/robot_communication/lib/python3.12/site-packages/robot_communication
copying /home/crubs/Documents/dev_ws/build/robot_communication/build/lib/robot_communication/interfaceI2C.py -> /home/crubs/Documents/dev_ws/install/robot_communication/lib/python3.12/site-packages/robot_communication
copying /home/crubs/Documents/dev_ws/build/robot_communication/build/lib/robot_communication/moteurI2C.py -> /home/crubs/Documents/dev_ws/install/robot_communication/lib/python3.12/site-packages/robot_communication
byte-compiling /home/crubs/Documents/dev_ws/install/robot_communication/lib/python3.12/site-packages/robot_communication/interfaceGPIO.py to interfaceGPIO.cpython-312.pyc
byte-compiling /home/crubs/Documents/dev_ws/install/robot_communication/lib/python3.12/site-packages/robot_communication/__init__.py to __init__.cpython-312.pyc
byte-compiling /home/crubs/Documents/dev_ws/install/robot_communication/lib/python3.12/site-packages/robot_communication/testI2C.py to testI2C.cpython-312.pyc
byte-compiling /home/crubs/Documents/dev_ws/install/robot_communication/lib/python3.12/site-packages/robot_communication/interfacePAMI.py to interfacePAMI.cpython-312.pyc
byte-compiling /home/crubs/Documents/dev_ws/install/robot_communication/lib/python3.12/site-packages/robot_communication/robotI2C.py to robotI2C.cpython-312.pyc
byte-compiling /home/crubs/Documents/dev_ws/install/robot_communication/lib/python3.12/site-packages/robot_communication/interfaceI2C.py to interfaceI2C.cpython-312.pyc
byte-compiling /home/crubs/Documents/dev_ws/install/robot_communication/lib/python3.12/site-packages/robot_communication/moteurI2C.py to moteurI2C.cpython-312.pyc
running install_data
creating /home/crubs/Documents/dev_ws/install/robot_communication/share/ament_index/resource_index/packages
copying resource/robot_communication -> /home/crubs/Documents/dev_ws/install/robot_communication/share/ament_index/resource_index/packages
copying package.xml -> /home/crubs/Documents/dev_ws/install/robot_communication/share/robot_communication
running install_egg_info
Copying ../../build/robot_communication/robot_communication.egg-info to /home/crubs/Documents/dev_ws/install/robot_communication/lib/python3.12/site-packages/robot_communication-0.0.0-py3.12.egg-info
running install_scripts
Installing interfaceGPIO script to /home/crubs/Documents/dev_ws/install/robot_communication/lib/robot_communication
Installing interfaceI2C script to /home/crubs/Documents/dev_ws/install/robot_communication/lib/robot_communication
Installing interfacePAMI script to /home/crubs/Documents/dev_ws/install/robot_communication/lib/robot_communication
Installing moteurI2C script to /home/crubs/Documents/dev_ws/install/robot_communication/lib/robot_communication
Installing robotI2C script to /home/crubs/Documents/dev_ws/install/robot_communication/lib/robot_communication
Installing testI2C script to /home/crubs/Documents/dev_ws/install/robot_communication/lib/robot_communication
writing list of installed files to '/home/crubs/Documents/dev_ws/build/robot_communication/install.log'
