[5.897s] Invoking command in '/home/crubs/Documents/dev_ws/src/robot_communication': DEBUGINFOD_URLS=https://debuginfod.ubuntu.com PS1=(ros2_env) \[\e]0;\u@\h: \w\a\]${debian_chroot:+($debian_chroot)}\[\033[01;32m\]\u@\h\[\033[00m\]:\[\033[01;34m\]\w\[\033[00m\]\$ PYTHONPATH=/home/crubs/Documents/dev_ws/build/robot_communication/prefix_override:/usr/lib/python3/dist-packages/colcon_core/task/python/colcon_distutils_commands:/home/crubs/Documents/dev_ws/install/robot_communication/lib/python3.12/site-packages:${PYTHONPATH} VIRTUAL_ENV_PROMPT=(ros2_env) /usr/bin/python3 -W ignore:setup.py install is deprecated -W ignore:easy_install command is deprecated setup.py egg_info --egg-base ../../build/robot_communication build --build-base /home/crubs/Documents/dev_ws/build/robot_communication/build install --record /home/crubs/Documents/dev_ws/build/robot_communication/install.log --single-version-externally-managed install_data
[7.193s] /home/crubs/ros2_env/lib/python3.12/site-packages/setuptools/_distutils/dist.py:261: UserWarning: Unknown distribution option: 'tests_require'
[7.193s]   warnings.warn(msg)
[8.214s] running egg_info
[8.216s] creating ../../build/robot_communication/robot_communication.egg-info
[8.407s] writing ../../build/robot_communication/robot_communication.egg-info/PKG-INFO
[8.408s] writing dependency_links to ../../build/robot_communication/robot_communication.egg-info/dependency_links.txt
[8.410s] writing entry points to ../../build/robot_communication/robot_communication.egg-info/entry_points.txt
[8.410s] writing requirements to ../../build/robot_communication/robot_communication.egg-info/requires.txt
[8.410s] writing top-level names to ../../build/robot_communication/robot_communication.egg-info/top_level.txt
[8.411s] writing manifest file '../../build/robot_communication/robot_communication.egg-info/SOURCES.txt'
[8.671s] reading manifest file '../../build/robot_communication/robot_communication.egg-info/SOURCES.txt'
[8.674s] writing manifest file '../../build/robot_communication/robot_communication.egg-info/SOURCES.txt'
[8.679s] running build
[8.679s] running build_py
[8.680s] creating /home/crubs/Documents/dev_ws/build/robot_communication/build/lib/robot_communication
[8.680s] copying robot_communication/interfaceGPIO.py -> /home/crubs/Documents/dev_ws/build/robot_communication/build/lib/robot_communication
[8.680s] copying robot_communication/__init__.py -> /home/crubs/Documents/dev_ws/build/robot_communication/build/lib/robot_communication
[8.681s] copying robot_communication/testI2C.py -> /home/crubs/Documents/dev_ws/build/robot_communication/build/lib/robot_communication
[8.681s] copying robot_communication/interfacePAMI.py -> /home/crubs/Documents/dev_ws/build/robot_communication/build/lib/robot_communication
[8.684s] copying robot_communication/robotI2C.py -> /home/crubs/Documents/dev_ws/build/robot_communication/build/lib/robot_communication
[8.685s] copying robot_communication/interfaceI2C.py -> /home/crubs/Documents/dev_ws/build/robot_communication/build/lib/robot_communication
[8.686s] copying robot_communication/moteurI2C.py -> /home/crubs/Documents/dev_ws/build/robot_communication/build/lib/robot_communication
[8.689s] running install
[8.716s] running install_lib
[8.883s] creating /home/crubs/Documents/dev_ws/install/robot_communication/lib/python3.12/site-packages/robot_communication
[8.883s] copying /home/crubs/Documents/dev_ws/build/robot_communication/build/lib/robot_communication/interfaceGPIO.py -> /home/crubs/Documents/dev_ws/install/robot_communication/lib/python3.12/site-packages/robot_communication
[8.888s] copying /home/crubs/Documents/dev_ws/build/robot_communication/build/lib/robot_communication/__init__.py -> /home/crubs/Documents/dev_ws/install/robot_communication/lib/python3.12/site-packages/robot_communication
[8.888s] copying /home/crubs/Documents/dev_ws/build/robot_communication/build/lib/robot_communication/testI2C.py -> /home/crubs/Documents/dev_ws/install/robot_communication/lib/python3.12/site-packages/robot_communication
[8.888s] copying /home/crubs/Documents/dev_ws/build/robot_communication/build/lib/robot_communication/interfacePAMI.py -> /home/crubs/Documents/dev_ws/install/robot_communication/lib/python3.12/site-packages/robot_communication
[8.889s] copying /home/crubs/Documents/dev_ws/build/robot_communication/build/lib/robot_communication/robotI2C.py -> /home/crubs/Documents/dev_ws/install/robot_communication/lib/python3.12/site-packages/robot_communication
[8.889s] copying /home/crubs/Documents/dev_ws/build/robot_communication/build/lib/robot_communication/interfaceI2C.py -> /home/crubs/Documents/dev_ws/install/robot_communication/lib/python3.12/site-packages/robot_communication
[8.889s] copying /home/crubs/Documents/dev_ws/build/robot_communication/build/lib/robot_communication/moteurI2C.py -> /home/crubs/Documents/dev_ws/install/robot_communication/lib/python3.12/site-packages/robot_communication
[8.892s] byte-compiling /home/crubs/Documents/dev_ws/install/robot_communication/lib/python3.12/site-packages/robot_communication/interfaceGPIO.py to interfaceGPIO.cpython-312.pyc
[8.894s] byte-compiling /home/crubs/Documents/dev_ws/install/robot_communication/lib/python3.12/site-packages/robot_communication/__init__.py to __init__.cpython-312.pyc
[8.895s] byte-compiling /home/crubs/Documents/dev_ws/install/robot_communication/lib/python3.12/site-packages/robot_communication/testI2C.py to testI2C.cpython-312.pyc
[8.902s] byte-compiling /home/crubs/Documents/dev_ws/install/robot_communication/lib/python3.12/site-packages/robot_communication/interfacePAMI.py to interfacePAMI.cpython-312.pyc
[8.903s] byte-compiling /home/crubs/Documents/dev_ws/install/robot_communication/lib/python3.12/site-packages/robot_communication/robotI2C.py to robotI2C.cpython-312.pyc
[8.908s] byte-compiling /home/crubs/Documents/dev_ws/install/robot_communication/lib/python3.12/site-packages/robot_communication/interfaceI2C.py to interfaceI2C.cpython-312.pyc
[8.921s] byte-compiling /home/crubs/Documents/dev_ws/install/robot_communication/lib/python3.12/site-packages/robot_communication/moteurI2C.py to moteurI2C.cpython-312.pyc
[8.922s] running install_data
[8.923s] creating /home/crubs/Documents/dev_ws/install/robot_communication/share/ament_index/resource_index/packages
[8.924s] copying resource/robot_communication -> /home/crubs/Documents/dev_ws/install/robot_communication/share/ament_index/resource_index/packages
[8.930s] copying package.xml -> /home/crubs/Documents/dev_ws/install/robot_communication/share/robot_communication
[8.930s] running install_egg_info
[9.089s] Copying ../../build/robot_communication/robot_communication.egg-info to /home/crubs/Documents/dev_ws/install/robot_communication/lib/python3.12/site-packages/robot_communication-0.0.0-py3.12.egg-info
[9.097s] running install_scripts
[9.667s] Installing interfaceGPIO script to /home/crubs/Documents/dev_ws/install/robot_communication/lib/robot_communication
[9.667s] Installing interfaceI2C script to /home/crubs/Documents/dev_ws/install/robot_communication/lib/robot_communication
[9.668s] Installing interfacePAMI script to /home/crubs/Documents/dev_ws/install/robot_communication/lib/robot_communication
[9.668s] Installing moteurI2C script to /home/crubs/Documents/dev_ws/install/robot_communication/lib/robot_communication
[9.668s] Installing robotI2C script to /home/crubs/Documents/dev_ws/install/robot_communication/lib/robot_communication
[9.669s] Installing testI2C script to /home/crubs/Documents/dev_ws/install/robot_communication/lib/robot_communication
[9.672s] writing list of installed files to '/home/crubs/Documents/dev_ws/build/robot_communication/install.log'
[9.804s] Invoked command in '/home/crubs/Documents/dev_ws/src/robot_communication' returned '0': DEBUGINFOD_URLS=https://debuginfod.ubuntu.com PS1=(ros2_env) \[\e]0;\u@\h: \w\a\]${debian_chroot:+($debian_chroot)}\[\033[01;32m\]\u@\h\[\033[00m\]:\[\033[01;34m\]\w\[\033[00m\]\$ PYTHONPATH=/home/crubs/Documents/dev_ws/build/robot_communication/prefix_override:/usr/lib/python3/dist-packages/colcon_core/task/python/colcon_distutils_commands:/home/crubs/Documents/dev_ws/install/robot_communication/lib/python3.12/site-packages:${PYTHONPATH} VIRTUAL_ENV_PROMPT=(ros2_env) /usr/bin/python3 -W ignore:setup.py install is deprecated -W ignore:easy_install command is deprecated setup.py egg_info --egg-base ../../build/robot_communication build --build-base /home/crubs/Documents/dev_ws/build/robot_communication/build install --record /home/crubs/Documents/dev_ws/build/robot_communication/install.log --single-version-externally-managed install_data
