[2.473s] Invoking command in '/home/crubs/Documents/dev_ws/src/imu_package': DEBUGINFOD_URLS=https://debuginfod.ubuntu.com PYTHONPATH=/home/crubs/Documents/dev_ws/build/imu_package/prefix_override:/usr/lib/python3/dist-packages/colcon_core/task/python/colcon_distutils_commands:/home/crubs/Documents/dev_ws/install/imu_package/lib/python3.12/site-packages:${PYTHONPATH} /usr/bin/python3 -W ignore:setup.py install is deprecated -W ignore:easy_install command is deprecated setup.py egg_info --egg-base ../../build/imu_package build --build-base /home/crubs/Documents/dev_ws/build/imu_package/build install --record /home/crubs/Documents/dev_ws/build/imu_package/install.log --single-version-externally-managed install_data
[3.013s] running egg_info
[3.054s] writing ../../build/imu_package/imu_package.egg-info/PKG-INFO
[3.055s] writing dependency_links to ../../build/imu_package/imu_package.egg-info/dependency_links.txt
[3.058s] writing entry points to ../../build/imu_package/imu_package.egg-info/entry_points.txt
[3.058s] writing requirements to ../../build/imu_package/imu_package.egg-info/requires.txt
[3.059s] writing top-level names to ../../build/imu_package/imu_package.egg-info/top_level.txt
[3.139s] reading manifest file '../../build/imu_package/imu_package.egg-info/SOURCES.txt'
[3.141s] writing manifest file '../../build/imu_package/imu_package.egg-info/SOURCES.txt'
[3.142s] running build
[3.142s] running build_py
[3.145s] running install
[3.156s] running install_lib
[3.196s] running install_data
[3.197s] running install_egg_info
[3.235s] removing '/home/crubs/Documents/dev_ws/install/imu_package/lib/python3.12/site-packages/imu_package-0.0.0-py3.12.egg-info' (and everything under it)
[3.235s] Copying ../../build/imu_package/imu_package.egg-info to /home/crubs/Documents/dev_ws/install/imu_package/lib/python3.12/site-packages/imu_package-0.0.0-py3.12.egg-info
[3.237s] running install_scripts
[3.478s] Installing cmd_test script to /home/crubs/Documents/dev_ws/install/imu_package/lib/imu_package
[3.486s] Installing imu_main script to /home/crubs/Documents/dev_ws/install/imu_package/lib/imu_package
[3.487s] Installing move_2sec script to /home/crubs/Documents/dev_ws/install/imu_package/lib/imu_package
[3.488s] Installing wheel_listener script to /home/crubs/Documents/dev_ws/install/imu_package/lib/imu_package
[3.490s] writing list of installed files to '/home/crubs/Documents/dev_ws/build/imu_package/install.log'
[3.645s] Invoked command in '/home/crubs/Documents/dev_ws/src/imu_package' returned '0': DEBUGINFOD_URLS=https://debuginfod.ubuntu.com PYTHONPATH=/home/crubs/Documents/dev_ws/build/imu_package/prefix_override:/usr/lib/python3/dist-packages/colcon_core/task/python/colcon_distutils_commands:/home/crubs/Documents/dev_ws/install/imu_package/lib/python3.12/site-packages:${PYTHONPATH} /usr/bin/python3 -W ignore:setup.py install is deprecated -W ignore:easy_install command is deprecated setup.py egg_info --egg-base ../../build/imu_package build --build-base /home/crubs/Documents/dev_ws/build/imu_package/build install --record /home/crubs/Documents/dev_ws/build/imu_package/install.log --single-version-externally-managed install_data
