[1.275s] Invoking command in '/home/crubs/Documents/dev_ws/src/imu_package': DEBUGINFOD_URLS=https://debuginfod.ubuntu.com PS1=(ros2_env) \[\e]0;\u@\h: \w\a\]${debian_chroot:+($debian_chroot)}\[\033[01;32m\]\u@\h\[\033[00m\]:\[\033[01;34m\]\w\[\033[00m\]\$ PYTHONPATH=/home/crubs/Documents/dev_ws/build/imu_package/prefix_override:/usr/lib/python3/dist-packages/colcon_core/task/python/colcon_distutils_commands:/home/crubs/Documents/dev_ws/install/imu_package/lib/python3.12/site-packages:${PYTHONPATH} VIRTUAL_ENV_PROMPT=(ros2_env) /usr/bin/python3 -W ignore:setup.py install is deprecated -W ignore:easy_install command is deprecated setup.py egg_info --egg-base ../../build/imu_package build --build-base /home/crubs/Documents/dev_ws/build/imu_package/build install --record /home/crubs/Documents/dev_ws/build/imu_package/install.log --single-version-externally-managed install_data
[1.518s] /home/crubs/ros2_env/lib/python3.12/site-packages/setuptools/_distutils/dist.py:261: UserWarning: Unknown distribution option: 'tests_require'
[1.518s]   warnings.warn(msg)
[1.706s] running egg_info
[1.736s] writing ../../build/imu_package/imu_package.egg-info/PKG-INFO
[1.737s] writing dependency_links to ../../build/imu_package/imu_package.egg-info/dependency_links.txt
[1.739s] writing entry points to ../../build/imu_package/imu_package.egg-info/entry_points.txt
[1.740s] writing requirements to ../../build/imu_package/imu_package.egg-info/requires.txt
[1.741s] writing top-level names to ../../build/imu_package/imu_package.egg-info/top_level.txt
[1.807s] reading manifest file '../../build/imu_package/imu_package.egg-info/SOURCES.txt'
[1.809s] writing manifest file '../../build/imu_package/imu_package.egg-info/SOURCES.txt'
[1.812s] running build
[1.812s] running build_py
[1.812s] copying imu_package/cmd_test.py -> /home/crubs/Documents/dev_ws/build/imu_package/build/lib/imu_package
[1.813s] copying imu_package/move_forward_2sec.py -> /home/crubs/Documents/dev_ws/build/imu_package/build/lib/imu_package
[1.813s] copying imu_package/__init__.py -> /home/crubs/Documents/dev_ws/build/imu_package/build/lib/imu_package
[1.813s] copying imu_package/imu_main.py -> /home/crubs/Documents/dev_ws/build/imu_package/build/lib/imu_package
[1.813s] copying imu_package/wheel_listener.py -> /home/crubs/Documents/dev_ws/build/imu_package/build/lib/imu_package
[1.814s] copying imu_package/submodules/kayak_function.py -> /home/crubs/Documents/dev_ws/build/imu_package/build/lib/imu_package/submodules
[1.814s] copying imu_package/submodules/madgwick.py -> /home/crubs/Documents/dev_ws/build/imu_package/build/lib/imu_package/submodules
[1.814s] running install
[1.823s] running install_lib
[1.855s] copying /home/crubs/Documents/dev_ws/build/imu_package/build/lib/imu_package/move_forward_2sec.py -> /home/crubs/Documents/dev_ws/install/imu_package/lib/python3.12/site-packages/imu_package
[1.856s] byte-compiling /home/crubs/Documents/dev_ws/install/imu_package/lib/python3.12/site-packages/imu_package/move_forward_2sec.py to move_forward_2sec.cpython-312.pyc
[1.857s] running install_data
[1.858s] copying resource/imu_package -> /home/crubs/Documents/dev_ws/install/imu_package/share/ament_index/resource_index/packages
[1.858s] copying package.xml -> /home/crubs/Documents/dev_ws/install/imu_package/share/imu_package
[1.858s] copying launch/position.launch.py -> /home/crubs/Documents/dev_ws/install/imu_package/share/imu_package/launch
[1.859s] copying config/ekf.yaml -> /home/crubs/Documents/dev_ws/install/imu_package/share/imu_package/config
[1.859s] running install_egg_info
[1.891s] removing '/home/crubs/Documents/dev_ws/install/imu_package/lib/python3.12/site-packages/imu_package-0.0.0-py3.12.egg-info' (and everything under it)
[1.891s] Copying ../../build/imu_package/imu_package.egg-info to /home/crubs/Documents/dev_ws/install/imu_package/lib/python3.12/site-packages/imu_package-0.0.0-py3.12.egg-info
[1.892s] running install_scripts
[2.076s] Installing cmd_test script to /home/crubs/Documents/dev_ws/install/imu_package/lib/imu_package
[2.077s] Installing imu_main script to /home/crubs/Documents/dev_ws/install/imu_package/lib/imu_package
[2.079s] Installing move_forward2sec script to /home/crubs/Documents/dev_ws/install/imu_package/lib/imu_package
[2.080s] Installing wheel_listener script to /home/crubs/Documents/dev_ws/install/imu_package/lib/imu_package
[2.081s] writing list of installed files to '/home/crubs/Documents/dev_ws/build/imu_package/install.log'
[2.161s] Invoked command in '/home/crubs/Documents/dev_ws/src/imu_package' returned '0': DEBUGINFOD_URLS=https://debuginfod.ubuntu.com PS1=(ros2_env) \[\e]0;\u@\h: \w\a\]${debian_chroot:+($debian_chroot)}\[\033[01;32m\]\u@\h\[\033[00m\]:\[\033[01;34m\]\w\[\033[00m\]\$ PYTHONPATH=/home/crubs/Documents/dev_ws/build/imu_package/prefix_override:/usr/lib/python3/dist-packages/colcon_core/task/python/colcon_distutils_commands:/home/crubs/Documents/dev_ws/install/imu_package/lib/python3.12/site-packages:${PYTHONPATH} VIRTUAL_ENV_PROMPT=(ros2_env) /usr/bin/python3 -W ignore:setup.py install is deprecated -W ignore:easy_install command is deprecated setup.py egg_info --egg-base ../../build/imu_package build --build-base /home/crubs/Documents/dev_ws/build/imu_package/build install --record /home/crubs/Documents/dev_ws/build/imu_package/install.log --single-version-externally-managed install_data
