running egg_info
writing ../../build/robot_communication/robot_communication.egg-info/PKG-INFO
writing dependency_links to ../../build/robot_communication/robot_communication.egg-info/dependency_links.txt
writing entry points to ../../build/robot_communication/robot_communication.egg-info/entry_points.txt
writing requirements to ../../build/robot_communication/robot_communication.egg-info/requires.txt
writing top-level names to ../../build/robot_communication/robot_communication.egg-info/top_level.txt
reading manifest file '../../build/robot_communication/robot_communication.egg-info/SOURCES.txt'
writing manifest file '../../build/robot_communication/robot_communication.egg-info/SOURCES.txt'
running build
running build_py
running install
running install_lib
running install_data
running install_egg_info
removing '/home/crubs/Documents/dev_ws/install/robot_communication/lib/python3.12/site-packages/robot_communication-0.0.0-py3.12.egg-info' (and everything under it)
Copying ../../build/robot_communication/robot_communication.egg-info to /home/crubs/Documents/dev_ws/install/robot_communication/lib/python3.12/site-packages/robot_communication-0.0.0-py3.12.egg-info
running install_scripts
Installing interfaceGPIO script to /home/crubs/Documents/dev_ws/install/robot_communication/lib/robot_communication
Installing interfaceI2C script to /home/crubs/Documents/dev_ws/install/robot_communication/lib/robot_communication
Installing interfacePAMI script to /home/crubs/Documents/dev_ws/install/robot_communication/lib/robot_communication
Installing moteurI2C script to /home/crubs/Documents/dev_ws/install/robot_communication/lib/robot_communication
Installing robotI2C script to /home/crubs/Documents/dev_ws/install/robot_communication/lib/robot_communication
Installing testI2C script to /home/crubs/Documents/dev_ws/install/robot_communication/lib/robot_communication
writing list of installed files to '/home/crubs/Documents/dev_ws/build/robot_communication/install.log'
