[2.433s] Invoking command in '/home/crubs/Documents/dev_ws/src/robot_accessories': DEBUGINFOD_URLS=https://debuginfod.ubuntu.com PYTHONPATH=/home/crubs/Documents/dev_ws/build/robot_accessories/prefix_override:/usr/lib/python3/dist-packages/colcon_core/task/python/colcon_distutils_commands:/home/crubs/Documents/dev_ws/install/robot_accessories/lib/python3.12/site-packages:${PYTHONPATH} /usr/bin/python3 -W ignore:setup.py install is deprecated -W ignore:easy_install command is deprecated setup.py egg_info --egg-base ../../build/robot_accessories build --build-base /home/crubs/Documents/dev_ws/build/robot_accessories/build install --record /home/crubs/Documents/dev_ws/build/robot_accessories/install.log --single-version-externally-managed install_data
[2.985s] running egg_info
[3.024s] writing ../../build/robot_accessories/robot_accessories.egg-info/PKG-INFO
[3.027s] writing dependency_links to ../../build/robot_accessories/robot_accessories.egg-info/dependency_links.txt
[3.029s] writing entry points to ../../build/robot_accessories/robot_accessories.egg-info/entry_points.txt
[3.030s] writing requirements to ../../build/robot_accessories/robot_accessories.egg-info/requires.txt
[3.031s] writing top-level names to ../../build/robot_accessories/robot_accessories.egg-info/top_level.txt
[3.110s] reading manifest file '../../build/robot_accessories/robot_accessories.egg-info/SOURCES.txt'
[3.115s] writing manifest file '../../build/robot_accessories/robot_accessories.egg-info/SOURCES.txt'
[3.116s] running build
[3.116s] running build_py
[3.120s] running install
[3.131s] running install_lib
[3.167s] running install_data
[3.167s] running install_egg_info
[3.204s] removing '/home/crubs/Documents/dev_ws/install/robot_accessories/lib/python3.12/site-packages/robot_accessories-0.0.0-py3.12.egg-info' (and everything under it)
[3.207s] Copying ../../build/robot_accessories/robot_accessories.egg-info to /home/crubs/Documents/dev_ws/install/robot_accessories/lib/python3.12/site-packages/robot_accessories-0.0.0-py3.12.egg-info
[3.210s] running install_scripts
[3.451s] Installing clock script to /home/crubs/Documents/dev_ws/install/robot_accessories/lib/robot_accessories
[3.452s] Installing lcd_screen_prepare script to /home/crubs/Documents/dev_ws/install/robot_accessories/lib/robot_accessories
[3.455s] Installing lidar_led_prepare script to /home/crubs/Documents/dev_ws/install/robot_accessories/lib/robot_accessories
[3.456s] Installing motors_prepare script to /home/crubs/Documents/dev_ws/install/robot_accessories/lib/robot_accessories
[3.457s] Installing sequence_reader script to /home/crubs/Documents/dev_ws/install/robot_accessories/lib/robot_accessories
[3.458s] Installing servos_prepare script to /home/crubs/Documents/dev_ws/install/robot_accessories/lib/robot_accessories
[3.459s] writing list of installed files to '/home/crubs/Documents/dev_ws/build/robot_accessories/install.log'
[3.594s] Invoked command in '/home/crubs/Documents/dev_ws/src/robot_accessories' returned '0': DEBUGINFOD_URLS=https://debuginfod.ubuntu.com PYTHONPATH=/home/crubs/Documents/dev_ws/build/robot_accessories/prefix_override:/usr/lib/python3/dist-packages/colcon_core/task/python/colcon_distutils_commands:/home/crubs/Documents/dev_ws/install/robot_accessories/lib/python3.12/site-packages:${PYTHONPATH} /usr/bin/python3 -W ignore:setup.py install is deprecated -W ignore:easy_install command is deprecated setup.py egg_info --egg-base ../../build/robot_accessories build --build-base /home/crubs/Documents/dev_ws/build/robot_accessories/build install --record /home/crubs/Documents/dev_ws/build/robot_accessories/install.log --single-version-externally-managed install_data
