-- Install configuration: ""
-- Up-to-date: /home/crubs/Documents/dev_ws/install/robot_gazebo/share/robot_gazebo/launch
-- Up-to-date: /home/crubs/Documents/dev_ws/install/robot_gazebo/share/robot_gazebo/launch/gazebo.launch.py
-- Up-to-date: /home/crubs/Documents/dev_ws/install/robot_gazebo/share/robot_gazebo/worlds
-- Up-to-date: /home/crubs/Documents/dev_ws/install/robot_gazebo/share/robot_gazebo/worlds/mondeCDF24.sdf
-- Up-to-date: /home/crubs/Documents/dev_ws/install/robot_gazebo/share/robot_gazebo/worlds/Plateau_jeu_CdF.sdf
-- Up-to-date: /home/crubs/Documents/dev_ws/install/robot_gazebo/share/robot_gazebo/worlds/models
-- Up-to-date: /home/crubs/Documents/dev_ws/install/robot_gazebo/share/robot_gazebo/worlds/models/suv
-- Up-to-date: /home/crubs/Documents/dev_ws/install/robot_gazebo/share/robot_gazebo/worlds/models/suv/meshes
-- Up-to-date: /home/crubs/Documents/dev_ws/install/robot_gazebo/share/robot_gazebo/worlds/models/suv/meshes/suv.obj
-- Up-to-date: /home/crubs/Documents/dev_ws/install/robot_gazebo/share/robot_gazebo/worlds/models/suv/meshes/plante.obj
-- Up-to-date: /home/crubs/Documents/dev_ws/install/robot_gazebo/share/robot_gazebo/worlds/models/suv/meshes/plante.mtl
-- Up-to-date: /home/crubs/Documents/dev_ws/install/robot_gazebo/share/robot_gazebo/worlds/models/suv/meshes/suv.mtl
-- Up-to-date: /home/crubs/Documents/dev_ws/install/robot_gazebo/share/robot_gazebo/worlds/models/suv/meshes/plante.dae
-- Up-to-date: /home/crubs/Documents/dev_ws/install/robot_gazebo/share/robot_gazebo/worlds/models/suv/model.sdf
-- Up-to-date: /home/crubs/Documents/dev_ws/install/robot_gazebo/share/robot_gazebo/worlds/models/suv/materials
-- Up-to-date: /home/crubs/Documents/dev_ws/install/robot_gazebo/share/robot_gazebo/worlds/models/suv/materials/textures
-- Up-to-date: /home/crubs/Documents/dev_ws/install/robot_gazebo/share/robot_gazebo/worlds/models/suv/materials/textures/suv.png
-- Up-to-date: /home/crubs/Documents/dev_ws/install/robot_gazebo/share/robot_gazebo/worlds/models/suv/materials/textures/wheels_01.png
-- Up-to-date: /home/crubs/Documents/dev_ws/install/robot_gazebo/share/robot_gazebo/worlds/models/suv/model.config
-- Up-to-date: /home/crubs/Documents/dev_ws/install/robot_gazebo/share/robot_gazebo/worlds/models/plante_cdf
-- Up-to-date: /home/crubs/Documents/dev_ws/install/robot_gazebo/share/robot_gazebo/worlds/models/plante_cdf/textures
-- Up-to-date: /home/crubs/Documents/dev_ws/install/robot_gazebo/share/robot_gazebo/worlds/models/plante_cdf/meshes
-- Up-to-date: /home/crubs/Documents/dev_ws/install/robot_gazebo/share/robot_gazebo/worlds/models/plante_cdf/meshes/plante.dae
-- Up-to-date: /home/crubs/Documents/dev_ws/install/robot_gazebo/share/robot_gazebo/worlds/models/plante_cdf/model.sdf
-- Up-to-date: /home/crubs/Documents/dev_ws/install/robot_gazebo/share/robot_gazebo/worlds/models/plante_cdf/model.config
-- Up-to-date: /home/crubs/Documents/dev_ws/install/robot_gazebo/share/robot_gazebo/worlds/models/table_eurobot_2020
-- Up-to-date: /home/crubs/Documents/dev_ws/install/robot_gazebo/share/robot_gazebo/worlds/models/table_eurobot_2020/textures
-- Up-to-date: /home/crubs/Documents/dev_ws/install/robot_gazebo/share/robot_gazebo/worlds/models/table_eurobot_2020/textures/text_sail_the_world.png
-- Up-to-date: /home/crubs/Documents/dev_ws/install/robot_gazebo/share/robot_gazebo/worlds/models/table_eurobot_2020/meshes
-- Up-to-date: /home/crubs/Documents/dev_ws/install/robot_gazebo/share/robot_gazebo/worlds/models/table_eurobot_2020/meshes/text_sail_the_world.png
-- Up-to-date: /home/crubs/Documents/dev_ws/install/robot_gazebo/share/robot_gazebo/worlds/models/table_eurobot_2020/meshes/tableSansPanneau.dae
-- Up-to-date: /home/crubs/Documents/dev_ws/install/robot_gazebo/share/robot_gazebo/worlds/models/table_eurobot_2020/model.sdf
-- Up-to-date: /home/crubs/Documents/dev_ws/install/robot_gazebo/share/robot_gazebo/worlds/models/table_eurobot_2020/model.config
-- Up-to-date: /home/crubs/Documents/dev_ws/install/robot_gazebo/share/ament_index/resource_index/package_run_dependencies/robot_gazebo
-- Up-to-date: /home/crubs/Documents/dev_ws/install/robot_gazebo/share/ament_index/resource_index/parent_prefix_path/robot_gazebo
-- Up-to-date: /home/crubs/Documents/dev_ws/install/robot_gazebo/share/robot_gazebo/environment/ament_prefix_path.sh
-- Up-to-date: /home/crubs/Documents/dev_ws/install/robot_gazebo/share/robot_gazebo/environment/ament_prefix_path.dsv
-- Up-to-date: /home/crubs/Documents/dev_ws/install/robot_gazebo/share/robot_gazebo/environment/path.sh
-- Up-to-date: /home/crubs/Documents/dev_ws/install/robot_gazebo/share/robot_gazebo/environment/path.dsv
-- Up-to-date: /home/crubs/Documents/dev_ws/install/robot_gazebo/share/robot_gazebo/local_setup.bash
-- Up-to-date: /home/crubs/Documents/dev_ws/install/robot_gazebo/share/robot_gazebo/local_setup.sh
-- Up-to-date: /home/crubs/Documents/dev_ws/install/robot_gazebo/share/robot_gazebo/local_setup.zsh
-- Up-to-date: /home/crubs/Documents/dev_ws/install/robot_gazebo/share/robot_gazebo/local_setup.dsv
-- Installing: /home/crubs/Documents/dev_ws/install/robot_gazebo/share/robot_gazebo/package.dsv
-- Up-to-date: /home/crubs/Documents/dev_ws/install/robot_gazebo/share/ament_index/resource_index/packages/robot_gazebo
-- Up-to-date: /home/crubs/Documents/dev_ws/install/robot_gazebo/share/robot_gazebo/cmake/robot_gazeboConfig.cmake
-- Up-to-date: /home/crubs/Documents/dev_ws/install/robot_gazebo/share/robot_gazebo/cmake/robot_gazeboConfig-version.cmake
-- Up-to-date: /home/crubs/Documents/dev_ws/install/robot_gazebo/share/robot_gazebo/package.xml
