[1.856s] Invoking command in '/home/crubs/Documents/dev_ws/src/robot_accessories': DEBUGINFOD_URLS=https://debuginfod.ubuntu.com PS1=(ros2_env) \[\e]0;\u@\h: \w\a\]${debian_chroot:+($debian_chroot)}\[\033[01;32m\]\u@\h\[\033[00m\]:\[\033[01;34m\]\w\[\033[00m\]\$ PYTHONPATH=/home/crubs/Documents/dev_ws/build/robot_accessories/prefix_override:/usr/lib/python3/dist-packages/colcon_core/task/python/colcon_distutils_commands:/home/crubs/Documents/dev_ws/install/robot_accessories/lib/python3.12/site-packages:${PYTHONPATH} VIRTUAL_ENV_PROMPT=(ros2_env) /usr/bin/python3 -W ignore:setup.py install is deprecated setup.py egg_info --egg-base ../../build/robot_accessories build --build-base /home/crubs/Documents/dev_ws/build/robot_accessories/build install --record /home/crubs/Documents/dev_ws/build/robot_accessories/install.log --single-version-externally-managed install_data
[2.210s] /home/crubs/ros2_env/lib/python3.12/site-packages/setuptools/_distutils/dist.py:261: UserWarning: Unknown distribution option: 'tests_require'
[2.211s]   warnings.warn(msg)
[2.500s] running egg_info
[2.501s] creating ../../build/robot_accessories/robot_accessories.egg-info
[2.545s] writing ../../build/robot_accessories/robot_accessories.egg-info/PKG-INFO
[2.546s] writing dependency_links to ../../build/robot_accessories/robot_accessories.egg-info/dependency_links.txt
[2.547s] writing entry points to ../../build/robot_accessories/robot_accessories.egg-info/entry_points.txt
[2.548s] writing requirements to ../../build/robot_accessories/robot_accessories.egg-info/requires.txt
[2.548s] writing top-level names to ../../build/robot_accessories/robot_accessories.egg-info/top_level.txt
[2.549s] writing manifest file '../../build/robot_accessories/robot_accessories.egg-info/SOURCES.txt'
[2.641s] reading manifest file '../../build/robot_accessories/robot_accessories.egg-info/SOURCES.txt'
[2.643s] writing manifest file '../../build/robot_accessories/robot_accessories.egg-info/SOURCES.txt'
[2.644s] running build
[2.646s] running build_py
[2.646s] creating /home/crubs/Documents/dev_ws/build/robot_accessories/build/lib/robot_accessories
[2.647s] copying robot_accessories/__init__.py -> /home/crubs/Documents/dev_ws/build/robot_accessories/build/lib/robot_accessories
[2.648s] copying robot_accessories/matrice.py -> /home/crubs/Documents/dev_ws/build/robot_accessories/build/lib/robot_accessories
[2.649s] copying robot_accessories/servosPrepare.py -> /home/crubs/Documents/dev_ws/build/robot_accessories/build/lib/robot_accessories
[2.649s] copying robot_accessories/velocity_smoother.py -> /home/crubs/Documents/dev_ws/build/robot_accessories/build/lib/robot_accessories
[2.650s] copying robot_accessories/matrice_test.py -> /home/crubs/Documents/dev_ws/build/robot_accessories/build/lib/robot_accessories
[2.651s] copying robot_accessories/clock.py -> /home/crubs/Documents/dev_ws/build/robot_accessories/build/lib/robot_accessories
[2.651s] copying robot_accessories/sequenceRead.py -> /home/crubs/Documents/dev_ws/build/robot_accessories/build/lib/robot_accessories
[2.652s] copying robot_accessories/lcdPrepare.py -> /home/crubs/Documents/dev_ws/build/robot_accessories/build/lib/robot_accessories
[2.653s] copying robot_accessories/sequenceRead copy.py -> /home/crubs/Documents/dev_ws/build/robot_accessories/build/lib/robot_accessories
[2.653s] copying robot_accessories/motorsPrepare.py -> /home/crubs/Documents/dev_ws/build/robot_accessories/build/lib/robot_accessories
[2.654s] copying robot_accessories/lidarLedsPrepare.py -> /home/crubs/Documents/dev_ws/build/robot_accessories/build/lib/robot_accessories
[2.655s] copying robot_accessories/servosPrepareOld.py -> /home/crubs/Documents/dev_ws/build/robot_accessories/build/lib/robot_accessories
[2.659s] running install
[2.667s] running install_lib
[2.709s] creating /home/crubs/Documents/dev_ws/install/robot_accessories/lib/python3.12/site-packages/robot_accessories
[2.711s] copying /home/crubs/Documents/dev_ws/build/robot_accessories/build/lib/robot_accessories/__init__.py -> /home/crubs/Documents/dev_ws/install/robot_accessories/lib/python3.12/site-packages/robot_accessories
[2.711s] copying /home/crubs/Documents/dev_ws/build/robot_accessories/build/lib/robot_accessories/matrice.py -> /home/crubs/Documents/dev_ws/install/robot_accessories/lib/python3.12/site-packages/robot_accessories
[2.712s] copying /home/crubs/Documents/dev_ws/build/robot_accessories/build/lib/robot_accessories/servosPrepare.py -> /home/crubs/Documents/dev_ws/install/robot_accessories/lib/python3.12/site-packages/robot_accessories
[2.713s] copying /home/crubs/Documents/dev_ws/build/robot_accessories/build/lib/robot_accessories/velocity_smoother.py -> /home/crubs/Documents/dev_ws/install/robot_accessories/lib/python3.12/site-packages/robot_accessories
[2.713s] copying /home/crubs/Documents/dev_ws/build/robot_accessories/build/lib/robot_accessories/matrice_test.py -> /home/crubs/Documents/dev_ws/install/robot_accessories/lib/python3.12/site-packages/robot_accessories
[2.714s] copying /home/crubs/Documents/dev_ws/build/robot_accessories/build/lib/robot_accessories/clock.py -> /home/crubs/Documents/dev_ws/install/robot_accessories/lib/python3.12/site-packages/robot_accessories
[2.714s] copying /home/crubs/Documents/dev_ws/build/robot_accessories/build/lib/robot_accessories/sequenceRead.py -> /home/crubs/Documents/dev_ws/install/robot_accessories/lib/python3.12/site-packages/robot_accessories
[2.715s] copying /home/crubs/Documents/dev_ws/build/robot_accessories/build/lib/robot_accessories/lcdPrepare.py -> /home/crubs/Documents/dev_ws/install/robot_accessories/lib/python3.12/site-packages/robot_accessories
[2.715s] copying /home/crubs/Documents/dev_ws/build/robot_accessories/build/lib/robot_accessories/sequenceRead copy.py -> /home/crubs/Documents/dev_ws/install/robot_accessories/lib/python3.12/site-packages/robot_accessories
[2.715s] copying /home/crubs/Documents/dev_ws/build/robot_accessories/build/lib/robot_accessories/motorsPrepare.py -> /home/crubs/Documents/dev_ws/install/robot_accessories/lib/python3.12/site-packages/robot_accessories
[2.716s] copying /home/crubs/Documents/dev_ws/build/robot_accessories/build/lib/robot_accessories/lidarLedsPrepare.py -> /home/crubs/Documents/dev_ws/install/robot_accessories/lib/python3.12/site-packages/robot_accessories
[2.716s] copying /home/crubs/Documents/dev_ws/build/robot_accessories/build/lib/robot_accessories/servosPrepareOld.py -> /home/crubs/Documents/dev_ws/install/robot_accessories/lib/python3.12/site-packages/robot_accessories
[2.718s] byte-compiling /home/crubs/Documents/dev_ws/install/robot_accessories/lib/python3.12/site-packages/robot_accessories/__init__.py to __init__.cpython-312.pyc
[2.719s] byte-compiling /home/crubs/Documents/dev_ws/install/robot_accessories/lib/python3.12/site-packages/robot_accessories/matrice.py to matrice.cpython-312.pyc
[2.720s] byte-compiling /home/crubs/Documents/dev_ws/install/robot_accessories/lib/python3.12/site-packages/robot_accessories/servosPrepare.py to servosPrepare.cpython-312.pyc
[2.726s] byte-compiling /home/crubs/Documents/dev_ws/install/robot_accessories/lib/python3.12/site-packages/robot_accessories/velocity_smoother.py to velocity_smoother.cpython-312.pyc
[2.727s] byte-compiling /home/crubs/Documents/dev_ws/install/robot_accessories/lib/python3.12/site-packages/robot_accessories/matrice_test.py to matrice_test.cpython-312.pyc
[2.727s] byte-compiling /home/crubs/Documents/dev_ws/install/robot_accessories/lib/python3.12/site-packages/robot_accessories/clock.py to clock.cpython-312.pyc
[2.728s] byte-compiling /home/crubs/Documents/dev_ws/install/robot_accessories/lib/python3.12/site-packages/robot_accessories/sequenceRead.py to sequenceRead.cpython-312.pyc
[2.732s] byte-compiling /home/crubs/Documents/dev_ws/install/robot_accessories/lib/python3.12/site-packages/robot_accessories/lcdPrepare.py to lcdPrepare.cpython-312.pyc
[2.734s] byte-compiling /home/crubs/Documents/dev_ws/install/robot_accessories/lib/python3.12/site-packages/robot_accessories/sequenceRead copy.py to sequenceRead copy.cpython-312.pyc
[2.736s] byte-compiling /home/crubs/Documents/dev_ws/install/robot_accessories/lib/python3.12/site-packages/robot_accessories/motorsPrepare.py to motorsPrepare.cpython-312.pyc
[2.738s] byte-compiling /home/crubs/Documents/dev_ws/install/robot_accessories/lib/python3.12/site-packages/robot_accessories/lidarLedsPrepare.py to lidarLedsPrepare.cpython-312.pyc
[2.743s] byte-compiling /home/crubs/Documents/dev_ws/install/robot_accessories/lib/python3.12/site-packages/robot_accessories/servosPrepareOld.py to servosPrepareOld.cpython-312.pyc
[2.743s] running install_data
[2.744s] creating /home/crubs/Documents/dev_ws/install/robot_accessories/share/ament_index/resource_index/packages
[2.745s] copying resource/robot_accessories -> /home/crubs/Documents/dev_ws/install/robot_accessories/share/ament_index/resource_index/packages
[2.746s] copying package.xml -> /home/crubs/Documents/dev_ws/install/robot_accessories/share/robot_accessories
[2.746s] creating /home/crubs/Documents/dev_ws/install/robot_accessories/share/robot_accessories/launch
[2.748s] copying launch/allAccessories.launch.py -> /home/crubs/Documents/dev_ws/install/robot_accessories/share/robot_accessories/launch
[2.748s] running install_egg_info
[2.798s] Copying ../../build/robot_accessories/robot_accessories.egg-info to /home/crubs/Documents/dev_ws/install/robot_accessories/lib/python3.12/site-packages/robot_accessories-0.0.0-py3.12.egg-info
[2.800s] running install_scripts
[3.018s] Installing clock script to /home/crubs/Documents/dev_ws/install/robot_accessories/lib/robot_accessories
[3.018s] Installing lcd_screen_prepare script to /home/crubs/Documents/dev_ws/install/robot_accessories/lib/robot_accessories
[3.018s] Installing lidar_led_prepare script to /home/crubs/Documents/dev_ws/install/robot_accessories/lib/robot_accessories
[3.019s] Installing motors_prepare script to /home/crubs/Documents/dev_ws/install/robot_accessories/lib/robot_accessories
[3.019s] Installing sequence_reader script to /home/crubs/Documents/dev_ws/install/robot_accessories/lib/robot_accessories
[3.020s] Installing servos_prepare script to /home/crubs/Documents/dev_ws/install/robot_accessories/lib/robot_accessories
[3.021s] writing list of installed files to '/home/crubs/Documents/dev_ws/build/robot_accessories/install.log'
[3.157s] Invoked command in '/home/crubs/Documents/dev_ws/src/robot_accessories' returned '0': DEBUGINFOD_URLS=https://debuginfod.ubuntu.com PS1=(ros2_env) \[\e]0;\u@\h: \w\a\]${debian_chroot:+($debian_chroot)}\[\033[01;32m\]\u@\h\[\033[00m\]:\[\033[01;34m\]\w\[\033[00m\]\$ PYTHONPATH=/home/crubs/Documents/dev_ws/build/robot_accessories/prefix_override:/usr/lib/python3/dist-packages/colcon_core/task/python/colcon_distutils_commands:/home/crubs/Documents/dev_ws/install/robot_accessories/lib/python3.12/site-packages:${PYTHONPATH} VIRTUAL_ENV_PROMPT=(ros2_env) /usr/bin/python3 -W ignore:setup.py install is deprecated setup.py egg_info --egg-base ../../build/robot_accessories build --build-base /home/crubs/Documents/dev_ws/build/robot_accessories/build install --record /home/crubs/Documents/dev_ws/build/robot_accessories/install.log --single-version-externally-managed install_data
