[1.670s] Invoking command in '/home/crubs/Documents/dev_ws/src/robot_camera': DEBUGINFOD_URLS=https://debuginfod.ubuntu.com PYTHONPATH=/home/crubs/Documents/dev_ws/build/robot_camera/prefix_override:/usr/lib/python3/dist-packages/colcon_core/task/python/colcon_distutils_commands:/home/crubs/Documents/dev_ws/install/robot_camera/lib/python3.12/site-packages:${PYTHONPATH} /usr/bin/python3 -W ignore:setup.py install is deprecated -W ignore:easy_install command is deprecated setup.py egg_info --egg-base ../../build/robot_camera build --build-base /home/crubs/Documents/dev_ws/build/robot_camera/build install --record /home/crubs/Documents/dev_ws/build/robot_camera/install.log --single-version-externally-managed install_data
[2.149s] running egg_info
[2.188s] writing ../../build/robot_camera/robot_camera.egg-info/PKG-INFO
[2.191s] writing dependency_links to ../../build/robot_camera/robot_camera.egg-info/dependency_links.txt
[2.192s] writing entry points to ../../build/robot_camera/robot_camera.egg-info/entry_points.txt
[2.192s] writing requirements to ../../build/robot_camera/robot_camera.egg-info/requires.txt
[2.193s] writing top-level names to ../../build/robot_camera/robot_camera.egg-info/top_level.txt
[2.264s] reading manifest file '../../build/robot_camera/robot_camera.egg-info/SOURCES.txt'
[2.267s] writing manifest file '../../build/robot_camera/robot_camera.egg-info/SOURCES.txt'
[2.267s] running build
[2.267s] running build_py
[2.269s] running install
[2.284s] running install_lib
[2.323s] running install_data
[2.323s] running install_egg_info
[2.359s] removing '/home/crubs/Documents/dev_ws/install/robot_camera/lib/python3.12/site-packages/robot_camera-0.0.0-py3.12.egg-info' (and everything under it)
[2.360s] Copying ../../build/robot_camera/robot_camera.egg-info to /home/crubs/Documents/dev_ws/install/robot_camera/lib/python3.12/site-packages/robot_camera-0.0.0-py3.12.egg-info
[2.364s] running install_scripts
[2.638s] Installing detection_node script to /home/crubs/Documents/dev_ws/install/robot_camera/lib/robot_camera
[2.641s] writing list of installed files to '/home/crubs/Documents/dev_ws/build/robot_camera/install.log'
[2.760s] Invoked command in '/home/crubs/Documents/dev_ws/src/robot_camera' returned '0': DEBUGINFOD_URLS=https://debuginfod.ubuntu.com PYTHONPATH=/home/crubs/Documents/dev_ws/build/robot_camera/prefix_override:/usr/lib/python3/dist-packages/colcon_core/task/python/colcon_distutils_commands:/home/crubs/Documents/dev_ws/install/robot_camera/lib/python3.12/site-packages:${PYTHONPATH} /usr/bin/python3 -W ignore:setup.py install is deprecated -W ignore:easy_install command is deprecated setup.py egg_info --egg-base ../../build/robot_camera build --build-base /home/crubs/Documents/dev_ws/build/robot_camera/build install --record /home/crubs/Documents/dev_ws/build/robot_camera/install.log --single-version-externally-managed install_data
