-- The C compiler identification is GNU 13.2.0
-- The CXX compiler identification is GNU 13.2.0
-- Detecting C compiler ABI info
-- Detecting C compiler ABI info - done
-- Check for working C compiler: /usr/bin/cc - skipped
-- Detecting C compile features
-- Detecting C compile features - done
-- Detecting CXX compiler ABI info
-- Detecting CXX compiler ABI info - done
-- Check for working CXX compiler: /usr/bin/c++ - skipped
-- Detecting CXX compile features
-- Detecting CXX compile features - done
-- Found PkgConfig: /usr/bin/pkg-config (found version "1.8.1") 
-- Found ament_cmake: 2.5.2 (/opt/ros/jazzy/share/ament_cmake/cmake)
-- Found Python3: /home/crubs/ros2_env/bin/python3 (found version "3.12.3") found components: Interpreter 
-- Found rclcpp: 28.1.5 (/opt/ros/jazzy/share/rclcpp/cmake)
-- Found rosidl_generator_c: 4.6.4 (/opt/ros/jazzy/share/rosidl_generator_c/cmake)
-- Found rosidl_generator_cpp: 4.6.4 (/opt/ros/jazzy/share/rosidl_generator_cpp/cmake)
-- Using all available rosidl_typesupport_c: rosidl_typesupport_fastrtps_c;rosidl_typesupport_introspection_c
-- Using all available rosidl_typesupport_cpp: rosidl_typesupport_fastrtps_cpp;rosidl_typesupport_introspection_cpp
-- Found rmw_implementation_cmake: 7.3.1 (/opt/ros/jazzy/share/rmw_implementation_cmake/cmake)
-- Found rmw_fastrtps_cpp: 8.4.1 (/opt/ros/jazzy/share/rmw_fastrtps_cpp/cmake)
-- Found OpenSSL: /usr/lib/aarch64-linux-gnu/libcrypto.so (found version "3.0.13")  
-- Found FastRTPS: /opt/ros/jazzy/include (Required is at least version "2.13") 
-- Using RMW implementation 'rmw_fastrtps_cpp' as default
-- Found rclcpp_components: 28.1.5 (/opt/ros/jazzy/share/rclcpp_components/cmake)
-- Found sensor_msgs: 5.3.5 (/opt/ros/jazzy/share/sensor_msgs/cmake)
-- Found camera_info_manager: 5.1.4 (/opt/ros/jazzy/share/camera_info_manager/cmake)
-- Setting yaml-cpp_DIR to: '/opt/ros/jazzy/share/yaml_cpp_vendor/cmake/../../../opt/yaml_cpp_vendor/share/cmake/yaml-cpp'
-- Found cv_bridge: 4.1.0 (/opt/ros/jazzy/share/cv_bridge/cmake)
-- Checking for module 'libcamera>=0.1'
--   Found libcamera, version 0.3.2
-- Found ament_lint_auto: 0.17.1 (/opt/ros/jazzy/share/ament_lint_auto/cmake)
-- Added test 'clang_format' to check C / C++ code style
-- Added test 'cppcheck' to perform static code analysis on C / C++ code
-- Configured cppcheck include dirs: $<BUILD_INTERFACE:/home/crubs/Documents/dev_ws/src/camera_ros/include>
-- Configured cppcheck exclude dirs and/or files: 
-- Added test 'flake8' to check Python code syntax and style conventions
-- Configured 'flake8' exclude dirs and/or files: 
-- Added test 'lint_cmake' to check CMake code style
-- Added test 'mypy' to statically type check Python code.
-- Added test 'pep257' to check Python code against some of the docstring style conventions in PEP 257
-- Added test 'pyflakes' to perform static code analysis on Python code
-- Added test 'xmllint' to check XML markup files
-- Configuring done (2.9s)
-- Generating done (0.0s)
-- Build files have been written to: /home/crubs/Documents/dev_ws/build/camera_ros
[  8%] [32mBuilding CXX object CMakeFiles/camera_node.dir/rclcpp_components/node_main_camera_node.cpp.o[0m
[ 16%] [32mBuilding CXX object CMakeFiles/utils.dir/src/clamp.cpp.o[0m
[ 33%] [32mBuilding CXX object CMakeFiles/utils.dir/src/format_mapping.cpp.o[0m
[ 25%] [32mBuilding CXX object CMakeFiles/utils.dir/src/cv_to_pv.cpp.o[0m
[ 41%] [32mBuilding CXX object CMakeFiles/utils.dir/src/parameter_conflict_check.cpp.o[0m
[ 50%] [32mBuilding CXX object CMakeFiles/utils.dir/src/pretty_print.cpp.o[0m
[ 58%] [32mBuilding CXX object CMakeFiles/utils.dir/src/pv_to_cv.cpp.o[0m
[ 66%] [32mBuilding CXX object CMakeFiles/utils.dir/src/types.cpp.o[0m
[ 75%] [32mBuilding CXX object CMakeFiles/utils.dir/src/type_extent.cpp.o[0m
[ 75%] Built target utils
[ 83%] [32mBuilding CXX object CMakeFiles/camera_component.dir/src/CameraNode.cpp.o[0m
[ 91%] [32m[1mLinking CXX executable camera_node[0m
[ 91%] Built target camera_node
[100%] [32m[1mLinking CXX shared library libcamera_component.so[0m
[100%] Built target camera_component
-- Install configuration: ""
-- Installing: /home/crubs/Documents/dev_ws/install/camera_ros/lib/camera_ros/camera_node
-- Set non-toolchain portion of runtime path of "/home/crubs/Documents/dev_ws/install/camera_ros/lib/camera_ros/camera_node" to ""
-- Installing: /home/crubs/Documents/dev_ws/install/camera_ros/lib/libcamera_component.so
-- Set non-toolchain portion of runtime path of "/home/crubs/Documents/dev_ws/install/camera_ros/lib/libcamera_component.so" to ""
-- Installing: /home/crubs/Documents/dev_ws/install/camera_ros/share/camera_ros//launch
-- Installing: /home/crubs/Documents/dev_ws/install/camera_ros/share/camera_ros//launch/camera.launch.py
-- Installing: /home/crubs/Documents/dev_ws/install/camera_ros/share/ament_index/resource_index/package_run_dependencies/camera_ros
-- Installing: /home/crubs/Documents/dev_ws/install/camera_ros/share/ament_index/resource_index/parent_prefix_path/camera_ros
-- Installing: /home/crubs/Documents/dev_ws/install/camera_ros/share/camera_ros/environment/ament_prefix_path.sh
-- Installing: /home/crubs/Documents/dev_ws/install/camera_ros/share/camera_ros/environment/ament_prefix_path.dsv
-- Installing: /home/crubs/Documents/dev_ws/install/camera_ros/share/camera_ros/environment/path.sh
-- Installing: /home/crubs/Documents/dev_ws/install/camera_ros/share/camera_ros/environment/path.dsv
-- Installing: /home/crubs/Documents/dev_ws/install/camera_ros/share/camera_ros/local_setup.bash
-- Installing: /home/crubs/Documents/dev_ws/install/camera_ros/share/camera_ros/local_setup.sh
-- Installing: /home/crubs/Documents/dev_ws/install/camera_ros/share/camera_ros/local_setup.zsh
-- Installing: /home/crubs/Documents/dev_ws/install/camera_ros/share/camera_ros/local_setup.dsv
-- Installing: /home/crubs/Documents/dev_ws/install/camera_ros/share/camera_ros/package.dsv
-- Installing: /home/crubs/Documents/dev_ws/install/camera_ros/share/ament_index/resource_index/packages/camera_ros
-- Installing: /home/crubs/Documents/dev_ws/install/camera_ros/share/ament_index/resource_index/rclcpp_components/camera_ros
-- Installing: /home/crubs/Documents/dev_ws/install/camera_ros/share/camera_ros/cmake/camera_rosConfig.cmake
-- Installing: /home/crubs/Documents/dev_ws/install/camera_ros/share/camera_ros/cmake/camera_rosConfig-version.cmake
-- Installing: /home/crubs/Documents/dev_ws/install/camera_ros/share/camera_ros/package.xml
