[1.595s] Invoking command in '/home/crubs/Documents/dev_ws/src/robot_camera': DEBUGINFOD_URLS=https://debuginfod.ubuntu.com PYTHONPATH=/home/crubs/Documents/dev_ws/build/robot_camera/prefix_override:/usr/lib/python3/dist-packages/colcon_core/task/python/colcon_distutils_commands:/home/crubs/Documents/dev_ws/install/robot_camera/lib/python3.12/site-packages:${PYTHONPATH} /usr/bin/python3 -W ignore:setup.py install is deprecated -W ignore:easy_install command is deprecated setup.py egg_info --egg-base ../../build/robot_camera build --build-base /home/crubs/Documents/dev_ws/build/robot_camera/build install --record /home/crubs/Documents/dev_ws/build/robot_camera/install.log --single-version-externally-managed install_data
[1.985s] running egg_info
[2.014s] writing ../../build/robot_camera/robot_camera.egg-info/PKG-INFO
[2.016s] writing dependency_links to ../../build/robot_camera/robot_camera.egg-info/dependency_links.txt
[2.017s] writing entry points to ../../build/robot_camera/robot_camera.egg-info/entry_points.txt
[2.017s] writing requirements to ../../build/robot_camera/robot_camera.egg-info/requires.txt
[2.018s] writing top-level names to ../../build/robot_camera/robot_camera.egg-info/top_level.txt
[2.079s] reading manifest file '../../build/robot_camera/robot_camera.egg-info/SOURCES.txt'
[2.082s] writing manifest file '../../build/robot_camera/robot_camera.egg-info/SOURCES.txt'
[2.082s] running build
[2.082s] running build_py
[2.084s] running install
[2.094s] running install_lib
[2.126s] running install_data
[2.127s] running install_egg_info
[2.158s] removing '/home/crubs/Documents/dev_ws/install/robot_camera/lib/python3.12/site-packages/robot_camera-0.0.0-py3.12.egg-info' (and everything under it)
[2.159s] Copying ../../build/robot_camera/robot_camera.egg-info to /home/crubs/Documents/dev_ws/install/robot_camera/lib/python3.12/site-packages/robot_camera-0.0.0-py3.12.egg-info
[2.162s] running install_scripts
[2.358s] Installing detection_node script to /home/crubs/Documents/dev_ws/install/robot_camera/lib/robot_camera
[2.361s] writing list of installed files to '/home/crubs/Documents/dev_ws/build/robot_camera/install.log'
[2.446s] Invoked command in '/home/crubs/Documents/dev_ws/src/robot_camera' returned '0': DEBUGINFOD_URLS=https://debuginfod.ubuntu.com PYTHONPATH=/home/crubs/Documents/dev_ws/build/robot_camera/prefix_override:/usr/lib/python3/dist-packages/colcon_core/task/python/colcon_distutils_commands:/home/crubs/Documents/dev_ws/install/robot_camera/lib/python3.12/site-packages:${PYTHONPATH} /usr/bin/python3 -W ignore:setup.py install is deprecated -W ignore:easy_install command is deprecated setup.py egg_info --egg-base ../../build/robot_camera build --build-base /home/crubs/Documents/dev_ws/build/robot_camera/build install --record /home/crubs/Documents/dev_ws/build/robot_camera/install.log --single-version-externally-managed install_data
