[2.057s] Invoking command in '/home/crubs/Documents/dev_ws/src/robot_communication': DEBUGINFOD_URLS=https://debuginfod.ubuntu.com PS1=(ros2_env) \[\e]0;\u@\h: \w\a\]${debian_chroot:+($debian_chroot)}\[\033[01;32m\]\u@\h\[\033[00m\]:\[\033[01;34m\]\w\[\033[00m\]\$ PYTHONPATH=/home/crubs/Documents/dev_ws/build/robot_communication/prefix_override:/usr/lib/python3/dist-packages/colcon_core/task/python/colcon_distutils_commands:/home/crubs/Documents/dev_ws/install/robot_communication/lib/python3.12/site-packages:${PYTHONPATH} VIRTUAL_ENV_PROMPT=(ros2_env) /usr/bin/python3 -W ignore:setup.py install is deprecated setup.py egg_info --egg-base ../../build/robot_communication build --build-base /home/crubs/Documents/dev_ws/build/robot_communication/build install --record /home/crubs/Documents/dev_ws/build/robot_communication/install.log --single-version-externally-managed install_data
[2.423s] /home/crubs/ros2_env/lib/python3.12/site-packages/setuptools/_distutils/dist.py:261: UserWarning: Unknown distribution option: 'tests_require'
[2.423s]   warnings.warn(msg)
[2.648s] running egg_info
[2.681s] writing ../../build/robot_communication/robot_communication.egg-info/PKG-INFO
[2.682s] writing dependency_links to ../../build/robot_communication/robot_communication.egg-info/dependency_links.txt
[2.688s] writing entry points to ../../build/robot_communication/robot_communication.egg-info/entry_points.txt
[2.688s] writing requirements to ../../build/robot_communication/robot_communication.egg-info/requires.txt
[2.689s] writing top-level names to ../../build/robot_communication/robot_communication.egg-info/top_level.txt
[2.757s] reading manifest file '../../build/robot_communication/robot_communication.egg-info/SOURCES.txt'
[2.759s] writing manifest file '../../build/robot_communication/robot_communication.egg-info/SOURCES.txt'
[2.759s] running build
[2.759s] running build_py
[2.759s] copying robot_communication/interfaceGPIO.py -> /home/crubs/Documents/dev_ws/build/robot_communication/build/lib/robot_communication
[2.760s] copying robot_communication/__init__.py -> /home/crubs/Documents/dev_ws/build/robot_communication/build/lib/robot_communication
[2.760s] copying robot_communication/testI2C.py -> /home/crubs/Documents/dev_ws/build/robot_communication/build/lib/robot_communication
[2.760s] copying robot_communication/interfacePAMI.py -> /home/crubs/Documents/dev_ws/build/robot_communication/build/lib/robot_communication
[2.761s] copying robot_communication/robotI2C.py -> /home/crubs/Documents/dev_ws/build/robot_communication/build/lib/robot_communication
[2.761s] copying robot_communication/interfaceI2C.py -> /home/crubs/Documents/dev_ws/build/robot_communication/build/lib/robot_communication
[2.761s] copying robot_communication/moteurI2C.py -> /home/crubs/Documents/dev_ws/build/robot_communication/build/lib/robot_communication
[2.762s] running install
[2.771s] running install_lib
[2.803s] copying /home/crubs/Documents/dev_ws/build/robot_communication/build/lib/robot_communication/interfaceI2C.py -> /home/crubs/Documents/dev_ws/install/robot_communication/lib/python3.12/site-packages/robot_communication
[2.805s] byte-compiling /home/crubs/Documents/dev_ws/install/robot_communication/lib/python3.12/site-packages/robot_communication/interfaceI2C.py to interfaceI2C.cpython-312.pyc
[2.809s] running install_data
[2.810s] copying resource/robot_communication -> /home/crubs/Documents/dev_ws/install/robot_communication/share/ament_index/resource_index/packages
[2.810s] copying package.xml -> /home/crubs/Documents/dev_ws/install/robot_communication/share/robot_communication
[2.811s] running install_egg_info
[2.846s] removing '/home/crubs/Documents/dev_ws/install/robot_communication/lib/python3.12/site-packages/robot_communication-0.0.0-py3.12.egg-info' (and everything under it)
[2.847s] Copying ../../build/robot_communication/robot_communication.egg-info to /home/crubs/Documents/dev_ws/install/robot_communication/lib/python3.12/site-packages/robot_communication-0.0.0-py3.12.egg-info
[2.848s] running install_scripts
[3.091s] Installing interfaceGPIO script to /home/crubs/Documents/dev_ws/install/robot_communication/lib/robot_communication
[3.091s] Installing interfaceI2C script to /home/crubs/Documents/dev_ws/install/robot_communication/lib/robot_communication
[3.093s] Installing interfacePAMI script to /home/crubs/Documents/dev_ws/install/robot_communication/lib/robot_communication
[3.096s] Installing moteurI2C script to /home/crubs/Documents/dev_ws/install/robot_communication/lib/robot_communication
[3.097s] Installing robotI2C script to /home/crubs/Documents/dev_ws/install/robot_communication/lib/robot_communication
[3.098s] Installing testI2C script to /home/crubs/Documents/dev_ws/install/robot_communication/lib/robot_communication
[3.100s] writing list of installed files to '/home/crubs/Documents/dev_ws/build/robot_communication/install.log'
[3.230s] Invoked command in '/home/crubs/Documents/dev_ws/src/robot_communication' returned '0': DEBUGINFOD_URLS=https://debuginfod.ubuntu.com PS1=(ros2_env) \[\e]0;\u@\h: \w\a\]${debian_chroot:+($debian_chroot)}\[\033[01;32m\]\u@\h\[\033[00m\]:\[\033[01;34m\]\w\[\033[00m\]\$ PYTHONPATH=/home/crubs/Documents/dev_ws/build/robot_communication/prefix_override:/usr/lib/python3/dist-packages/colcon_core/task/python/colcon_distutils_commands:/home/crubs/Documents/dev_ws/install/robot_communication/lib/python3.12/site-packages:${PYTHONPATH} VIRTUAL_ENV_PROMPT=(ros2_env) /usr/bin/python3 -W ignore:setup.py install is deprecated setup.py egg_info --egg-base ../../build/robot_communication build --build-base /home/crubs/Documents/dev_ws/build/robot_communication/build install --record /home/crubs/Documents/dev_ws/build/robot_communication/install.log --single-version-externally-managed install_data
