[0.015s] Invoking command in '/home/crubs/Documents/dev_ws/build/robot_description': CMAKE_PREFIX_PATH=${CMAKE_PREFIX_PATH}:/home/crubs/Documents/dev_ws/install/robot_sensors:/home/crubs/Documents/dev_ws/install/robot_communication:/home/crubs/Documents/dev_ws/install/robot_camera:/home/crubs/Documents/dev_ws/install/robot_accessories:/home/crubs/Documents/dev_ws/install/imu_package:/opt/ros/jazzy DEBUGINFOD_URLS=https://debuginfod.ubuntu.com PS1=(ros2_env) \[\e]0;\u@\h: \w\a\]${debian_chroot:+($debian_chroot)}\[\033[01;32m\]\u@\h\[\033[00m\]:\[\033[01;34m\]\w\[\033[00m\]\$ VIRTUAL_ENV_PROMPT=(ros2_env) /usr/bin/cmake /home/crubs/Documents/dev_ws/src/robot_description -DCMAKE_INSTALL_PREFIX=/home/crubs/Documents/dev_ws/install/robot_description
[0.164s] -- The C compiler identification is GNU 13.2.0
[0.298s] -- The CXX compiler identification is GNU 13.2.0
[0.337s] -- Detecting C compiler ABI info
[0.638s] -- Detecting C compiler ABI info - done
[0.663s] -- Check for working C compiler: /usr/bin/cc - skipped
[0.663s] -- Detecting C compile features
[0.666s] -- Detecting C compile features - done
[0.688s] -- Detecting CXX compiler ABI info
[0.950s] -- Detecting CXX compiler ABI info - done
[0.969s] -- Check for working CXX compiler: /usr/bin/c++ - skipped
[0.969s] -- Detecting CXX compile features
[0.969s] -- Detecting CXX compile features - done
[0.977s] -- Found ament_cmake: 2.5.2 (/opt/ros/jazzy/share/ament_cmake/cmake)
[1.462s] -- Found Python3: /home/crubs/ros2_env/bin/python3 (found version "3.12.3") found components: Interpreter 
[1.781s] -- Found ament_lint_auto: 0.17.1 (/opt/ros/jazzy/share/ament_lint_auto/cmake)
[2.006s] -- Configuring done (2.0s)
[2.012s] -- Generating done (0.0s)
[2.014s] -- Build files have been written to: /home/crubs/Documents/dev_ws/build/robot_description
[2.034s] Invoked command in '/home/crubs/Documents/dev_ws/build/robot_description' returned '0': CMAKE_PREFIX_PATH=${CMAKE_PREFIX_PATH}:/home/crubs/Documents/dev_ws/install/robot_sensors:/home/crubs/Documents/dev_ws/install/robot_communication:/home/crubs/Documents/dev_ws/install/robot_camera:/home/crubs/Documents/dev_ws/install/robot_accessories:/home/crubs/Documents/dev_ws/install/imu_package:/opt/ros/jazzy DEBUGINFOD_URLS=https://debuginfod.ubuntu.com PS1=(ros2_env) \[\e]0;\u@\h: \w\a\]${debian_chroot:+($debian_chroot)}\[\033[01;32m\]\u@\h\[\033[00m\]:\[\033[01;34m\]\w\[\033[00m\]\$ VIRTUAL_ENV_PROMPT=(ros2_env) /usr/bin/cmake /home/crubs/Documents/dev_ws/src/robot_description -DCMAKE_INSTALL_PREFIX=/home/crubs/Documents/dev_ws/install/robot_description
[2.035s] Invoking command in '/home/crubs/Documents/dev_ws/build/robot_description': CMAKE_PREFIX_PATH=${CMAKE_PREFIX_PATH}:/home/crubs/Documents/dev_ws/install/robot_sensors:/home/crubs/Documents/dev_ws/install/robot_communication:/home/crubs/Documents/dev_ws/install/robot_camera:/home/crubs/Documents/dev_ws/install/robot_accessories:/home/crubs/Documents/dev_ws/install/imu_package:/opt/ros/jazzy DEBUGINFOD_URLS=https://debuginfod.ubuntu.com PS1=(ros2_env) \[\e]0;\u@\h: \w\a\]${debian_chroot:+($debian_chroot)}\[\033[01;32m\]\u@\h\[\033[00m\]:\[\033[01;34m\]\w\[\033[00m\]\$ VIRTUAL_ENV_PROMPT=(ros2_env) /usr/bin/cmake --build /home/crubs/Documents/dev_ws/build/robot_description -- -j4 -l4
[2.240s] Invoked command in '/home/crubs/Documents/dev_ws/build/robot_description' returned '0': CMAKE_PREFIX_PATH=${CMAKE_PREFIX_PATH}:/home/crubs/Documents/dev_ws/install/robot_sensors:/home/crubs/Documents/dev_ws/install/robot_communication:/home/crubs/Documents/dev_ws/install/robot_camera:/home/crubs/Documents/dev_ws/install/robot_accessories:/home/crubs/Documents/dev_ws/install/imu_package:/opt/ros/jazzy DEBUGINFOD_URLS=https://debuginfod.ubuntu.com PS1=(ros2_env) \[\e]0;\u@\h: \w\a\]${debian_chroot:+($debian_chroot)}\[\033[01;32m\]\u@\h\[\033[00m\]:\[\033[01;34m\]\w\[\033[00m\]\$ VIRTUAL_ENV_PROMPT=(ros2_env) /usr/bin/cmake --build /home/crubs/Documents/dev_ws/build/robot_description -- -j4 -l4
[2.335s] Invoking command in '/home/crubs/Documents/dev_ws/build/robot_description': CMAKE_PREFIX_PATH=${CMAKE_PREFIX_PATH}:/home/crubs/Documents/dev_ws/install/robot_sensors:/home/crubs/Documents/dev_ws/install/robot_communication:/home/crubs/Documents/dev_ws/install/robot_camera:/home/crubs/Documents/dev_ws/install/robot_accessories:/home/crubs/Documents/dev_ws/install/imu_package:/opt/ros/jazzy DEBUGINFOD_URLS=https://debuginfod.ubuntu.com PS1=(ros2_env) \[\e]0;\u@\h: \w\a\]${debian_chroot:+($debian_chroot)}\[\033[01;32m\]\u@\h\[\033[00m\]:\[\033[01;34m\]\w\[\033[00m\]\$ VIRTUAL_ENV_PROMPT=(ros2_env) /usr/bin/cmake --install /home/crubs/Documents/dev_ws/build/robot_description
[2.383s] -- Install configuration: ""
[2.384s] -- Installing: /home/crubs/Documents/dev_ws/install/robot_description/share/robot_description/launch
[2.384s] -- Installing: /home/crubs/Documents/dev_ws/install/robot_description/share/robot_description/launch/description.launch.py
[2.387s] -- Installing: /home/crubs/Documents/dev_ws/install/robot_description/share/robot_description/meshes
[2.387s] -- Installing: /home/crubs/Documents/dev_ws/install/robot_description/share/robot_description/meshes/left_wheel_link.STL
[2.395s] -- Installing: /home/crubs/Documents/dev_ws/install/robot_description/share/robot_description/meshes/gripper_right_link.STL
[2.401s] -- Installing: /home/crubs/Documents/dev_ws/install/robot_description/share/robot_description/meshes/right_wheel_link.STL
[2.402s] -- Installing: /home/crubs/Documents/dev_ws/install/robot_description/share/robot_description/meshes/gripper_left_link.STL
[2.418s] -- Installing: /home/crubs/Documents/dev_ws/install/robot_description/share/robot_description/meshes/base_link.STL
[2.459s] -- Installing: /home/crubs/Documents/dev_ws/install/robot_description/share/robot_description/meshes/lidar_link.STL
[2.465s] -- Installing: /home/crubs/Documents/dev_ws/install/robot_description/share/robot_description/meshes/imu_link.STL
[2.467s] -- Installing: /home/crubs/Documents/dev_ws/install/robot_description/share/robot_description/urdf
[2.467s] -- Installing: /home/crubs/Documents/dev_ws/install/robot_description/share/robot_description/urdf/robot.urdf.xacro
[2.471s] -- Installing: /home/crubs/Documents/dev_ws/install/robot_description/share/robot_description/urdf/gazebo_plugins.xacro
[2.478s] -- Installing: /home/crubs/Documents/dev_ws/install/robot_description/share/robot_description/urdf/robot_core.xacro
[2.482s] -- Installing: /home/crubs/Documents/dev_ws/install/robot_description/share/ament_index/resource_index/package_run_dependencies/robot_description
[2.482s] -- Installing: /home/crubs/Documents/dev_ws/install/robot_description/share/ament_index/resource_index/parent_prefix_path/robot_description
[2.482s] -- Installing: /home/crubs/Documents/dev_ws/install/robot_description/share/robot_description/environment/ament_prefix_path.sh
[2.482s] -- Installing: /home/crubs/Documents/dev_ws/install/robot_description/share/robot_description/environment/ament_prefix_path.dsv
[2.483s] -- Installing: /home/crubs/Documents/dev_ws/install/robot_description/share/robot_description/environment/path.sh
[2.484s] -- Installing: /home/crubs/Documents/dev_ws/install/robot_description/share/robot_description/environment/path.dsv
[2.485s] -- Installing: /home/crubs/Documents/dev_ws/install/robot_description/share/robot_description/local_setup.bash
[2.486s] -- Installing: /home/crubs/Documents/dev_ws/install/robot_description/share/robot_description/local_setup.sh
[2.490s] -- Installing: /home/crubs/Documents/dev_ws/install/robot_description/share/robot_description/local_setup.zsh
[2.494s] -- Installing: /home/crubs/Documents/dev_ws/install/robot_description/share/robot_description/local_setup.dsv
[2.494s] -- Installing: /home/crubs/Documents/dev_ws/install/robot_description/share/robot_description/package.dsv
[2.494s] -- Installing: /home/crubs/Documents/dev_ws/install/robot_description/share/ament_index/resource_index/packages/robot_description
[2.495s] -- Installing: /home/crubs/Documents/dev_ws/install/robot_description/share/robot_description/cmake/robot_descriptionConfig.cmake
[2.495s] -- Installing: /home/crubs/Documents/dev_ws/install/robot_description/share/robot_description/cmake/robot_descriptionConfig-version.cmake
[2.495s] -- Installing: /home/crubs/Documents/dev_ws/install/robot_description/share/robot_description/package.xml
[2.517s] Invoked command in '/home/crubs/Documents/dev_ws/build/robot_description' returned '0': CMAKE_PREFIX_PATH=${CMAKE_PREFIX_PATH}:/home/crubs/Documents/dev_ws/install/robot_sensors:/home/crubs/Documents/dev_ws/install/robot_communication:/home/crubs/Documents/dev_ws/install/robot_camera:/home/crubs/Documents/dev_ws/install/robot_accessories:/home/crubs/Documents/dev_ws/install/imu_package:/opt/ros/jazzy DEBUGINFOD_URLS=https://debuginfod.ubuntu.com PS1=(ros2_env) \[\e]0;\u@\h: \w\a\]${debian_chroot:+($debian_chroot)}\[\033[01;32m\]\u@\h\[\033[00m\]:\[\033[01;34m\]\w\[\033[00m\]\$ VIRTUAL_ENV_PROMPT=(ros2_env) /usr/bin/cmake --install /home/crubs/Documents/dev_ws/build/robot_description
