[2.313s] Invoking command in '/home/crubs/Documents/dev_ws/src/imu_package': DEBUGINFOD_URLS=https://debuginfod.ubuntu.com PS1=(ros2_env) \[\e]0;\u@\h: \w\a\]${debian_chroot:+($debian_chroot)}\[\033[01;32m\]\u@\h\[\033[00m\]:\[\033[01;34m\]\w\[\033[00m\]\$ PYTHONPATH=/home/crubs/Documents/dev_ws/build/imu_package/prefix_override:/usr/lib/python3/dist-packages/colcon_core/task/python/colcon_distutils_commands:/home/crubs/Documents/dev_ws/install/imu_package/lib/python3.12/site-packages:${PYTHONPATH} VIRTUAL_ENV_PROMPT=(ros2_env) /usr/bin/python3 -W ignore:setup.py install is deprecated -W ignore:easy_install command is deprecated setup.py egg_info --egg-base ../../build/imu_package build --build-base /home/crubs/Documents/dev_ws/build/imu_package/build install --record /home/crubs/Documents/dev_ws/build/imu_package/install.log --single-version-externally-managed install_data
[2.691s] /home/crubs/ros2_env/lib/python3.12/site-packages/setuptools/_distutils/dist.py:261: UserWarning: Unknown distribution option: 'tests_require'
[2.692s]   warnings.warn(msg)
[2.943s] running egg_info
[2.943s] creating ../../build/imu_package/imu_package.egg-info
[2.978s] writing ../../build/imu_package/imu_package.egg-info/PKG-INFO
[2.980s] writing dependency_links to ../../build/imu_package/imu_package.egg-info/dependency_links.txt
[2.981s] writing entry points to ../../build/imu_package/imu_package.egg-info/entry_points.txt
[2.981s] writing requirements to ../../build/imu_package/imu_package.egg-info/requires.txt
[2.982s] writing top-level names to ../../build/imu_package/imu_package.egg-info/top_level.txt
[2.982s] writing manifest file '../../build/imu_package/imu_package.egg-info/SOURCES.txt'
[3.067s] reading manifest file '../../build/imu_package/imu_package.egg-info/SOURCES.txt'
[3.071s] writing manifest file '../../build/imu_package/imu_package.egg-info/SOURCES.txt'
[3.071s] running build
[3.071s] running build_py
[3.072s] creating /home/crubs/Documents/dev_ws/build/imu_package/build/lib/imu_package
[3.072s] copying imu_package/cmd_test.py -> /home/crubs/Documents/dev_ws/build/imu_package/build/lib/imu_package
[3.073s] copying imu_package/move_forward_2sec.py -> /home/crubs/Documents/dev_ws/build/imu_package/build/lib/imu_package
[3.074s] copying imu_package/__init__.py -> /home/crubs/Documents/dev_ws/build/imu_package/build/lib/imu_package
[3.076s] copying imu_package/imu_main.py -> /home/crubs/Documents/dev_ws/build/imu_package/build/lib/imu_package
[3.076s] copying imu_package/wheel_listener.py -> /home/crubs/Documents/dev_ws/build/imu_package/build/lib/imu_package
[3.077s] creating /home/crubs/Documents/dev_ws/build/imu_package/build/lib/imu_package/submodules
[3.077s] copying imu_package/submodules/kayak_function.py -> /home/crubs/Documents/dev_ws/build/imu_package/build/lib/imu_package/submodules
[3.077s] copying imu_package/submodules/madgwick.py -> /home/crubs/Documents/dev_ws/build/imu_package/build/lib/imu_package/submodules
[3.077s] running install
[3.085s] running install_lib
[3.128s] creating /home/crubs/Documents/dev_ws/install/imu_package/lib/python3.12/site-packages/imu_package
[3.131s] copying /home/crubs/Documents/dev_ws/build/imu_package/build/lib/imu_package/cmd_test.py -> /home/crubs/Documents/dev_ws/install/imu_package/lib/python3.12/site-packages/imu_package
[3.131s] copying /home/crubs/Documents/dev_ws/build/imu_package/build/lib/imu_package/move_forward_2sec.py -> /home/crubs/Documents/dev_ws/install/imu_package/lib/python3.12/site-packages/imu_package
[3.131s] copying /home/crubs/Documents/dev_ws/build/imu_package/build/lib/imu_package/__init__.py -> /home/crubs/Documents/dev_ws/install/imu_package/lib/python3.12/site-packages/imu_package
[3.131s] creating /home/crubs/Documents/dev_ws/install/imu_package/lib/python3.12/site-packages/imu_package/submodules
[3.131s] copying /home/crubs/Documents/dev_ws/build/imu_package/build/lib/imu_package/submodules/kayak_function.py -> /home/crubs/Documents/dev_ws/install/imu_package/lib/python3.12/site-packages/imu_package/submodules
[3.131s] copying /home/crubs/Documents/dev_ws/build/imu_package/build/lib/imu_package/submodules/madgwick.py -> /home/crubs/Documents/dev_ws/install/imu_package/lib/python3.12/site-packages/imu_package/submodules
[3.132s] copying /home/crubs/Documents/dev_ws/build/imu_package/build/lib/imu_package/imu_main.py -> /home/crubs/Documents/dev_ws/install/imu_package/lib/python3.12/site-packages/imu_package
[3.132s] copying /home/crubs/Documents/dev_ws/build/imu_package/build/lib/imu_package/wheel_listener.py -> /home/crubs/Documents/dev_ws/install/imu_package/lib/python3.12/site-packages/imu_package
[3.134s] byte-compiling /home/crubs/Documents/dev_ws/install/imu_package/lib/python3.12/site-packages/imu_package/cmd_test.py to cmd_test.cpython-312.pyc
[3.136s] byte-compiling /home/crubs/Documents/dev_ws/install/imu_package/lib/python3.12/site-packages/imu_package/move_forward_2sec.py to move_forward_2sec.cpython-312.pyc
[3.138s] byte-compiling /home/crubs/Documents/dev_ws/install/imu_package/lib/python3.12/site-packages/imu_package/__init__.py to __init__.cpython-312.pyc
[3.138s] byte-compiling /home/crubs/Documents/dev_ws/install/imu_package/lib/python3.12/site-packages/imu_package/submodules/kayak_function.py to kayak_function.cpython-312.pyc
[3.141s] byte-compiling /home/crubs/Documents/dev_ws/install/imu_package/lib/python3.12/site-packages/imu_package/submodules/madgwick.py to madgwick.cpython-312.pyc
[3.146s] byte-compiling /home/crubs/Documents/dev_ws/install/imu_package/lib/python3.12/site-packages/imu_package/imu_main.py to imu_main.cpython-312.pyc
[3.150s] byte-compiling /home/crubs/Documents/dev_ws/install/imu_package/lib/python3.12/site-packages/imu_package/wheel_listener.py to wheel_listener.cpython-312.pyc
[3.151s] running install_data
[3.152s] creating /home/crubs/Documents/dev_ws/install/imu_package/share/ament_index/resource_index/packages
[3.154s] copying resource/imu_package -> /home/crubs/Documents/dev_ws/install/imu_package/share/ament_index/resource_index/packages
[3.155s] copying package.xml -> /home/crubs/Documents/dev_ws/install/imu_package/share/imu_package
[3.156s] creating /home/crubs/Documents/dev_ws/install/imu_package/share/imu_package/launch
[3.156s] copying launch/position.launch.py -> /home/crubs/Documents/dev_ws/install/imu_package/share/imu_package/launch
[3.157s] creating /home/crubs/Documents/dev_ws/install/imu_package/share/imu_package/config
[3.159s] copying config/ekf.yaml -> /home/crubs/Documents/dev_ws/install/imu_package/share/imu_package/config
[3.160s] running install_egg_info
[3.214s] Copying ../../build/imu_package/imu_package.egg-info to /home/crubs/Documents/dev_ws/install/imu_package/lib/python3.12/site-packages/imu_package-0.0.0-py3.12.egg-info
[3.215s] running install_scripts
[3.798s] Installing cmd_test script to /home/crubs/Documents/dev_ws/install/imu_package/lib/imu_package
[3.799s] Installing imu_main script to /home/crubs/Documents/dev_ws/install/imu_package/lib/imu_package
[3.799s] Installing move_forward2sec script to /home/crubs/Documents/dev_ws/install/imu_package/lib/imu_package
[3.799s] Installing wheel_listener script to /home/crubs/Documents/dev_ws/install/imu_package/lib/imu_package
[3.803s] writing list of installed files to '/home/crubs/Documents/dev_ws/build/imu_package/install.log'
[4.103s] Invoked command in '/home/crubs/Documents/dev_ws/src/imu_package' returned '0': DEBUGINFOD_URLS=https://debuginfod.ubuntu.com PS1=(ros2_env) \[\e]0;\u@\h: \w\a\]${debian_chroot:+($debian_chroot)}\[\033[01;32m\]\u@\h\[\033[00m\]:\[\033[01;34m\]\w\[\033[00m\]\$ PYTHONPATH=/home/crubs/Documents/dev_ws/build/imu_package/prefix_override:/usr/lib/python3/dist-packages/colcon_core/task/python/colcon_distutils_commands:/home/crubs/Documents/dev_ws/install/imu_package/lib/python3.12/site-packages:${PYTHONPATH} VIRTUAL_ENV_PROMPT=(ros2_env) /usr/bin/python3 -W ignore:setup.py install is deprecated -W ignore:easy_install command is deprecated setup.py egg_info --egg-base ../../build/imu_package build --build-base /home/crubs/Documents/dev_ws/build/imu_package/build install --record /home/crubs/Documents/dev_ws/build/imu_package/install.log --single-version-externally-managed install_data
