running egg_info
writing ../../build/robot_camera/robot_camera.egg-info/PKG-INFO
writing dependency_links to ../../build/robot_camera/robot_camera.egg-info/dependency_links.txt
writing entry points to ../../build/robot_camera/robot_camera.egg-info/entry_points.txt
writing requirements to ../../build/robot_camera/robot_camera.egg-info/requires.txt
writing top-level names to ../../build/robot_camera/robot_camera.egg-info/top_level.txt
reading manifest file '../../build/robot_camera/robot_camera.egg-info/SOURCES.txt'
writing manifest file '../../build/robot_camera/robot_camera.egg-info/SOURCES.txt'
running build
running build_py
copying robot_camera/CameraDetection.py -> /home/crubs/Documents/dev_ws/build/robot_camera/build/lib/robot_camera
copying robot_camera/__init__.py -> /home/crubs/Documents/dev_ws/build/robot_camera/build/lib/robot_camera
copying robot_camera/Detection.py -> /home/crubs/Documents/dev_ws/build/robot_camera/build/lib/robot_camera
running install
running install_lib
running install_data
copying resource/robot_camera -> /home/crubs/Documents/dev_ws/install/robot_camera/share/ament_index/resource_index/packages
copying package.xml -> /home/crubs/Documents/dev_ws/install/robot_camera/share/robot_camera
running install_egg_info
removing '/home/crubs/Documents/dev_ws/install/robot_camera/lib/python3.12/site-packages/robot_camera-0.0.0-py3.12.egg-info' (and everything under it)
Copying ../../build/robot_camera/robot_camera.egg-info to /home/crubs/Documents/dev_ws/install/robot_camera/lib/python3.12/site-packages/robot_camera-0.0.0-py3.12.egg-info
running install_scripts
Installing detection_node script to /home/crubs/Documents/dev_ws/install/robot_camera/lib/robot_camera
writing list of installed files to '/home/crubs/Documents/dev_ws/build/robot_camera/install.log'
