[2.094s] Invoking command in '/home/crubs/Documents/dev_ws/src/robot_camera': DEBUGINFOD_URLS=https://debuginfod.ubuntu.com PS1=(ros2_env) \[\e]0;\u@\h: \w\a\]${debian_chroot:+($debian_chroot)}\[\033[01;32m\]\u@\h\[\033[00m\]:\[\033[01;34m\]\w\[\033[00m\]\$ PYTHONPATH=/home/crubs/Documents/dev_ws/build/robot_camera/prefix_override:/usr/lib/python3/dist-packages/colcon_core/task/python/colcon_distutils_commands:/home/crubs/Documents/dev_ws/install/robot_camera/lib/python3.12/site-packages:${PYTHONPATH} VIRTUAL_ENV_PROMPT=(ros2_env) /usr/bin/python3 -W ignore:setup.py install is deprecated setup.py egg_info --egg-base ../../build/robot_camera build --build-base /home/crubs/Documents/dev_ws/build/robot_camera/build install --record /home/crubs/Documents/dev_ws/build/robot_camera/install.log --single-version-externally-managed install_data
[2.455s] /home/crubs/ros2_env/lib/python3.12/site-packages/setuptools/_distutils/dist.py:261: UserWarning: Unknown distribution option: 'tests_require'
[2.455s]   warnings.warn(msg)
[2.682s] running egg_info
[2.714s] writing ../../build/robot_camera/robot_camera.egg-info/PKG-INFO
[2.716s] writing dependency_links to ../../build/robot_camera/robot_camera.egg-info/dependency_links.txt
[2.717s] writing entry points to ../../build/robot_camera/robot_camera.egg-info/entry_points.txt
[2.719s] writing requirements to ../../build/robot_camera/robot_camera.egg-info/requires.txt
[2.720s] writing top-level names to ../../build/robot_camera/robot_camera.egg-info/top_level.txt
[2.787s] reading manifest file '../../build/robot_camera/robot_camera.egg-info/SOURCES.txt'
[2.788s] writing manifest file '../../build/robot_camera/robot_camera.egg-info/SOURCES.txt'
[2.789s] running build
[2.789s] running build_py
[2.789s] copying robot_camera/CameraDetection.py -> /home/crubs/Documents/dev_ws/build/robot_camera/build/lib/robot_camera
[2.790s] copying robot_camera/__init__.py -> /home/crubs/Documents/dev_ws/build/robot_camera/build/lib/robot_camera
[2.790s] copying robot_camera/Detection.py -> /home/crubs/Documents/dev_ws/build/robot_camera/build/lib/robot_camera
[2.790s] running install
[2.799s] running install_lib
[2.831s] running install_data
[2.832s] copying resource/robot_camera -> /home/crubs/Documents/dev_ws/install/robot_camera/share/ament_index/resource_index/packages
[2.833s] copying package.xml -> /home/crubs/Documents/dev_ws/install/robot_camera/share/robot_camera
[2.833s] running install_egg_info
[2.867s] removing '/home/crubs/Documents/dev_ws/install/robot_camera/lib/python3.12/site-packages/robot_camera-0.0.0-py3.12.egg-info' (and everything under it)
[2.868s] Copying ../../build/robot_camera/robot_camera.egg-info to /home/crubs/Documents/dev_ws/install/robot_camera/lib/python3.12/site-packages/robot_camera-0.0.0-py3.12.egg-info
[2.870s] running install_scripts
[3.110s] Installing detection_node script to /home/crubs/Documents/dev_ws/install/robot_camera/lib/robot_camera
[3.110s] writing list of installed files to '/home/crubs/Documents/dev_ws/build/robot_camera/install.log'
[3.239s] Invoked command in '/home/crubs/Documents/dev_ws/src/robot_camera' returned '0': DEBUGINFOD_URLS=https://debuginfod.ubuntu.com PS1=(ros2_env) \[\e]0;\u@\h: \w\a\]${debian_chroot:+($debian_chroot)}\[\033[01;32m\]\u@\h\[\033[00m\]:\[\033[01;34m\]\w\[\033[00m\]\$ PYTHONPATH=/home/crubs/Documents/dev_ws/build/robot_camera/prefix_override:/usr/lib/python3/dist-packages/colcon_core/task/python/colcon_distutils_commands:/home/crubs/Documents/dev_ws/install/robot_camera/lib/python3.12/site-packages:${PYTHONPATH} VIRTUAL_ENV_PROMPT=(ros2_env) /usr/bin/python3 -W ignore:setup.py install is deprecated setup.py egg_info --egg-base ../../build/robot_camera build --build-base /home/crubs/Documents/dev_ws/build/robot_camera/build install --record /home/crubs/Documents/dev_ws/build/robot_camera/install.log --single-version-externally-managed install_data
