[2.162s] Invoking command in '/home/crubs/Documents/dev_ws/src/robot_sensors': DEBUGINFOD_URLS=https://debuginfod.ubuntu.com PS1=(ros2_env) \[\e]0;\u@\h: \w\a\]${debian_chroot:+($debian_chroot)}\[\033[01;32m\]\u@\h\[\033[00m\]:\[\033[01;34m\]\w\[\033[00m\]\$ PYTHONPATH=/home/crubs/Documents/dev_ws/build/robot_sensors/prefix_override:/usr/lib/python3/dist-packages/colcon_core/task/python/colcon_distutils_commands:/home/crubs/Documents/dev_ws/install/robot_sensors/lib/python3.12/site-packages:${PYTHONPATH} VIRTUAL_ENV_PROMPT=(ros2_env) /usr/bin/python3 -W ignore:setup.py install is deprecated -W ignore:easy_install command is deprecated setup.py egg_info --egg-base ../../build/robot_sensors build --build-base /home/crubs/Documents/dev_ws/build/robot_sensors/build install --record /home/crubs/Documents/dev_ws/build/robot_sensors/install.log --single-version-externally-managed install_data
[2.513s] /home/crubs/ros2_env/lib/python3.12/site-packages/setuptools/_distutils/dist.py:261: UserWarning: Unknown distribution option: 'tests_require'
[2.513s]   warnings.warn(msg)
[2.785s] running egg_info
[2.786s] creating ../../build/robot_sensors/robot_sensors.egg-info
[2.831s] writing ../../build/robot_sensors/robot_sensors.egg-info/PKG-INFO
[2.832s] writing dependency_links to ../../build/robot_sensors/robot_sensors.egg-info/dependency_links.txt
[2.833s] writing entry points to ../../build/robot_sensors/robot_sensors.egg-info/entry_points.txt
[2.833s] writing requirements to ../../build/robot_sensors/robot_sensors.egg-info/requires.txt
[2.833s] writing top-level names to ../../build/robot_sensors/robot_sensors.egg-info/top_level.txt
[2.836s] writing manifest file '../../build/robot_sensors/robot_sensors.egg-info/SOURCES.txt'
[2.929s] reading manifest file '../../build/robot_sensors/robot_sensors.egg-info/SOURCES.txt'
[2.930s] writing manifest file '../../build/robot_sensors/robot_sensors.egg-info/SOURCES.txt'
[2.931s] running build
[2.931s] running build_py
[2.931s] creating /home/crubs/Documents/dev_ws/build/robot_sensors/build/lib/robot_sensors
[2.931s] copying robot_sensors/__init__.py -> /home/crubs/Documents/dev_ws/build/robot_sensors/build/lib/robot_sensors
[2.932s] copying robot_sensors/encoders_to_odom.py -> /home/crubs/Documents/dev_ws/build/robot_sensors/build/lib/robot_sensors
[2.932s] running install
[2.942s] running install_lib
[2.983s] creating /home/crubs/Documents/dev_ws/install/robot_sensors/lib/python3.12/site-packages/robot_sensors
[2.984s] copying /home/crubs/Documents/dev_ws/build/robot_sensors/build/lib/robot_sensors/__init__.py -> /home/crubs/Documents/dev_ws/install/robot_sensors/lib/python3.12/site-packages/robot_sensors
[2.985s] copying /home/crubs/Documents/dev_ws/build/robot_sensors/build/lib/robot_sensors/encoders_to_odom.py -> /home/crubs/Documents/dev_ws/install/robot_sensors/lib/python3.12/site-packages/robot_sensors
[2.985s] byte-compiling /home/crubs/Documents/dev_ws/install/robot_sensors/lib/python3.12/site-packages/robot_sensors/__init__.py to __init__.cpython-312.pyc
[2.986s] byte-compiling /home/crubs/Documents/dev_ws/install/robot_sensors/lib/python3.12/site-packages/robot_sensors/encoders_to_odom.py to encoders_to_odom.cpython-312.pyc
[2.987s] running install_data
[2.988s] creating /home/crubs/Documents/dev_ws/install/robot_sensors/share/ament_index/resource_index/packages
[2.988s] copying resource/robot_sensors -> /home/crubs/Documents/dev_ws/install/robot_sensors/share/ament_index/resource_index/packages
[2.989s] copying package.xml -> /home/crubs/Documents/dev_ws/install/robot_sensors/share/robot_sensors
[2.989s] creating /home/crubs/Documents/dev_ws/install/robot_sensors/share/robot_sensors/launch
[2.989s] copying launch/allSensors.launch.py -> /home/crubs/Documents/dev_ws/install/robot_sensors/share/robot_sensors/launch
[2.990s] running install_egg_info
[3.033s] Copying ../../build/robot_sensors/robot_sensors.egg-info to /home/crubs/Documents/dev_ws/install/robot_sensors/lib/python3.12/site-packages/robot_sensors-0.0.0-py3.12.egg-info
[3.035s] running install_scripts
[3.282s] Installing encoders_to_odom script to /home/crubs/Documents/dev_ws/install/robot_sensors/lib/robot_sensors
[3.283s] writing list of installed files to '/home/crubs/Documents/dev_ws/build/robot_sensors/install.log'
[3.405s] Invoked command in '/home/crubs/Documents/dev_ws/src/robot_sensors' returned '0': DEBUGINFOD_URLS=https://debuginfod.ubuntu.com PS1=(ros2_env) \[\e]0;\u@\h: \w\a\]${debian_chroot:+($debian_chroot)}\[\033[01;32m\]\u@\h\[\033[00m\]:\[\033[01;34m\]\w\[\033[00m\]\$ PYTHONPATH=/home/crubs/Documents/dev_ws/build/robot_sensors/prefix_override:/usr/lib/python3/dist-packages/colcon_core/task/python/colcon_distutils_commands:/home/crubs/Documents/dev_ws/install/robot_sensors/lib/python3.12/site-packages:${PYTHONPATH} VIRTUAL_ENV_PROMPT=(ros2_env) /usr/bin/python3 -W ignore:setup.py install is deprecated -W ignore:easy_install command is deprecated setup.py egg_info --egg-base ../../build/robot_sensors build --build-base /home/crubs/Documents/dev_ws/build/robot_sensors/build install --record /home/crubs/Documents/dev_ws/build/robot_sensors/install.log --single-version-externally-managed install_data
