[ 66%] Built target utils
[ 83%] Built target camera_node
[100%] Built target camera_component
-- Install configuration: ""
-- Up-to-date: /home/crubs/Documents/dev_ws/install/camera_ros/lib/camera_ros/camera_node
-- Up-to-date: /home/crubs/Documents/dev_ws/install/camera_ros/lib/libcamera_component.so
-- Up-to-date: /home/crubs/Documents/dev_ws/install/camera_ros/share/camera_ros//launch
-- Up-to-date: /home/crubs/Documents/dev_ws/install/camera_ros/share/camera_ros//launch/camera.launch.py
-- Up-to-date: /home/crubs/Documents/dev_ws/install/camera_ros/share/ament_index/resource_index/package_run_dependencies/camera_ros
-- Up-to-date: /home/crubs/Documents/dev_ws/install/camera_ros/share/ament_index/resource_index/parent_prefix_path/camera_ros
-- Up-to-date: /home/crubs/Documents/dev_ws/install/camera_ros/share/camera_ros/environment/ament_prefix_path.sh
-- Up-to-date: /home/crubs/Documents/dev_ws/install/camera_ros/share/camera_ros/environment/ament_prefix_path.dsv
-- Up-to-date: /home/crubs/Documents/dev_ws/install/camera_ros/share/camera_ros/environment/path.sh
-- Up-to-date: /home/crubs/Documents/dev_ws/install/camera_ros/share/camera_ros/environment/path.dsv
-- Up-to-date: /home/crubs/Documents/dev_ws/install/camera_ros/share/camera_ros/local_setup.bash
-- Up-to-date: /home/crubs/Documents/dev_ws/install/camera_ros/share/camera_ros/local_setup.sh
-- Up-to-date: /home/crubs/Documents/dev_ws/install/camera_ros/share/camera_ros/local_setup.zsh
-- Up-to-date: /home/crubs/Documents/dev_ws/install/camera_ros/share/camera_ros/local_setup.dsv
-- Installing: /home/crubs/Documents/dev_ws/install/camera_ros/share/camera_ros/package.dsv
-- Up-to-date: /home/crubs/Documents/dev_ws/install/camera_ros/share/ament_index/resource_index/packages/camera_ros
-- Up-to-date: /home/crubs/Documents/dev_ws/install/camera_ros/share/ament_index/resource_index/rclcpp_components/camera_ros
-- Up-to-date: /home/crubs/Documents/dev_ws/install/camera_ros/share/camera_ros/cmake/camera_rosConfig.cmake
-- Up-to-date: /home/crubs/Documents/dev_ws/install/camera_ros/share/camera_ros/cmake/camera_rosConfig-version.cmake
-- Up-to-date: /home/crubs/Documents/dev_ws/install/camera_ros/share/camera_ros/package.xml
