-- The C compiler identification is GNU 13.2.0
-- The CXX compiler identification is GNU 13.2.0
-- Detecting C compiler ABI info
-- Detecting C compiler ABI info - done
-- Check for working C compiler: /usr/bin/cc - skipped
-- Detecting C compile features
-- Detecting C compile features - done
-- Detecting CXX compiler ABI info
-- Detecting CXX compiler ABI info - done
-- Check for working CXX compiler: /usr/bin/c++ - skipped
-- Detecting CXX compile features
-- Detecting CXX compile features - done
-- Found ament_cmake: 2.5.2 (/opt/ros/jazzy/share/ament_cmake/cmake)
-- Found Python3: /home/crubs/ros2_env/bin/python3 (found version "3.12.3") found components: Interpreter 
-- Found rclcpp: 28.1.5 (/opt/ros/jazzy/share/rclcpp/cmake)
-- Found rosidl_generator_c: 4.6.4 (/opt/ros/jazzy/share/rosidl_generator_c/cmake)
-- Found rosidl_generator_cpp: 4.6.4 (/opt/ros/jazzy/share/rosidl_generator_cpp/cmake)
-- Using all available rosidl_typesupport_c: rosidl_typesupport_fastrtps_c;rosidl_typesupport_introspection_c
-- Using all available rosidl_typesupport_cpp: rosidl_typesupport_fastrtps_cpp;rosidl_typesupport_introspection_cpp
-- Found rmw_implementation_cmake: 7.3.1 (/opt/ros/jazzy/share/rmw_implementation_cmake/cmake)
-- Found rmw_fastrtps_cpp: 8.4.1 (/opt/ros/jazzy/share/rmw_fastrtps_cpp/cmake)
-- Found OpenSSL: /usr/lib/aarch64-linux-gnu/libcrypto.so (found version "3.0.13")  
-- Found FastRTPS: /opt/ros/jazzy/include (Required is at least version "2.13") 
-- Using RMW implementation 'rmw_fastrtps_cpp' as default
-- Found sensor_msgs: 5.3.5 (/opt/ros/jazzy/share/sensor_msgs/cmake)
-- Found ament_lint_auto: 0.17.1 (/opt/ros/jazzy/share/ament_lint_auto/cmake)
-- Added test 'copyright' to check source files copyright and LICENSE
-- Added test 'cppcheck' to perform static code analysis on C / C++ code
-- Configured cppcheck include dirs: /home/crubs/Documents/dev_ws/src/ldlidar_stl_ros2/include;/home/crubs/Documents/dev_ws/src/ldlidar_stl_ros2/ldlidar_driver/include/core;/home/crubs/Documents/dev_ws/src/ldlidar_stl_ros2/ldlidar_driver/include/dataprocess;/home/crubs/Documents/dev_ws/src/ldlidar_stl_ros2/ldlidar_driver/include/filter;/home/crubs/Documents/dev_ws/src/ldlidar_stl_ros2/ldlidar_driver/include/logger;/home/crubs/Documents/dev_ws/src/ldlidar_stl_ros2/ldlidar_driver/include/networkcom;/home/crubs/Documents/dev_ws/src/ldlidar_stl_ros2/ldlidar_driver/include/serialcom
-- Configured cppcheck exclude dirs and/or files: 
-- Added test 'cpplint' to check C / C++ code against the Google style
-- Configured cpplint exclude dirs and/or files: 
-- Added test 'flake8' to check Python code syntax and style conventions
-- Configured 'flake8' exclude dirs and/or files: 
-- Added test 'lint_cmake' to check CMake code style
-- Added test 'pep257' to check Python code against some of the docstring style conventions in PEP 257
-- Added test 'uncrustify' to check C / C++ code style
-- Configured uncrustify additional arguments: 
-- Added test 'xmllint' to check XML markup files
-- Configuring done (4.1s)
-- Generating done (0.0s)
-- Build files have been written to: /home/crubs/Documents/dev_ws/build/ldlidar_stl_ros2
[ 12%] [32mBuilding CXX object CMakeFiles/ldlidar_stl_ros2_node.dir/ldlidar_driver/src/dataprocess/lipkg.cpp.o[0m
[ 25%] [32mBuilding CXX object CMakeFiles/ldlidar_stl_ros2_node.dir/src/demo.cpp.o[0m
[ 37%] [32mBuilding CXX object CMakeFiles/ldlidar_stl_ros2_node.dir/ldlidar_driver/src/core/ldlidar_driver.cpp.o[0m
[ 50%] [32mBuilding CXX object CMakeFiles/ldlidar_stl_ros2_node.dir/ldlidar_driver/src/filter/tofbf.cpp.o[0m
[ 62%] [32mBuilding CXX object CMakeFiles/ldlidar_stl_ros2_node.dir/ldlidar_driver/src/logger/log_module.cpp.o[0m
[ 75%] [32mBuilding CXX object CMakeFiles/ldlidar_stl_ros2_node.dir/ldlidar_driver/src/networkcom/network_socket_interface_linux.cpp.o[0m
[ 87%] [32mBuilding CXX object CMakeFiles/ldlidar_stl_ros2_node.dir/ldlidar_driver/src/serialcom/serial_interface_linux.cpp.o[0m
[100%] [32m[1mLinking CXX executable ldlidar_stl_ros2_node[0m
[100%] Built target ldlidar_stl_ros2_node
-- Install configuration: ""
-- Installing: /home/crubs/Documents/dev_ws/install/ldlidar_stl_ros2/lib/ldlidar_stl_ros2/ldlidar_stl_ros2_node
-- Set non-toolchain portion of runtime path of "/home/crubs/Documents/dev_ws/install/ldlidar_stl_ros2/lib/ldlidar_stl_ros2/ldlidar_stl_ros2_node" to ""
-- Installing: /home/crubs/Documents/dev_ws/install/ldlidar_stl_ros2/share/ldlidar_stl_ros2//launch
-- Installing: /home/crubs/Documents/dev_ws/install/ldlidar_stl_ros2/share/ldlidar_stl_ros2//launch/viewer_ld19.launch.py
-- Installing: /home/crubs/Documents/dev_ws/install/ldlidar_stl_ros2/share/ldlidar_stl_ros2//launch/ld06.launch.py
-- Installing: /home/crubs/Documents/dev_ws/install/ldlidar_stl_ros2/share/ldlidar_stl_ros2//launch/ld19.launch.py
-- Installing: /home/crubs/Documents/dev_ws/install/ldlidar_stl_ros2/share/ldlidar_stl_ros2//launch/viewer_ld06.launch.py
-- Installing: /home/crubs/Documents/dev_ws/install/ldlidar_stl_ros2/share/ldlidar_stl_ros2//rviz2
-- Installing: /home/crubs/Documents/dev_ws/install/ldlidar_stl_ros2/share/ldlidar_stl_ros2//rviz2/ldlidar.rviz
-- Installing: /home/crubs/Documents/dev_ws/install/ldlidar_stl_ros2/share/ament_index/resource_index/package_run_dependencies/ldlidar_stl_ros2
-- Installing: /home/crubs/Documents/dev_ws/install/ldlidar_stl_ros2/share/ament_index/resource_index/parent_prefix_path/ldlidar_stl_ros2
-- Installing: /home/crubs/Documents/dev_ws/install/ldlidar_stl_ros2/share/ldlidar_stl_ros2/environment/ament_prefix_path.sh
-- Installing: /home/crubs/Documents/dev_ws/install/ldlidar_stl_ros2/share/ldlidar_stl_ros2/environment/ament_prefix_path.dsv
-- Installing: /home/crubs/Documents/dev_ws/install/ldlidar_stl_ros2/share/ldlidar_stl_ros2/environment/path.sh
-- Installing: /home/crubs/Documents/dev_ws/install/ldlidar_stl_ros2/share/ldlidar_stl_ros2/environment/path.dsv
-- Installing: /home/crubs/Documents/dev_ws/install/ldlidar_stl_ros2/share/ldlidar_stl_ros2/local_setup.bash
-- Installing: /home/crubs/Documents/dev_ws/install/ldlidar_stl_ros2/share/ldlidar_stl_ros2/local_setup.sh
-- Installing: /home/crubs/Documents/dev_ws/install/ldlidar_stl_ros2/share/ldlidar_stl_ros2/local_setup.zsh
-- Installing: /home/crubs/Documents/dev_ws/install/ldlidar_stl_ros2/share/ldlidar_stl_ros2/local_setup.dsv
-- Installing: /home/crubs/Documents/dev_ws/install/ldlidar_stl_ros2/share/ldlidar_stl_ros2/package.dsv
-- Installing: /home/crubs/Documents/dev_ws/install/ldlidar_stl_ros2/share/ament_index/resource_index/packages/ldlidar_stl_ros2
-- Installing: /home/crubs/Documents/dev_ws/install/ldlidar_stl_ros2/share/ldlidar_stl_ros2/cmake/ldlidar_stl_ros2Config.cmake
-- Installing: /home/crubs/Documents/dev_ws/install/ldlidar_stl_ros2/share/ldlidar_stl_ros2/cmake/ldlidar_stl_ros2Config-version.cmake
-- Installing: /home/crubs/Documents/dev_ws/install/ldlidar_stl_ros2/share/ldlidar_stl_ros2/package.xml
