[0.385s] Invoking command in '/home/crubs/Documents/dev_ws/build/ldlidar_stl_ros2': CMAKE_PREFIX_PATH=${CMAKE_PREFIX_PATH}:/home/crubs/Documents/dev_ws/install/robot_sensors:/home/crubs/Documents/dev_ws/install/robot_communication:/home/crubs/Documents/dev_ws/install/robot_camera:/home/crubs/Documents/dev_ws/install/robot_accessories:/home/crubs/Documents/dev_ws/install/imu_package:/opt/ros/jazzy DEBUGINFOD_URLS=https://debuginfod.ubuntu.com PS1=(ros2_env) \[\e]0;\u@\h: \w\a\]${debian_chroot:+($debian_chroot)}\[\033[01;32m\]\u@\h\[\033[00m\]:\[\033[01;34m\]\w\[\033[00m\]\$ VIRTUAL_ENV_PROMPT=(ros2_env) /usr/bin/cmake /home/crubs/Documents/dev_ws/src/ldlidar_stl_ros2 -DCMAKE_INSTALL_PREFIX=/home/crubs/Documents/dev_ws/install/ldlidar_stl_ros2
[0.937s] -- The C compiler identification is GNU 13.2.0
[1.465s] -- The CXX compiler identification is GNU 13.2.0
[1.577s] -- Detecting C compiler ABI info
[1.958s] -- Detecting C compiler ABI info - done
[1.976s] -- Check for working C compiler: /usr/bin/cc - skipped
[1.980s] -- Detecting C compile features
[1.980s] -- Detecting C compile features - done
[2.008s] -- Detecting CXX compiler ABI info
[2.281s] -- Detecting CXX compiler ABI info - done
[2.297s] -- Check for working CXX compiler: /usr/bin/c++ - skipped
[2.299s] -- Detecting CXX compile features
[2.300s] -- Detecting CXX compile features - done
[2.322s] -- Found ament_cmake: 2.5.2 (/opt/ros/jazzy/share/ament_cmake/cmake)
[2.578s] -- Found Python3: /home/crubs/ros2_env/bin/python3 (found version "3.12.3") found components: Interpreter 
[2.916s] -- Found rclcpp: 28.1.5 (/opt/ros/jazzy/share/rclcpp/cmake)
[3.057s] -- Found rosidl_generator_c: 4.6.4 (/opt/ros/jazzy/share/rosidl_generator_c/cmake)
[3.116s] -- Found rosidl_generator_cpp: 4.6.4 (/opt/ros/jazzy/share/rosidl_generator_cpp/cmake)
[3.199s] -- Using all available rosidl_typesupport_c: rosidl_typesupport_fastrtps_c;rosidl_typesupport_introspection_c
[3.268s] -- Using all available rosidl_typesupport_cpp: rosidl_typesupport_fastrtps_cpp;rosidl_typesupport_introspection_cpp
[3.470s] -- Found rmw_implementation_cmake: 7.3.1 (/opt/ros/jazzy/share/rmw_implementation_cmake/cmake)
[3.482s] -- Found rmw_fastrtps_cpp: 8.4.1 (/opt/ros/jazzy/share/rmw_fastrtps_cpp/cmake)
[3.721s] -- Found OpenSSL: /usr/lib/aarch64-linux-gnu/libcrypto.so (found version "3.0.13")  
[3.763s] -- Found FastRTPS: /opt/ros/jazzy/include (Required is at least version "2.13") 
[3.812s] -- Using RMW implementation 'rmw_fastrtps_cpp' as default
[4.003s] -- Found sensor_msgs: 5.3.5 (/opt/ros/jazzy/share/sensor_msgs/cmake)
[4.160s] -- Found ament_lint_auto: 0.17.1 (/opt/ros/jazzy/share/ament_lint_auto/cmake)
[4.460s] -- Added test 'copyright' to check source files copyright and LICENSE
[4.467s] -- Added test 'cppcheck' to perform static code analysis on C / C++ code
[4.468s] -- Configured cppcheck include dirs: /home/crubs/Documents/dev_ws/src/ldlidar_stl_ros2/include;/home/crubs/Documents/dev_ws/src/ldlidar_stl_ros2/ldlidar_driver/include/core;/home/crubs/Documents/dev_ws/src/ldlidar_stl_ros2/ldlidar_driver/include/dataprocess;/home/crubs/Documents/dev_ws/src/ldlidar_stl_ros2/ldlidar_driver/include/filter;/home/crubs/Documents/dev_ws/src/ldlidar_stl_ros2/ldlidar_driver/include/logger;/home/crubs/Documents/dev_ws/src/ldlidar_stl_ros2/ldlidar_driver/include/networkcom;/home/crubs/Documents/dev_ws/src/ldlidar_stl_ros2/ldlidar_driver/include/serialcom
[4.468s] -- Configured cppcheck exclude dirs and/or files: 
[4.476s] -- Added test 'cpplint' to check C / C++ code against the Google style
[4.476s] -- Configured cpplint exclude dirs and/or files: 
[4.480s] -- Added test 'flake8' to check Python code syntax and style conventions
[4.483s] -- Configured 'flake8' exclude dirs and/or files: 
[4.486s] -- Added test 'lint_cmake' to check CMake code style
[4.488s] -- Added test 'pep257' to check Python code against some of the docstring style conventions in PEP 257
[4.496s] -- Added test 'uncrustify' to check C / C++ code style
[4.497s] -- Configured uncrustify additional arguments: 
[4.500s] -- Added test 'xmllint' to check XML markup files
[4.504s] -- Configuring done (4.1s)
[4.534s] -- Generating done (0.0s)
[4.536s] -- Build files have been written to: /home/crubs/Documents/dev_ws/build/ldlidar_stl_ros2
[4.577s] Invoked command in '/home/crubs/Documents/dev_ws/build/ldlidar_stl_ros2' returned '0': CMAKE_PREFIX_PATH=${CMAKE_PREFIX_PATH}:/home/crubs/Documents/dev_ws/install/robot_sensors:/home/crubs/Documents/dev_ws/install/robot_communication:/home/crubs/Documents/dev_ws/install/robot_camera:/home/crubs/Documents/dev_ws/install/robot_accessories:/home/crubs/Documents/dev_ws/install/imu_package:/opt/ros/jazzy DEBUGINFOD_URLS=https://debuginfod.ubuntu.com PS1=(ros2_env) \[\e]0;\u@\h: \w\a\]${debian_chroot:+($debian_chroot)}\[\033[01;32m\]\u@\h\[\033[00m\]:\[\033[01;34m\]\w\[\033[00m\]\$ VIRTUAL_ENV_PROMPT=(ros2_env) /usr/bin/cmake /home/crubs/Documents/dev_ws/src/ldlidar_stl_ros2 -DCMAKE_INSTALL_PREFIX=/home/crubs/Documents/dev_ws/install/ldlidar_stl_ros2
[4.578s] Invoking command in '/home/crubs/Documents/dev_ws/build/ldlidar_stl_ros2': CMAKE_PREFIX_PATH=${CMAKE_PREFIX_PATH}:/home/crubs/Documents/dev_ws/install/robot_sensors:/home/crubs/Documents/dev_ws/install/robot_communication:/home/crubs/Documents/dev_ws/install/robot_camera:/home/crubs/Documents/dev_ws/install/robot_accessories:/home/crubs/Documents/dev_ws/install/imu_package:/opt/ros/jazzy DEBUGINFOD_URLS=https://debuginfod.ubuntu.com PS1=(ros2_env) \[\e]0;\u@\h: \w\a\]${debian_chroot:+($debian_chroot)}\[\033[01;32m\]\u@\h\[\033[00m\]:\[\033[01;34m\]\w\[\033[00m\]\$ VIRTUAL_ENV_PROMPT=(ros2_env) /usr/bin/cmake --build /home/crubs/Documents/dev_ws/build/ldlidar_stl_ros2 -- -j4 -l4
[4.722s] [ 12%] [32mBuilding CXX object CMakeFiles/ldlidar_stl_ros2_node.dir/ldlidar_driver/src/dataprocess/lipkg.cpp.o[0m
[4.727s] [ 25%] [32mBuilding CXX object CMakeFiles/ldlidar_stl_ros2_node.dir/src/demo.cpp.o[0m
[4.734s] [ 37%] [32mBuilding CXX object CMakeFiles/ldlidar_stl_ros2_node.dir/ldlidar_driver/src/core/ldlidar_driver.cpp.o[0m
[4.736s] [ 50%] [32mBuilding CXX object CMakeFiles/ldlidar_stl_ros2_node.dir/ldlidar_driver/src/filter/tofbf.cpp.o[0m
[8.818s] [ 62%] [32mBuilding CXX object CMakeFiles/ldlidar_stl_ros2_node.dir/ldlidar_driver/src/logger/log_module.cpp.o[0m
[9.045s] [ 75%] [32mBuilding CXX object CMakeFiles/ldlidar_stl_ros2_node.dir/ldlidar_driver/src/networkcom/network_socket_interface_linux.cpp.o[0m
[9.803s] [ 87%] [32mBuilding CXX object CMakeFiles/ldlidar_stl_ros2_node.dir/ldlidar_driver/src/serialcom/serial_interface_linux.cpp.o[0m
[17.668s] [100%] [32m[1mLinking CXX executable ldlidar_stl_ros2_node[0m
[18.120s] [100%] Built target ldlidar_stl_ros2_node
[18.143s] Invoked command in '/home/crubs/Documents/dev_ws/build/ldlidar_stl_ros2' returned '0': CMAKE_PREFIX_PATH=${CMAKE_PREFIX_PATH}:/home/crubs/Documents/dev_ws/install/robot_sensors:/home/crubs/Documents/dev_ws/install/robot_communication:/home/crubs/Documents/dev_ws/install/robot_camera:/home/crubs/Documents/dev_ws/install/robot_accessories:/home/crubs/Documents/dev_ws/install/imu_package:/opt/ros/jazzy DEBUGINFOD_URLS=https://debuginfod.ubuntu.com PS1=(ros2_env) \[\e]0;\u@\h: \w\a\]${debian_chroot:+($debian_chroot)}\[\033[01;32m\]\u@\h\[\033[00m\]:\[\033[01;34m\]\w\[\033[00m\]\$ VIRTUAL_ENV_PROMPT=(ros2_env) /usr/bin/cmake --build /home/crubs/Documents/dev_ws/build/ldlidar_stl_ros2 -- -j4 -l4
[18.207s] Invoking command in '/home/crubs/Documents/dev_ws/build/ldlidar_stl_ros2': CMAKE_PREFIX_PATH=${CMAKE_PREFIX_PATH}:/home/crubs/Documents/dev_ws/install/robot_sensors:/home/crubs/Documents/dev_ws/install/robot_communication:/home/crubs/Documents/dev_ws/install/robot_camera:/home/crubs/Documents/dev_ws/install/robot_accessories:/home/crubs/Documents/dev_ws/install/imu_package:/opt/ros/jazzy DEBUGINFOD_URLS=https://debuginfod.ubuntu.com PS1=(ros2_env) \[\e]0;\u@\h: \w\a\]${debian_chroot:+($debian_chroot)}\[\033[01;32m\]\u@\h\[\033[00m\]:\[\033[01;34m\]\w\[\033[00m\]\$ VIRTUAL_ENV_PROMPT=(ros2_env) /usr/bin/cmake --install /home/crubs/Documents/dev_ws/build/ldlidar_stl_ros2
[18.225s] -- Install configuration: ""
[18.225s] -- Installing: /home/crubs/Documents/dev_ws/install/ldlidar_stl_ros2/lib/ldlidar_stl_ros2/ldlidar_stl_ros2_node
[18.229s] -- Set non-toolchain portion of runtime path of "/home/crubs/Documents/dev_ws/install/ldlidar_stl_ros2/lib/ldlidar_stl_ros2/ldlidar_stl_ros2_node" to ""
[18.229s] -- Installing: /home/crubs/Documents/dev_ws/install/ldlidar_stl_ros2/share/ldlidar_stl_ros2//launch
[18.229s] -- Installing: /home/crubs/Documents/dev_ws/install/ldlidar_stl_ros2/share/ldlidar_stl_ros2//launch/viewer_ld19.launch.py
[18.231s] -- Installing: /home/crubs/Documents/dev_ws/install/ldlidar_stl_ros2/share/ldlidar_stl_ros2//launch/ld06.launch.py
[18.232s] -- Installing: /home/crubs/Documents/dev_ws/install/ldlidar_stl_ros2/share/ldlidar_stl_ros2//launch/ld19.launch.py
[18.232s] -- Installing: /home/crubs/Documents/dev_ws/install/ldlidar_stl_ros2/share/ldlidar_stl_ros2//launch/viewer_ld06.launch.py
[18.233s] -- Installing: /home/crubs/Documents/dev_ws/install/ldlidar_stl_ros2/share/ldlidar_stl_ros2//rviz2
[18.233s] -- Installing: /home/crubs/Documents/dev_ws/install/ldlidar_stl_ros2/share/ldlidar_stl_ros2//rviz2/ldlidar.rviz
[18.234s] -- Installing: /home/crubs/Documents/dev_ws/install/ldlidar_stl_ros2/share/ament_index/resource_index/package_run_dependencies/ldlidar_stl_ros2
[18.234s] -- Installing: /home/crubs/Documents/dev_ws/install/ldlidar_stl_ros2/share/ament_index/resource_index/parent_prefix_path/ldlidar_stl_ros2
[18.234s] -- Installing: /home/crubs/Documents/dev_ws/install/ldlidar_stl_ros2/share/ldlidar_stl_ros2/environment/ament_prefix_path.sh
[18.234s] -- Installing: /home/crubs/Documents/dev_ws/install/ldlidar_stl_ros2/share/ldlidar_stl_ros2/environment/ament_prefix_path.dsv
[18.235s] -- Installing: /home/crubs/Documents/dev_ws/install/ldlidar_stl_ros2/share/ldlidar_stl_ros2/environment/path.sh
[18.235s] -- Installing: /home/crubs/Documents/dev_ws/install/ldlidar_stl_ros2/share/ldlidar_stl_ros2/environment/path.dsv
[18.235s] -- Installing: /home/crubs/Documents/dev_ws/install/ldlidar_stl_ros2/share/ldlidar_stl_ros2/local_setup.bash
[18.235s] -- Installing: /home/crubs/Documents/dev_ws/install/ldlidar_stl_ros2/share/ldlidar_stl_ros2/local_setup.sh
[18.235s] -- Installing: /home/crubs/Documents/dev_ws/install/ldlidar_stl_ros2/share/ldlidar_stl_ros2/local_setup.zsh
[18.235s] -- Installing: /home/crubs/Documents/dev_ws/install/ldlidar_stl_ros2/share/ldlidar_stl_ros2/local_setup.dsv
[18.236s] -- Installing: /home/crubs/Documents/dev_ws/install/ldlidar_stl_ros2/share/ldlidar_stl_ros2/package.dsv
[18.236s] -- Installing: /home/crubs/Documents/dev_ws/install/ldlidar_stl_ros2/share/ament_index/resource_index/packages/ldlidar_stl_ros2
[18.236s] -- Installing: /home/crubs/Documents/dev_ws/install/ldlidar_stl_ros2/share/ldlidar_stl_ros2/cmake/ldlidar_stl_ros2Config.cmake
[18.236s] -- Installing: /home/crubs/Documents/dev_ws/install/ldlidar_stl_ros2/share/ldlidar_stl_ros2/cmake/ldlidar_stl_ros2Config-version.cmake
[18.236s] -- Installing: /home/crubs/Documents/dev_ws/install/ldlidar_stl_ros2/share/ldlidar_stl_ros2/package.xml
[18.240s] Invoked command in '/home/crubs/Documents/dev_ws/build/ldlidar_stl_ros2' returned '0': CMAKE_PREFIX_PATH=${CMAKE_PREFIX_PATH}:/home/crubs/Documents/dev_ws/install/robot_sensors:/home/crubs/Documents/dev_ws/install/robot_communication:/home/crubs/Documents/dev_ws/install/robot_camera:/home/crubs/Documents/dev_ws/install/robot_accessories:/home/crubs/Documents/dev_ws/install/imu_package:/opt/ros/jazzy DEBUGINFOD_URLS=https://debuginfod.ubuntu.com PS1=(ros2_env) \[\e]0;\u@\h: \w\a\]${debian_chroot:+($debian_chroot)}\[\033[01;32m\]\u@\h\[\033[00m\]:\[\033[01;34m\]\w\[\033[00m\]\$ VIRTUAL_ENV_PROMPT=(ros2_env) /usr/bin/cmake --install /home/crubs/Documents/dev_ws/build/ldlidar_stl_ros2
