[0.402s] Invoking command in '/home/crubs/Documents/dev_ws/build/ldlidar_stl_ros2': CMAKE_PREFIX_PATH=${CMAKE_PREFIX_PATH}:/home/crubs/Documents/dev_ws/install/robot_sensors:/home/crubs/Documents/dev_ws/install/robot_communication:/home/crubs/Documents/dev_ws/install/robot_camera:/home/crubs/Documents/dev_ws/install/robot_accessories:/home/crubs/Documents/dev_ws/install/imu_package:/opt/ros/jazzy DEBUGINFOD_URLS=https://debuginfod.ubuntu.com /usr/bin/cmake --build /home/crubs/Documents/dev_ws/build/ldlidar_stl_ros2 -- -j4 -l4
[0.594s] [100%] Built target ldlidar_stl_ros2_node
[0.821s] Invoked command in '/home/crubs/Documents/dev_ws/build/ldlidar_stl_ros2' returned '0': CMAKE_PREFIX_PATH=${CMAKE_PREFIX_PATH}:/home/crubs/Documents/dev_ws/install/robot_sensors:/home/crubs/Documents/dev_ws/install/robot_communication:/home/crubs/Documents/dev_ws/install/robot_camera:/home/crubs/Documents/dev_ws/install/robot_accessories:/home/crubs/Documents/dev_ws/install/imu_package:/opt/ros/jazzy DEBUGINFOD_URLS=https://debuginfod.ubuntu.com /usr/bin/cmake --build /home/crubs/Documents/dev_ws/build/ldlidar_stl_ros2 -- -j4 -l4
[0.826s] Invoking command in '/home/crubs/Documents/dev_ws/build/ldlidar_stl_ros2': CMAKE_PREFIX_PATH=${CMAKE_PREFIX_PATH}:/home/crubs/Documents/dev_ws/install/robot_sensors:/home/crubs/Documents/dev_ws/install/robot_communication:/home/crubs/Documents/dev_ws/install/robot_camera:/home/crubs/Documents/dev_ws/install/robot_accessories:/home/crubs/Documents/dev_ws/install/imu_package:/opt/ros/jazzy DEBUGINFOD_URLS=https://debuginfod.ubuntu.com /usr/bin/cmake --install /home/crubs/Documents/dev_ws/build/ldlidar_stl_ros2
[0.848s] -- Install configuration: ""
[0.850s] -- Up-to-date: /home/crubs/Documents/dev_ws/install/ldlidar_stl_ros2/lib/ldlidar_stl_ros2/ldlidar_stl_ros2_node
[0.850s] -- Up-to-date: /home/crubs/Documents/dev_ws/install/ldlidar_stl_ros2/share/ldlidar_stl_ros2//launch
[0.850s] -- Up-to-date: /home/crubs/Documents/dev_ws/install/ldlidar_stl_ros2/share/ldlidar_stl_ros2//launch/viewer_ld19.launch.py
[0.850s] -- Up-to-date: /home/crubs/Documents/dev_ws/install/ldlidar_stl_ros2/share/ldlidar_stl_ros2//launch/ld06.launch.py
[0.850s] -- Up-to-date: /home/crubs/Documents/dev_ws/install/ldlidar_stl_ros2/share/ldlidar_stl_ros2//launch/ld19.launch.py
[0.850s] -- Up-to-date: /home/crubs/Documents/dev_ws/install/ldlidar_stl_ros2/share/ldlidar_stl_ros2//launch/viewer_ld06.launch.py
[0.851s] -- Up-to-date: /home/crubs/Documents/dev_ws/install/ldlidar_stl_ros2/share/ldlidar_stl_ros2//rviz2
[0.851s] -- Up-to-date: /home/crubs/Documents/dev_ws/install/ldlidar_stl_ros2/share/ldlidar_stl_ros2//rviz2/ldlidar.rviz
[0.851s] -- Up-to-date: /home/crubs/Documents/dev_ws/install/ldlidar_stl_ros2/share/ament_index/resource_index/package_run_dependencies/ldlidar_stl_ros2
[0.851s] -- Up-to-date: /home/crubs/Documents/dev_ws/install/ldlidar_stl_ros2/share/ament_index/resource_index/parent_prefix_path/ldlidar_stl_ros2
[0.851s] -- Up-to-date: /home/crubs/Documents/dev_ws/install/ldlidar_stl_ros2/share/ldlidar_stl_ros2/environment/ament_prefix_path.sh
[0.851s] -- Up-to-date: /home/crubs/Documents/dev_ws/install/ldlidar_stl_ros2/share/ldlidar_stl_ros2/environment/ament_prefix_path.dsv
[0.852s] -- Up-to-date: /home/crubs/Documents/dev_ws/install/ldlidar_stl_ros2/share/ldlidar_stl_ros2/environment/path.sh
[0.852s] -- Up-to-date: /home/crubs/Documents/dev_ws/install/ldlidar_stl_ros2/share/ldlidar_stl_ros2/environment/path.dsv
[0.852s] -- Up-to-date: /home/crubs/Documents/dev_ws/install/ldlidar_stl_ros2/share/ldlidar_stl_ros2/local_setup.bash
[0.852s] -- Up-to-date: /home/crubs/Documents/dev_ws/install/ldlidar_stl_ros2/share/ldlidar_stl_ros2/local_setup.sh
[0.852s] -- Up-to-date: /home/crubs/Documents/dev_ws/install/ldlidar_stl_ros2/share/ldlidar_stl_ros2/local_setup.zsh
[0.853s] -- Up-to-date: /home/crubs/Documents/dev_ws/install/ldlidar_stl_ros2/share/ldlidar_stl_ros2/local_setup.dsv
[0.853s] -- Installing: /home/crubs/Documents/dev_ws/install/ldlidar_stl_ros2/share/ldlidar_stl_ros2/package.dsv
[0.854s] -- Up-to-date: /home/crubs/Documents/dev_ws/install/ldlidar_stl_ros2/share/ament_index/resource_index/packages/ldlidar_stl_ros2
[0.855s] -- Up-to-date: /home/crubs/Documents/dev_ws/install/ldlidar_stl_ros2/share/ldlidar_stl_ros2/cmake/ldlidar_stl_ros2Config.cmake
[0.855s] -- Up-to-date: /home/crubs/Documents/dev_ws/install/ldlidar_stl_ros2/share/ldlidar_stl_ros2/cmake/ldlidar_stl_ros2Config-version.cmake
[0.855s] -- Up-to-date: /home/crubs/Documents/dev_ws/install/ldlidar_stl_ros2/share/ldlidar_stl_ros2/package.xml
[0.861s] Invoked command in '/home/crubs/Documents/dev_ws/build/ldlidar_stl_ros2' returned '0': CMAKE_PREFIX_PATH=${CMAKE_PREFIX_PATH}:/home/crubs/Documents/dev_ws/install/robot_sensors:/home/crubs/Documents/dev_ws/install/robot_communication:/home/crubs/Documents/dev_ws/install/robot_camera:/home/crubs/Documents/dev_ws/install/robot_accessories:/home/crubs/Documents/dev_ws/install/imu_package:/opt/ros/jazzy DEBUGINFOD_URLS=https://debuginfod.ubuntu.com /usr/bin/cmake --install /home/crubs/Documents/dev_ws/build/ldlidar_stl_ros2
