[1.407s] Invoking command in '/home/crubs/Documents/dev_ws/src/robot_sensors': DEBUGINFOD_URLS=https://debuginfod.ubuntu.com PS1=(ros2_env) \[\e]0;\u@\h: \w\a\]${debian_chroot:+($debian_chroot)}\[\033[01;32m\]\u@\h\[\033[00m\]:\[\033[01;34m\]\w\[\033[00m\]\$ PYTHONPATH=/home/crubs/Documents/dev_ws/build/robot_sensors/prefix_override:/usr/lib/python3/dist-packages/colcon_core/task/python/colcon_distutils_commands:/home/crubs/Documents/dev_ws/install/robot_sensors/lib/python3.12/site-packages:${PYTHONPATH} VIRTUAL_ENV_PROMPT=(ros2_env) /usr/bin/python3 -W ignore:setup.py install is deprecated setup.py egg_info --egg-base ../../build/robot_sensors build --build-base /home/crubs/Documents/dev_ws/build/robot_sensors/build install --record /home/crubs/Documents/dev_ws/build/robot_sensors/install.log --single-version-externally-managed install_data
[1.643s] /home/crubs/ros2_env/lib/python3.12/site-packages/setuptools/_distutils/dist.py:261: UserWarning: Unknown distribution option: 'tests_require'
[1.643s]   warnings.warn(msg)
[1.830s] running egg_info
[1.861s] writing ../../build/robot_sensors/robot_sensors.egg-info/PKG-INFO
[1.861s] writing dependency_links to ../../build/robot_sensors/robot_sensors.egg-info/dependency_links.txt
[1.864s] writing entry points to ../../build/robot_sensors/robot_sensors.egg-info/entry_points.txt
[1.864s] writing requirements to ../../build/robot_sensors/robot_sensors.egg-info/requires.txt
[1.865s] writing top-level names to ../../build/robot_sensors/robot_sensors.egg-info/top_level.txt
[1.930s] reading manifest file '../../build/robot_sensors/robot_sensors.egg-info/SOURCES.txt'
[1.947s] writing manifest file '../../build/robot_sensors/robot_sensors.egg-info/SOURCES.txt'
[1.947s] running build
[1.947s] running build_py
[1.947s] copying robot_sensors/__init__.py -> /home/crubs/Documents/dev_ws/build/robot_sensors/build/lib/robot_sensors
[1.948s] copying robot_sensors/encoders_to_odom.py -> /home/crubs/Documents/dev_ws/build/robot_sensors/build/lib/robot_sensors
[1.948s] running install
[1.957s] running install_lib
[1.989s] running install_data
[1.989s] copying resource/robot_sensors -> /home/crubs/Documents/dev_ws/install/robot_sensors/share/ament_index/resource_index/packages
[1.990s] copying package.xml -> /home/crubs/Documents/dev_ws/install/robot_sensors/share/robot_sensors
[1.990s] copying launch/allSensors.launch.py -> /home/crubs/Documents/dev_ws/install/robot_sensors/share/robot_sensors/launch
[1.990s] running install_egg_info
[2.022s] removing '/home/crubs/Documents/dev_ws/install/robot_sensors/lib/python3.12/site-packages/robot_sensors-0.0.0-py3.12.egg-info' (and everything under it)
[2.022s] Copying ../../build/robot_sensors/robot_sensors.egg-info to /home/crubs/Documents/dev_ws/install/robot_sensors/lib/python3.12/site-packages/robot_sensors-0.0.0-py3.12.egg-info
[2.023s] running install_scripts
[2.206s] Installing encoders_to_odom script to /home/crubs/Documents/dev_ws/install/robot_sensors/lib/robot_sensors
[2.206s] writing list of installed files to '/home/crubs/Documents/dev_ws/build/robot_sensors/install.log'
[2.288s] Invoked command in '/home/crubs/Documents/dev_ws/src/robot_sensors' returned '0': DEBUGINFOD_URLS=https://debuginfod.ubuntu.com PS1=(ros2_env) \[\e]0;\u@\h: \w\a\]${debian_chroot:+($debian_chroot)}\[\033[01;32m\]\u@\h\[\033[00m\]:\[\033[01;34m\]\w\[\033[00m\]\$ PYTHONPATH=/home/crubs/Documents/dev_ws/build/robot_sensors/prefix_override:/usr/lib/python3/dist-packages/colcon_core/task/python/colcon_distutils_commands:/home/crubs/Documents/dev_ws/install/robot_sensors/lib/python3.12/site-packages:${PYTHONPATH} VIRTUAL_ENV_PROMPT=(ros2_env) /usr/bin/python3 -W ignore:setup.py install is deprecated setup.py egg_info --egg-base ../../build/robot_sensors build --build-base /home/crubs/Documents/dev_ws/build/robot_sensors/build install --record /home/crubs/Documents/dev_ws/build/robot_sensors/install.log --single-version-externally-managed install_data
