[0.018s] Invoking command in '/home/crubs/Documents/dev_ws/build/robot_description': CMAKE_PREFIX_PATH=${CMAKE_PREFIX_PATH}:/home/crubs/Documents/dev_ws/install/robot_sensors:/home/crubs/Documents/dev_ws/install/robot_communication:/home/crubs/Documents/dev_ws/install/robot_camera:/home/crubs/Documents/dev_ws/install/robot_accessories:/home/crubs/Documents/dev_ws/install/imu_package:/opt/ros/jazzy DEBUGINFOD_URLS=https://debuginfod.ubuntu.com /usr/bin/cmake --build /home/crubs/Documents/dev_ws/build/robot_description -- -j4 -l4
[0.117s] Invoked command in '/home/crubs/Documents/dev_ws/build/robot_description' returned '0': CMAKE_PREFIX_PATH=${CMAKE_PREFIX_PATH}:/home/crubs/Documents/dev_ws/install/robot_sensors:/home/crubs/Documents/dev_ws/install/robot_communication:/home/crubs/Documents/dev_ws/install/robot_camera:/home/crubs/Documents/dev_ws/install/robot_accessories:/home/crubs/Documents/dev_ws/install/imu_package:/opt/ros/jazzy DEBUGINFOD_URLS=https://debuginfod.ubuntu.com /usr/bin/cmake --build /home/crubs/Documents/dev_ws/build/robot_description -- -j4 -l4
[0.119s] Invoking command in '/home/crubs/Documents/dev_ws/build/robot_description': CMAKE_PREFIX_PATH=${CMAKE_PREFIX_PATH}:/home/crubs/Documents/dev_ws/install/robot_sensors:/home/crubs/Documents/dev_ws/install/robot_communication:/home/crubs/Documents/dev_ws/install/robot_camera:/home/crubs/Documents/dev_ws/install/robot_accessories:/home/crubs/Documents/dev_ws/install/imu_package:/opt/ros/jazzy DEBUGINFOD_URLS=https://debuginfod.ubuntu.com /usr/bin/cmake --install /home/crubs/Documents/dev_ws/build/robot_description
[0.142s] -- Install configuration: ""
[0.142s] -- Up-to-date: /home/crubs/Documents/dev_ws/install/robot_description/share/robot_description/launch
[0.143s] -- Up-to-date: /home/crubs/Documents/dev_ws/install/robot_description/share/robot_description/launch/description.launch.py
[0.143s] -- Up-to-date: /home/crubs/Documents/dev_ws/install/robot_description/share/robot_description/meshes
[0.143s] -- Up-to-date: /home/crubs/Documents/dev_ws/install/robot_description/share/robot_description/meshes/left_wheel_link.STL
[0.144s] -- Up-to-date: /home/crubs/Documents/dev_ws/install/robot_description/share/robot_description/meshes/gripper_right_link.STL
[0.144s] -- Up-to-date: /home/crubs/Documents/dev_ws/install/robot_description/share/robot_description/meshes/right_wheel_link.STL
[0.144s] -- Up-to-date: /home/crubs/Documents/dev_ws/install/robot_description/share/robot_description/meshes/gripper_left_link.STL
[0.144s] -- Up-to-date: /home/crubs/Documents/dev_ws/install/robot_description/share/robot_description/meshes/base_link.STL
[0.145s] -- Up-to-date: /home/crubs/Documents/dev_ws/install/robot_description/share/robot_description/meshes/lidar_link.STL
[0.145s] -- Up-to-date: /home/crubs/Documents/dev_ws/install/robot_description/share/robot_description/meshes/imu_link.STL
[0.145s] -- Up-to-date: /home/crubs/Documents/dev_ws/install/robot_description/share/robot_description/urdf
[0.145s] -- Up-to-date: /home/crubs/Documents/dev_ws/install/robot_description/share/robot_description/urdf/robot.urdf.xacro
[0.146s] -- Up-to-date: /home/crubs/Documents/dev_ws/install/robot_description/share/robot_description/urdf/gazebo_plugins.xacro
[0.147s] -- Up-to-date: /home/crubs/Documents/dev_ws/install/robot_description/share/robot_description/urdf/robot_core.xacro
[0.147s] -- Up-to-date: /home/crubs/Documents/dev_ws/install/robot_description/share/ament_index/resource_index/package_run_dependencies/robot_description
[0.147s] -- Up-to-date: /home/crubs/Documents/dev_ws/install/robot_description/share/ament_index/resource_index/parent_prefix_path/robot_description
[0.147s] -- Up-to-date: /home/crubs/Documents/dev_ws/install/robot_description/share/robot_description/environment/ament_prefix_path.sh
[0.147s] -- Up-to-date: /home/crubs/Documents/dev_ws/install/robot_description/share/robot_description/environment/ament_prefix_path.dsv
[0.148s] -- Up-to-date: /home/crubs/Documents/dev_ws/install/robot_description/share/robot_description/environment/path.sh
[0.148s] -- Up-to-date: /home/crubs/Documents/dev_ws/install/robot_description/share/robot_description/environment/path.dsv
[0.148s] -- Up-to-date: /home/crubs/Documents/dev_ws/install/robot_description/share/robot_description/local_setup.bash
[0.149s] -- Up-to-date: /home/crubs/Documents/dev_ws/install/robot_description/share/robot_description/local_setup.sh
[0.149s] -- Up-to-date: /home/crubs/Documents/dev_ws/install/robot_description/share/robot_description/local_setup.zsh
[0.149s] -- Up-to-date: /home/crubs/Documents/dev_ws/install/robot_description/share/robot_description/local_setup.dsv
[0.149s] -- Installing: /home/crubs/Documents/dev_ws/install/robot_description/share/robot_description/package.dsv
[0.153s] -- Up-to-date: /home/crubs/Documents/dev_ws/install/robot_description/share/ament_index/resource_index/packages/robot_description
[0.153s] -- Up-to-date: /home/crubs/Documents/dev_ws/install/robot_description/share/robot_description/cmake/robot_descriptionConfig.cmake
[0.153s] -- Up-to-date: /home/crubs/Documents/dev_ws/install/robot_description/share/robot_description/cmake/robot_descriptionConfig-version.cmake
[0.154s] -- Up-to-date: /home/crubs/Documents/dev_ws/install/robot_description/share/robot_description/package.xml
[0.160s] Invoked command in '/home/crubs/Documents/dev_ws/build/robot_description' returned '0': CMAKE_PREFIX_PATH=${CMAKE_PREFIX_PATH}:/home/crubs/Documents/dev_ws/install/robot_sensors:/home/crubs/Documents/dev_ws/install/robot_communication:/home/crubs/Documents/dev_ws/install/robot_camera:/home/crubs/Documents/dev_ws/install/robot_accessories:/home/crubs/Documents/dev_ws/install/imu_package:/opt/ros/jazzy DEBUGINFOD_URLS=https://debuginfod.ubuntu.com /usr/bin/cmake --install /home/crubs/Documents/dev_ws/build/robot_description
