[1.902s] Invoking command in '/home/crubs/Documents/dev_ws/src/robot_communication': DEBUGINFOD_URLS=https://debuginfod.ubuntu.com PS1=(ros2_env) \[\e]0;\u@\h: \w\a\]${debian_chroot:+($debian_chroot)}\[\033[01;32m\]\u@\h\[\033[00m\]:\[\033[01;34m\]\w\[\033[00m\]\$ PYTHONPATH=/home/crubs/Documents/dev_ws/build/robot_communication/prefix_override:/usr/lib/python3/dist-packages/colcon_core/task/python/colcon_distutils_commands:/home/crubs/Documents/dev_ws/install/robot_communication/lib/python3.12/site-packages:${PYTHONPATH} VIRTUAL_ENV_PROMPT=(ros2_env) /usr/bin/python3 -W ignore:setup.py install is deprecated setup.py egg_info --egg-base ../../build/robot_communication build --build-base /home/crubs/Documents/dev_ws/build/robot_communication/build install --record /home/crubs/Documents/dev_ws/build/robot_communication/install.log --single-version-externally-managed install_data
[2.584s] /home/crubs/ros2_env/lib/python3.12/site-packages/setuptools/_distutils/dist.py:261: UserWarning: Unknown distribution option: 'tests_require'
[2.588s]   warnings.warn(msg)
[3.338s] running egg_info
[3.338s] creating ../../build/robot_communication/robot_communication.egg-info
[3.522s] writing ../../build/robot_communication/robot_communication.egg-info/PKG-INFO
[3.522s] writing dependency_links to ../../build/robot_communication/robot_communication.egg-info/dependency_links.txt
[3.522s] writing entry points to ../../build/robot_communication/robot_communication.egg-info/entry_points.txt
[3.522s] writing requirements to ../../build/robot_communication/robot_communication.egg-info/requires.txt
[3.523s] writing top-level names to ../../build/robot_communication/robot_communication.egg-info/top_level.txt
[3.523s] writing manifest file '../../build/robot_communication/robot_communication.egg-info/SOURCES.txt'
[3.813s] reading manifest file '../../build/robot_communication/robot_communication.egg-info/SOURCES.txt'
[3.821s] writing manifest file '../../build/robot_communication/robot_communication.egg-info/SOURCES.txt'
[3.821s] running build
[3.821s] running build_py
[3.821s] creating /home/crubs/Documents/dev_ws/build/robot_communication/build/lib/robot_communication
[3.822s] copying robot_communication/interfaceGPIO.py -> /home/crubs/Documents/dev_ws/build/robot_communication/build/lib/robot_communication
[3.824s] copying robot_communication/__init__.py -> /home/crubs/Documents/dev_ws/build/robot_communication/build/lib/robot_communication
[3.824s] copying robot_communication/testI2C.py -> /home/crubs/Documents/dev_ws/build/robot_communication/build/lib/robot_communication
[3.824s] copying robot_communication/interfacePAMI.py -> /home/crubs/Documents/dev_ws/build/robot_communication/build/lib/robot_communication
[3.829s] copying robot_communication/robotI2C.py -> /home/crubs/Documents/dev_ws/build/robot_communication/build/lib/robot_communication
[3.829s] copying robot_communication/interfaceI2C.py -> /home/crubs/Documents/dev_ws/build/robot_communication/build/lib/robot_communication
[3.829s] copying robot_communication/moteurI2C.py -> /home/crubs/Documents/dev_ws/build/robot_communication/build/lib/robot_communication
[3.834s] running install
[3.855s] running install_lib
[3.921s] creating /home/crubs/Documents/dev_ws/install/robot_communication/lib/python3.12/site-packages/robot_communication
[3.921s] copying /home/crubs/Documents/dev_ws/build/robot_communication/build/lib/robot_communication/interfaceGPIO.py -> /home/crubs/Documents/dev_ws/install/robot_communication/lib/python3.12/site-packages/robot_communication
[3.922s] copying /home/crubs/Documents/dev_ws/build/robot_communication/build/lib/robot_communication/__init__.py -> /home/crubs/Documents/dev_ws/install/robot_communication/lib/python3.12/site-packages/robot_communication
[3.927s] copying /home/crubs/Documents/dev_ws/build/robot_communication/build/lib/robot_communication/testI2C.py -> /home/crubs/Documents/dev_ws/install/robot_communication/lib/python3.12/site-packages/robot_communication
[3.927s] copying /home/crubs/Documents/dev_ws/build/robot_communication/build/lib/robot_communication/interfacePAMI.py -> /home/crubs/Documents/dev_ws/install/robot_communication/lib/python3.12/site-packages/robot_communication
[3.928s] copying /home/crubs/Documents/dev_ws/build/robot_communication/build/lib/robot_communication/robotI2C.py -> /home/crubs/Documents/dev_ws/install/robot_communication/lib/python3.12/site-packages/robot_communication
[3.928s] copying /home/crubs/Documents/dev_ws/build/robot_communication/build/lib/robot_communication/interfaceI2C.py -> /home/crubs/Documents/dev_ws/install/robot_communication/lib/python3.12/site-packages/robot_communication
[3.928s] copying /home/crubs/Documents/dev_ws/build/robot_communication/build/lib/robot_communication/moteurI2C.py -> /home/crubs/Documents/dev_ws/install/robot_communication/lib/python3.12/site-packages/robot_communication
[3.928s] byte-compiling /home/crubs/Documents/dev_ws/install/robot_communication/lib/python3.12/site-packages/robot_communication/interfaceGPIO.py to interfaceGPIO.cpython-312.pyc
[3.928s] byte-compiling /home/crubs/Documents/dev_ws/install/robot_communication/lib/python3.12/site-packages/robot_communication/__init__.py to __init__.cpython-312.pyc
[3.928s] byte-compiling /home/crubs/Documents/dev_ws/install/robot_communication/lib/python3.12/site-packages/robot_communication/testI2C.py to testI2C.cpython-312.pyc
[3.935s] byte-compiling /home/crubs/Documents/dev_ws/install/robot_communication/lib/python3.12/site-packages/robot_communication/interfacePAMI.py to interfacePAMI.cpython-312.pyc
[3.935s] byte-compiling /home/crubs/Documents/dev_ws/install/robot_communication/lib/python3.12/site-packages/robot_communication/robotI2C.py to robotI2C.cpython-312.pyc
[3.937s] byte-compiling /home/crubs/Documents/dev_ws/install/robot_communication/lib/python3.12/site-packages/robot_communication/interfaceI2C.py to interfaceI2C.cpython-312.pyc
[3.943s] byte-compiling /home/crubs/Documents/dev_ws/install/robot_communication/lib/python3.12/site-packages/robot_communication/moteurI2C.py to moteurI2C.cpython-312.pyc
[3.947s] running install_data
[3.947s] creating /home/crubs/Documents/dev_ws/install/robot_communication/share/ament_index/resource_index/packages
[3.947s] copying resource/robot_communication -> /home/crubs/Documents/dev_ws/install/robot_communication/share/ament_index/resource_index/packages
[3.947s] copying package.xml -> /home/crubs/Documents/dev_ws/install/robot_communication/share/robot_communication
[3.948s] running install_egg_info
[4.032s] Copying ../../build/robot_communication/robot_communication.egg-info to /home/crubs/Documents/dev_ws/install/robot_communication/lib/python3.12/site-packages/robot_communication-0.0.0-py3.12.egg-info
[4.037s] running install_scripts
[4.579s] Installing interfaceGPIO script to /home/crubs/Documents/dev_ws/install/robot_communication/lib/robot_communication
[4.580s] Installing interfaceI2C script to /home/crubs/Documents/dev_ws/install/robot_communication/lib/robot_communication
[4.580s] Installing interfacePAMI script to /home/crubs/Documents/dev_ws/install/robot_communication/lib/robot_communication
[4.580s] Installing moteurI2C script to /home/crubs/Documents/dev_ws/install/robot_communication/lib/robot_communication
[4.580s] Installing robotI2C script to /home/crubs/Documents/dev_ws/install/robot_communication/lib/robot_communication
[4.580s] Installing testI2C script to /home/crubs/Documents/dev_ws/install/robot_communication/lib/robot_communication
[4.586s] writing list of installed files to '/home/crubs/Documents/dev_ws/build/robot_communication/install.log'
[4.885s] Invoked command in '/home/crubs/Documents/dev_ws/src/robot_communication' returned '0': DEBUGINFOD_URLS=https://debuginfod.ubuntu.com PS1=(ros2_env) \[\e]0;\u@\h: \w\a\]${debian_chroot:+($debian_chroot)}\[\033[01;32m\]\u@\h\[\033[00m\]:\[\033[01;34m\]\w\[\033[00m\]\$ PYTHONPATH=/home/crubs/Documents/dev_ws/build/robot_communication/prefix_override:/usr/lib/python3/dist-packages/colcon_core/task/python/colcon_distutils_commands:/home/crubs/Documents/dev_ws/install/robot_communication/lib/python3.12/site-packages:${PYTHONPATH} VIRTUAL_ENV_PROMPT=(ros2_env) /usr/bin/python3 -W ignore:setup.py install is deprecated setup.py egg_info --egg-base ../../build/robot_communication build --build-base /home/crubs/Documents/dev_ws/build/robot_communication/build install --record /home/crubs/Documents/dev_ws/build/robot_communication/install.log --single-version-externally-managed install_data
