-- Install configuration: ""
-- Up-to-date: /home/crubs/Documents/dev_ws/install/robot_description/share/robot_description/launch
-- Up-to-date: /home/crubs/Documents/dev_ws/install/robot_description/share/robot_description/launch/description.launch.py
-- Up-to-date: /home/crubs/Documents/dev_ws/install/robot_description/share/robot_description/meshes
-- Up-to-date: /home/crubs/Documents/dev_ws/install/robot_description/share/robot_description/meshes/left_wheel_link.STL
-- Up-to-date: /home/crubs/Documents/dev_ws/install/robot_description/share/robot_description/meshes/gripper_right_link.STL
-- Up-to-date: /home/crubs/Documents/dev_ws/install/robot_description/share/robot_description/meshes/right_wheel_link.STL
-- Up-to-date: /home/crubs/Documents/dev_ws/install/robot_description/share/robot_description/meshes/gripper_left_link.STL
-- Up-to-date: /home/crubs/Documents/dev_ws/install/robot_description/share/robot_description/meshes/base_link.STL
-- Up-to-date: /home/crubs/Documents/dev_ws/install/robot_description/share/robot_description/meshes/lidar_link.STL
-- Up-to-date: /home/crubs/Documents/dev_ws/install/robot_description/share/robot_description/meshes/imu_link.STL
-- Up-to-date: /home/crubs/Documents/dev_ws/install/robot_description/share/robot_description/urdf
-- Up-to-date: /home/crubs/Documents/dev_ws/install/robot_description/share/robot_description/urdf/robot.urdf.xacro
-- Up-to-date: /home/crubs/Documents/dev_ws/install/robot_description/share/robot_description/urdf/gazebo_plugins.xacro
-- Up-to-date: /home/crubs/Documents/dev_ws/install/robot_description/share/robot_description/urdf/robot_core.xacro
-- Up-to-date: /home/crubs/Documents/dev_ws/install/robot_description/share/ament_index/resource_index/package_run_dependencies/robot_description
-- Up-to-date: /home/crubs/Documents/dev_ws/install/robot_description/share/ament_index/resource_index/parent_prefix_path/robot_description
-- Up-to-date: /home/crubs/Documents/dev_ws/install/robot_description/share/robot_description/environment/ament_prefix_path.sh
-- Up-to-date: /home/crubs/Documents/dev_ws/install/robot_description/share/robot_description/environment/ament_prefix_path.dsv
-- Up-to-date: /home/crubs/Documents/dev_ws/install/robot_description/share/robot_description/environment/path.sh
-- Up-to-date: /home/crubs/Documents/dev_ws/install/robot_description/share/robot_description/environment/path.dsv
-- Up-to-date: /home/crubs/Documents/dev_ws/install/robot_description/share/robot_description/local_setup.bash
-- Up-to-date: /home/crubs/Documents/dev_ws/install/robot_description/share/robot_description/local_setup.sh
-- Up-to-date: /home/crubs/Documents/dev_ws/install/robot_description/share/robot_description/local_setup.zsh
-- Up-to-date: /home/crubs/Documents/dev_ws/install/robot_description/share/robot_description/local_setup.dsv
-- Up-to-date: /home/crubs/Documents/dev_ws/install/robot_description/share/robot_description/package.dsv
-- Up-to-date: /home/crubs/Documents/dev_ws/install/robot_description/share/ament_index/resource_index/packages/robot_description
-- Up-to-date: /home/crubs/Documents/dev_ws/install/robot_description/share/robot_description/cmake/robot_descriptionConfig.cmake
-- Up-to-date: /home/crubs/Documents/dev_ws/install/robot_description/share/robot_description/cmake/robot_descriptionConfig-version.cmake
-- Up-to-date: /home/crubs/Documents/dev_ws/install/robot_description/share/robot_description/package.xml
