[0.781s] Invoking command in '/home/crubs/Documents/dev_ws/build/robot_bringup': CMAKE_PREFIX_PATH=${CMAKE_PREFIX_PATH}:/home/crubs/Documents/dev_ws/install/robot_sensors:/home/crubs/Documents/dev_ws/install/robot_communication:/home/crubs/Documents/dev_ws/install/robot_camera:/home/crubs/Documents/dev_ws/install/robot_accessories:/home/crubs/Documents/dev_ws/install/imu_package:/opt/ros/jazzy DEBUGINFOD_URLS=https://debuginfod.ubuntu.com PS1=(ros2_env) \[\e]0;\u@\h: \w\a\]${debian_chroot:+($debian_chroot)}\[\033[01;32m\]\u@\h\[\033[00m\]:\[\033[01;34m\]\w\[\033[00m\]\$ VIRTUAL_ENV_PROMPT=(ros2_env) /usr/bin/cmake --build /home/crubs/Documents/dev_ws/build/robot_bringup -- -j4 -l4
[0.893s] Invoked command in '/home/crubs/Documents/dev_ws/build/robot_bringup' returned '0': CMAKE_PREFIX_PATH=${CMAKE_PREFIX_PATH}:/home/crubs/Documents/dev_ws/install/robot_sensors:/home/crubs/Documents/dev_ws/install/robot_communication:/home/crubs/Documents/dev_ws/install/robot_camera:/home/crubs/Documents/dev_ws/install/robot_accessories:/home/crubs/Documents/dev_ws/install/imu_package:/opt/ros/jazzy DEBUGINFOD_URLS=https://debuginfod.ubuntu.com PS1=(ros2_env) \[\e]0;\u@\h: \w\a\]${debian_chroot:+($debian_chroot)}\[\033[01;32m\]\u@\h\[\033[00m\]:\[\033[01;34m\]\w\[\033[00m\]\$ VIRTUAL_ENV_PROMPT=(ros2_env) /usr/bin/cmake --build /home/crubs/Documents/dev_ws/build/robot_bringup -- -j4 -l4
[0.950s] Invoking command in '/home/crubs/Documents/dev_ws/build/robot_bringup': CMAKE_PREFIX_PATH=${CMAKE_PREFIX_PATH}:/home/crubs/Documents/dev_ws/install/robot_sensors:/home/crubs/Documents/dev_ws/install/robot_communication:/home/crubs/Documents/dev_ws/install/robot_camera:/home/crubs/Documents/dev_ws/install/robot_accessories:/home/crubs/Documents/dev_ws/install/imu_package:/opt/ros/jazzy DEBUGINFOD_URLS=https://debuginfod.ubuntu.com PS1=(ros2_env) \[\e]0;\u@\h: \w\a\]${debian_chroot:+($debian_chroot)}\[\033[01;32m\]\u@\h\[\033[00m\]:\[\033[01;34m\]\w\[\033[00m\]\$ VIRTUAL_ENV_PROMPT=(ros2_env) /usr/bin/cmake --install /home/crubs/Documents/dev_ws/build/robot_bringup
[0.974s] -- Install configuration: ""
[0.976s] -- Up-to-date: /home/crubs/Documents/dev_ws/install/robot_bringup/share/robot_bringup/launch
[0.976s] -- Up-to-date: /home/crubs/Documents/dev_ws/install/robot_bringup/share/robot_bringup/launch/full_robot_auto.py
[0.976s] -- Up-to-date: /home/crubs/Documents/dev_ws/install/robot_bringup/share/robot_bringup/launch/full_robot.py
[0.976s] -- Up-to-date: /home/crubs/Documents/dev_ws/install/robot_bringup/share/robot_bringup/launch/portes_ouvertes.py
[0.976s] -- Up-to-date: /home/crubs/Documents/dev_ws/install/robot_bringup/share/ament_index/resource_index/package_run_dependencies/robot_bringup
[0.978s] -- Up-to-date: /home/crubs/Documents/dev_ws/install/robot_bringup/share/ament_index/resource_index/parent_prefix_path/robot_bringup
[0.978s] -- Up-to-date: /home/crubs/Documents/dev_ws/install/robot_bringup/share/robot_bringup/environment/ament_prefix_path.sh
[0.978s] -- Up-to-date: /home/crubs/Documents/dev_ws/install/robot_bringup/share/robot_bringup/environment/ament_prefix_path.dsv
[0.978s] -- Up-to-date: /home/crubs/Documents/dev_ws/install/robot_bringup/share/robot_bringup/environment/path.sh
[0.978s] -- Up-to-date: /home/crubs/Documents/dev_ws/install/robot_bringup/share/robot_bringup/environment/path.dsv
[0.978s] -- Up-to-date: /home/crubs/Documents/dev_ws/install/robot_bringup/share/robot_bringup/local_setup.bash
[0.979s] -- Up-to-date: /home/crubs/Documents/dev_ws/install/robot_bringup/share/robot_bringup/local_setup.sh
[0.980s] -- Up-to-date: /home/crubs/Documents/dev_ws/install/robot_bringup/share/robot_bringup/local_setup.zsh
[0.980s] -- Up-to-date: /home/crubs/Documents/dev_ws/install/robot_bringup/share/robot_bringup/local_setup.dsv
[0.980s] -- Up-to-date: /home/crubs/Documents/dev_ws/install/robot_bringup/share/robot_bringup/package.dsv
[0.980s] -- Up-to-date: /home/crubs/Documents/dev_ws/install/robot_bringup/share/ament_index/resource_index/packages/robot_bringup
[0.981s] -- Up-to-date: /home/crubs/Documents/dev_ws/install/robot_bringup/share/robot_bringup/cmake/robot_bringupConfig.cmake
[0.981s] -- Up-to-date: /home/crubs/Documents/dev_ws/install/robot_bringup/share/robot_bringup/cmake/robot_bringupConfig-version.cmake
[0.981s] -- Up-to-date: /home/crubs/Documents/dev_ws/install/robot_bringup/share/robot_bringup/package.xml
[0.988s] Invoked command in '/home/crubs/Documents/dev_ws/build/robot_bringup' returned '0': CMAKE_PREFIX_PATH=${CMAKE_PREFIX_PATH}:/home/crubs/Documents/dev_ws/install/robot_sensors:/home/crubs/Documents/dev_ws/install/robot_communication:/home/crubs/Documents/dev_ws/install/robot_camera:/home/crubs/Documents/dev_ws/install/robot_accessories:/home/crubs/Documents/dev_ws/install/imu_package:/opt/ros/jazzy DEBUGINFOD_URLS=https://debuginfod.ubuntu.com PS1=(ros2_env) \[\e]0;\u@\h: \w\a\]${debian_chroot:+($debian_chroot)}\[\033[01;32m\]\u@\h\[\033[00m\]:\[\033[01;34m\]\w\[\033[00m\]\$ VIRTUAL_ENV_PROMPT=(ros2_env) /usr/bin/cmake --install /home/crubs/Documents/dev_ws/build/robot_bringup
