[0.757s] Invoking command in '/home/crubs/Documents/dev_ws/build/robot_bringup': CMAKE_PREFIX_PATH=${CMAKE_PREFIX_PATH}:/home/crubs/Documents/dev_ws/install/robot_sensors:/home/crubs/Documents/dev_ws/install/robot_communication:/home/crubs/Documents/dev_ws/install/robot_camera:/home/crubs/Documents/dev_ws/install/robot_accessories:/home/crubs/Documents/dev_ws/install/imu_package:/opt/ros/jazzy DEBUGINFOD_URLS=https://debuginfod.ubuntu.com PS1=(ros2_env) \[\e]0;\u@\h: \w\a\]${debian_chroot:+($debian_chroot)}\[\033[01;32m\]\u@\h\[\033[00m\]:\[\033[01;34m\]\w\[\033[00m\]\$ VIRTUAL_ENV_PROMPT=(ros2_env) /usr/bin/cmake /home/crubs/Documents/dev_ws/src/robot_bringup -DCMAKE_INSTALL_PREFIX=/home/crubs/Documents/dev_ws/install/robot_bringup
[0.923s] -- The C compiler identification is GNU 13.2.0
[1.496s] -- The CXX compiler identification is GNU 13.2.0
[1.562s] -- Detecting C compiler ABI info
[1.924s] -- Detecting C compiler ABI info - done
[1.953s] -- Check for working C compiler: /usr/bin/cc - skipped
[1.959s] -- Detecting C compile features
[1.960s] -- Detecting C compile features - done
[1.994s] -- Detecting CXX compiler ABI info
[2.321s] -- Detecting CXX compiler ABI info - done
[2.339s] -- Check for working CXX compiler: /usr/bin/c++ - skipped
[2.339s] -- Detecting CXX compile features
[2.343s] -- Detecting CXX compile features - done
[2.348s] -- Found ament_cmake: 2.5.2 (/opt/ros/jazzy/share/ament_cmake/cmake)
[2.614s] -- Found Python3: /home/crubs/ros2_env/bin/python3 (found version "3.12.3") found components: Interpreter 
[2.900s] -- Found ament_lint_auto: 0.17.1 (/opt/ros/jazzy/share/ament_lint_auto/cmake)
[3.280s] -- Added test 'copyright' to check source files copyright and LICENSE
[3.287s] -- Added test 'flake8' to check Python code syntax and style conventions
[3.288s] -- Configured 'flake8' exclude dirs and/or files: 
[3.289s] -- Added test 'lint_cmake' to check CMake code style
[3.291s] -- Added test 'pep257' to check Python code against some of the docstring style conventions in PEP 257
[3.297s] -- Added test 'xmllint' to check XML markup files
[3.299s] -- Configuring done (2.5s)
[3.304s] -- Generating done (0.0s)
[3.305s] -- Build files have been written to: /home/crubs/Documents/dev_ws/build/robot_bringup
[3.587s] Invoked command in '/home/crubs/Documents/dev_ws/build/robot_bringup' returned '0': CMAKE_PREFIX_PATH=${CMAKE_PREFIX_PATH}:/home/crubs/Documents/dev_ws/install/robot_sensors:/home/crubs/Documents/dev_ws/install/robot_communication:/home/crubs/Documents/dev_ws/install/robot_camera:/home/crubs/Documents/dev_ws/install/robot_accessories:/home/crubs/Documents/dev_ws/install/imu_package:/opt/ros/jazzy DEBUGINFOD_URLS=https://debuginfod.ubuntu.com PS1=(ros2_env) \[\e]0;\u@\h: \w\a\]${debian_chroot:+($debian_chroot)}\[\033[01;32m\]\u@\h\[\033[00m\]:\[\033[01;34m\]\w\[\033[00m\]\$ VIRTUAL_ENV_PROMPT=(ros2_env) /usr/bin/cmake /home/crubs/Documents/dev_ws/src/robot_bringup -DCMAKE_INSTALL_PREFIX=/home/crubs/Documents/dev_ws/install/robot_bringup
[3.590s] Invoking command in '/home/crubs/Documents/dev_ws/build/robot_bringup': CMAKE_PREFIX_PATH=${CMAKE_PREFIX_PATH}:/home/crubs/Documents/dev_ws/install/robot_sensors:/home/crubs/Documents/dev_ws/install/robot_communication:/home/crubs/Documents/dev_ws/install/robot_camera:/home/crubs/Documents/dev_ws/install/robot_accessories:/home/crubs/Documents/dev_ws/install/imu_package:/opt/ros/jazzy DEBUGINFOD_URLS=https://debuginfod.ubuntu.com PS1=(ros2_env) \[\e]0;\u@\h: \w\a\]${debian_chroot:+($debian_chroot)}\[\033[01;32m\]\u@\h\[\033[00m\]:\[\033[01;34m\]\w\[\033[00m\]\$ VIRTUAL_ENV_PROMPT=(ros2_env) /usr/bin/cmake --build /home/crubs/Documents/dev_ws/build/robot_bringup -- -j4 -l4
[4.065s] Invoked command in '/home/crubs/Documents/dev_ws/build/robot_bringup' returned '0': CMAKE_PREFIX_PATH=${CMAKE_PREFIX_PATH}:/home/crubs/Documents/dev_ws/install/robot_sensors:/home/crubs/Documents/dev_ws/install/robot_communication:/home/crubs/Documents/dev_ws/install/robot_camera:/home/crubs/Documents/dev_ws/install/robot_accessories:/home/crubs/Documents/dev_ws/install/imu_package:/opt/ros/jazzy DEBUGINFOD_URLS=https://debuginfod.ubuntu.com PS1=(ros2_env) \[\e]0;\u@\h: \w\a\]${debian_chroot:+($debian_chroot)}\[\033[01;32m\]\u@\h\[\033[00m\]:\[\033[01;34m\]\w\[\033[00m\]\$ VIRTUAL_ENV_PROMPT=(ros2_env) /usr/bin/cmake --build /home/crubs/Documents/dev_ws/build/robot_bringup -- -j4 -l4
[4.148s] Invoking command in '/home/crubs/Documents/dev_ws/build/robot_bringup': CMAKE_PREFIX_PATH=${CMAKE_PREFIX_PATH}:/home/crubs/Documents/dev_ws/install/robot_sensors:/home/crubs/Documents/dev_ws/install/robot_communication:/home/crubs/Documents/dev_ws/install/robot_camera:/home/crubs/Documents/dev_ws/install/robot_accessories:/home/crubs/Documents/dev_ws/install/imu_package:/opt/ros/jazzy DEBUGINFOD_URLS=https://debuginfod.ubuntu.com PS1=(ros2_env) \[\e]0;\u@\h: \w\a\]${debian_chroot:+($debian_chroot)}\[\033[01;32m\]\u@\h\[\033[00m\]:\[\033[01;34m\]\w\[\033[00m\]\$ VIRTUAL_ENV_PROMPT=(ros2_env) /usr/bin/cmake --install /home/crubs/Documents/dev_ws/build/robot_bringup
[4.170s] -- Install configuration: ""
[4.170s] -- Installing: /home/crubs/Documents/dev_ws/install/robot_bringup/share/robot_bringup/launch
[4.171s] -- Installing: /home/crubs/Documents/dev_ws/install/robot_bringup/share/robot_bringup/launch/full_robot_auto.py
[4.174s] -- Installing: /home/crubs/Documents/dev_ws/install/robot_bringup/share/robot_bringup/launch/full_robot.py
[4.175s] -- Installing: /home/crubs/Documents/dev_ws/install/robot_bringup/share/robot_bringup/launch/portes_ouvertes.py
[4.176s] -- Installing: /home/crubs/Documents/dev_ws/install/robot_bringup/share/ament_index/resource_index/package_run_dependencies/robot_bringup
[4.177s] -- Installing: /home/crubs/Documents/dev_ws/install/robot_bringup/share/ament_index/resource_index/parent_prefix_path/robot_bringup
[4.178s] -- Installing: /home/crubs/Documents/dev_ws/install/robot_bringup/share/robot_bringup/environment/ament_prefix_path.sh
[4.178s] -- Installing: /home/crubs/Documents/dev_ws/install/robot_bringup/share/robot_bringup/environment/ament_prefix_path.dsv
[4.179s] -- Installing: /home/crubs/Documents/dev_ws/install/robot_bringup/share/robot_bringup/environment/path.sh
[4.180s] -- Installing: /home/crubs/Documents/dev_ws/install/robot_bringup/share/robot_bringup/environment/path.dsv
[4.180s] -- Installing: /home/crubs/Documents/dev_ws/install/robot_bringup/share/robot_bringup/local_setup.bash
[4.181s] -- Installing: /home/crubs/Documents/dev_ws/install/robot_bringup/share/robot_bringup/local_setup.sh
[4.181s] -- Installing: /home/crubs/Documents/dev_ws/install/robot_bringup/share/robot_bringup/local_setup.zsh
[4.182s] -- Installing: /home/crubs/Documents/dev_ws/install/robot_bringup/share/robot_bringup/local_setup.dsv
[4.183s] -- Installing: /home/crubs/Documents/dev_ws/install/robot_bringup/share/robot_bringup/package.dsv
[4.183s] -- Installing: /home/crubs/Documents/dev_ws/install/robot_bringup/share/ament_index/resource_index/packages/robot_bringup
[4.184s] -- Installing: /home/crubs/Documents/dev_ws/install/robot_bringup/share/robot_bringup/cmake/robot_bringupConfig.cmake
[4.187s] -- Installing: /home/crubs/Documents/dev_ws/install/robot_bringup/share/robot_bringup/cmake/robot_bringupConfig-version.cmake
[4.187s] -- Installing: /home/crubs/Documents/dev_ws/install/robot_bringup/share/robot_bringup/package.xml
[4.189s] Invoked command in '/home/crubs/Documents/dev_ws/build/robot_bringup' returned '0': CMAKE_PREFIX_PATH=${CMAKE_PREFIX_PATH}:/home/crubs/Documents/dev_ws/install/robot_sensors:/home/crubs/Documents/dev_ws/install/robot_communication:/home/crubs/Documents/dev_ws/install/robot_camera:/home/crubs/Documents/dev_ws/install/robot_accessories:/home/crubs/Documents/dev_ws/install/imu_package:/opt/ros/jazzy DEBUGINFOD_URLS=https://debuginfod.ubuntu.com PS1=(ros2_env) \[\e]0;\u@\h: \w\a\]${debian_chroot:+($debian_chroot)}\[\033[01;32m\]\u@\h\[\033[00m\]:\[\033[01;34m\]\w\[\033[00m\]\$ VIRTUAL_ENV_PROMPT=(ros2_env) /usr/bin/cmake --install /home/crubs/Documents/dev_ws/build/robot_bringup
