[0.017s] Invoking command in '/home/crubs/Documents/dev_ws/build/robot_navigation': CMAKE_PREFIX_PATH=${CMAKE_PREFIX_PATH}:/home/crubs/Documents/dev_ws/install/robot_sensors:/home/crubs/Documents/dev_ws/install/robot_communication:/home/crubs/Documents/dev_ws/install/robot_camera:/home/crubs/Documents/dev_ws/install/robot_accessories:/home/crubs/Documents/dev_ws/install/imu_package:/opt/ros/jazzy DEBUGINFOD_URLS=https://debuginfod.ubuntu.com /usr/bin/cmake --build /home/crubs/Documents/dev_ws/build/robot_navigation -- -j4 -l4
[0.486s] Invoked command in '/home/crubs/Documents/dev_ws/build/robot_navigation' returned '0': CMAKE_PREFIX_PATH=${CMAKE_PREFIX_PATH}:/home/crubs/Documents/dev_ws/install/robot_sensors:/home/crubs/Documents/dev_ws/install/robot_communication:/home/crubs/Documents/dev_ws/install/robot_camera:/home/crubs/Documents/dev_ws/install/robot_accessories:/home/crubs/Documents/dev_ws/install/imu_package:/opt/ros/jazzy DEBUGINFOD_URLS=https://debuginfod.ubuntu.com /usr/bin/cmake --build /home/crubs/Documents/dev_ws/build/robot_navigation -- -j4 -l4
[0.488s] Invoking command in '/home/crubs/Documents/dev_ws/build/robot_navigation': CMAKE_PREFIX_PATH=${CMAKE_PREFIX_PATH}:/home/crubs/Documents/dev_ws/install/robot_sensors:/home/crubs/Documents/dev_ws/install/robot_communication:/home/crubs/Documents/dev_ws/install/robot_camera:/home/crubs/Documents/dev_ws/install/robot_accessories:/home/crubs/Documents/dev_ws/install/imu_package:/opt/ros/jazzy DEBUGINFOD_URLS=https://debuginfod.ubuntu.com /usr/bin/cmake --install /home/crubs/Documents/dev_ws/build/robot_navigation
[0.510s] -- Install configuration: ""
[0.510s] -- Up-to-date: /home/crubs/Documents/dev_ws/install/robot_navigation/share/robot_navigation/launch
[0.510s] -- Up-to-date: /home/crubs/Documents/dev_ws/install/robot_navigation/share/robot_navigation/launch/smoother.launch.py
[0.511s] -- Up-to-date: /home/crubs/Documents/dev_ws/install/robot_navigation/share/robot_navigation/launch/nav2_localization.launch.py
[0.511s] -- Up-to-date: /home/crubs/Documents/dev_ws/install/robot_navigation/share/robot_navigation/launch/slam.launch.py
[0.511s] -- Up-to-date: /home/crubs/Documents/dev_ws/install/robot_navigation/share/robot_navigation/launch/nav2_navigation.launch.py
[0.511s] -- Up-to-date: /home/crubs/Documents/dev_ws/install/robot_navigation/share/robot_navigation/launch/examples
[0.511s] -- Up-to-date: /home/crubs/Documents/dev_ws/install/robot_navigation/share/robot_navigation/launch/examples/navigation_launch.py
[0.511s] -- Up-to-date: /home/crubs/Documents/dev_ws/install/robot_navigation/share/robot_navigation/launch/examples/localization_launch.py
[0.511s] -- Up-to-date: /home/crubs/Documents/dev_ws/install/robot_navigation/share/robot_navigation/maps
[0.512s] -- Up-to-date: /home/crubs/Documents/dev_ws/install/robot_navigation/share/robot_navigation/maps/map.pgm
[0.512s] -- Up-to-date: /home/crubs/Documents/dev_ws/install/robot_navigation/share/robot_navigation/maps/map.yaml
[0.512s] -- Up-to-date: /home/crubs/Documents/dev_ws/install/robot_navigation/share/robot_navigation/maps/map.png
[0.512s] -- Up-to-date: /home/crubs/Documents/dev_ws/install/robot_navigation/share/robot_navigation/config
[0.512s] -- Up-to-date: /home/crubs/Documents/dev_ws/install/robot_navigation/share/robot_navigation/config/smoother.yaml
[0.512s] -- Up-to-date: /home/crubs/Documents/dev_ws/install/robot_navigation/share/robot_navigation/config/slam.yaml
[0.513s] -- Up-to-date: /home/crubs/Documents/dev_ws/install/robot_navigation/share/robot_navigation/config/navigate_w_replanning_and_recovery.xml
[0.513s] -- Up-to-date: /home/crubs/Documents/dev_ws/install/robot_navigation/share/robot_navigation/config/nav2_params.yaml
[0.513s] -- Up-to-date: /home/crubs/Documents/dev_ws/install/robot_navigation/share/ament_index/resource_index/package_run_dependencies/robot_navigation
[0.513s] -- Up-to-date: /home/crubs/Documents/dev_ws/install/robot_navigation/share/ament_index/resource_index/parent_prefix_path/robot_navigation
[0.513s] -- Up-to-date: /home/crubs/Documents/dev_ws/install/robot_navigation/share/robot_navigation/environment/ament_prefix_path.sh
[0.514s] -- Up-to-date: /home/crubs/Documents/dev_ws/install/robot_navigation/share/robot_navigation/environment/ament_prefix_path.dsv
[0.514s] -- Up-to-date: /home/crubs/Documents/dev_ws/install/robot_navigation/share/robot_navigation/environment/path.sh
[0.514s] -- Up-to-date: /home/crubs/Documents/dev_ws/install/robot_navigation/share/robot_navigation/environment/path.dsv
[0.514s] -- Up-to-date: /home/crubs/Documents/dev_ws/install/robot_navigation/share/robot_navigation/local_setup.bash
[0.515s] -- Up-to-date: /home/crubs/Documents/dev_ws/install/robot_navigation/share/robot_navigation/local_setup.sh
[0.515s] -- Up-to-date: /home/crubs/Documents/dev_ws/install/robot_navigation/share/robot_navigation/local_setup.zsh
[0.515s] -- Up-to-date: /home/crubs/Documents/dev_ws/install/robot_navigation/share/robot_navigation/local_setup.dsv
[0.515s] -- Installing: /home/crubs/Documents/dev_ws/install/robot_navigation/share/robot_navigation/package.dsv
[0.515s] -- Up-to-date: /home/crubs/Documents/dev_ws/install/robot_navigation/share/ament_index/resource_index/packages/robot_navigation
[0.515s] -- Up-to-date: /home/crubs/Documents/dev_ws/install/robot_navigation/share/robot_navigation/cmake/robot_navigationConfig.cmake
[0.515s] -- Up-to-date: /home/crubs/Documents/dev_ws/install/robot_navigation/share/robot_navigation/cmake/robot_navigationConfig-version.cmake
[0.515s] -- Up-to-date: /home/crubs/Documents/dev_ws/install/robot_navigation/share/robot_navigation/package.xml
[0.515s] Invoked command in '/home/crubs/Documents/dev_ws/build/robot_navigation' returned '0': CMAKE_PREFIX_PATH=${CMAKE_PREFIX_PATH}:/home/crubs/Documents/dev_ws/install/robot_sensors:/home/crubs/Documents/dev_ws/install/robot_communication:/home/crubs/Documents/dev_ws/install/robot_camera:/home/crubs/Documents/dev_ws/install/robot_accessories:/home/crubs/Documents/dev_ws/install/imu_package:/opt/ros/jazzy DEBUGINFOD_URLS=https://debuginfod.ubuntu.com /usr/bin/cmake --install /home/crubs/Documents/dev_ws/build/robot_navigation
