[1.928s] Invoking command in '/home/crubs/Documents/dev_ws/src/imu_package': DEBUGINFOD_URLS=https://debuginfod.ubuntu.com PS1=(ros2_env) \[\e]0;\u@\h: \w\a\]${debian_chroot:+($debian_chroot)}\[\033[01;32m\]\u@\h\[\033[00m\]:\[\033[01;34m\]\w\[\033[00m\]\$ PYTHONPATH=/home/crubs/Documents/dev_ws/build/imu_package/prefix_override:/usr/lib/python3/dist-packages/colcon_core/task/python/colcon_distutils_commands:/home/crubs/Documents/dev_ws/install/imu_package/lib/python3.12/site-packages:${PYTHONPATH} VIRTUAL_ENV_PROMPT=(ros2_env) /usr/bin/python3 -W ignore:setup.py install is deprecated setup.py egg_info --egg-base ../../build/imu_package build --build-base /home/crubs/Documents/dev_ws/build/imu_package/build install --record /home/crubs/Documents/dev_ws/build/imu_package/install.log --single-version-externally-managed install_data
[2.352s] /home/crubs/ros2_env/lib/python3.12/site-packages/setuptools/_distutils/dist.py:261: UserWarning: Unknown distribution option: 'tests_require'
[2.352s]   warnings.warn(msg)
[2.620s] running egg_info
[2.620s] creating ../../build/imu_package/imu_package.egg-info
[2.662s] writing ../../build/imu_package/imu_package.egg-info/PKG-INFO
[2.664s] writing dependency_links to ../../build/imu_package/imu_package.egg-info/dependency_links.txt
[2.664s] writing entry points to ../../build/imu_package/imu_package.egg-info/entry_points.txt
[2.664s] writing requirements to ../../build/imu_package/imu_package.egg-info/requires.txt
[2.664s] writing top-level names to ../../build/imu_package/imu_package.egg-info/top_level.txt
[2.665s] writing manifest file '../../build/imu_package/imu_package.egg-info/SOURCES.txt'
[2.759s] reading manifest file '../../build/imu_package/imu_package.egg-info/SOURCES.txt'
[2.759s] writing manifest file '../../build/imu_package/imu_package.egg-info/SOURCES.txt'
[2.759s] running build
[2.759s] running build_py
[2.760s] creating /home/crubs/Documents/dev_ws/build/imu_package/build/lib/imu_package
[2.760s] copying imu_package/__init__.py -> /home/crubs/Documents/dev_ws/build/imu_package/build/lib/imu_package
[2.760s] copying imu_package/imu_main.py -> /home/crubs/Documents/dev_ws/build/imu_package/build/lib/imu_package
[2.760s] copying imu_package/wheel_listener.py -> /home/crubs/Documents/dev_ws/build/imu_package/build/lib/imu_package
[2.761s] creating /home/crubs/Documents/dev_ws/build/imu_package/build/lib/imu_package/submodules
[2.761s] copying imu_package/submodules/kayak_function.py -> /home/crubs/Documents/dev_ws/build/imu_package/build/lib/imu_package/submodules
[2.761s] copying imu_package/submodules/madgwick.py -> /home/crubs/Documents/dev_ws/build/imu_package/build/lib/imu_package/submodules
[2.762s] running install
[2.773s] running install_lib
[2.821s] creating /home/crubs/Documents/dev_ws/install/imu_package/lib/python3.12/site-packages/imu_package
[2.822s] copying /home/crubs/Documents/dev_ws/build/imu_package/build/lib/imu_package/__init__.py -> /home/crubs/Documents/dev_ws/install/imu_package/lib/python3.12/site-packages/imu_package
[2.822s] creating /home/crubs/Documents/dev_ws/install/imu_package/lib/python3.12/site-packages/imu_package/submodules
[2.822s] copying /home/crubs/Documents/dev_ws/build/imu_package/build/lib/imu_package/submodules/kayak_function.py -> /home/crubs/Documents/dev_ws/install/imu_package/lib/python3.12/site-packages/imu_package/submodules
[2.822s] copying /home/crubs/Documents/dev_ws/build/imu_package/build/lib/imu_package/submodules/madgwick.py -> /home/crubs/Documents/dev_ws/install/imu_package/lib/python3.12/site-packages/imu_package/submodules
[2.824s] copying /home/crubs/Documents/dev_ws/build/imu_package/build/lib/imu_package/imu_main.py -> /home/crubs/Documents/dev_ws/install/imu_package/lib/python3.12/site-packages/imu_package
[2.824s] copying /home/crubs/Documents/dev_ws/build/imu_package/build/lib/imu_package/wheel_listener.py -> /home/crubs/Documents/dev_ws/install/imu_package/lib/python3.12/site-packages/imu_package
[2.824s] byte-compiling /home/crubs/Documents/dev_ws/install/imu_package/lib/python3.12/site-packages/imu_package/__init__.py to __init__.cpython-312.pyc
[2.824s] byte-compiling /home/crubs/Documents/dev_ws/install/imu_package/lib/python3.12/site-packages/imu_package/submodules/kayak_function.py to kayak_function.cpython-312.pyc
[2.824s] byte-compiling /home/crubs/Documents/dev_ws/install/imu_package/lib/python3.12/site-packages/imu_package/submodules/madgwick.py to madgwick.cpython-312.pyc
[2.827s] byte-compiling /home/crubs/Documents/dev_ws/install/imu_package/lib/python3.12/site-packages/imu_package/imu_main.py to imu_main.cpython-312.pyc
[2.828s] byte-compiling /home/crubs/Documents/dev_ws/install/imu_package/lib/python3.12/site-packages/imu_package/wheel_listener.py to wheel_listener.cpython-312.pyc
[2.830s] running install_data
[2.830s] creating /home/crubs/Documents/dev_ws/install/imu_package/share/ament_index/resource_index/packages
[2.831s] copying resource/imu_package -> /home/crubs/Documents/dev_ws/install/imu_package/share/ament_index/resource_index/packages
[2.831s] copying package.xml -> /home/crubs/Documents/dev_ws/install/imu_package/share/imu_package
[2.832s] creating /home/crubs/Documents/dev_ws/install/imu_package/share/imu_package/launch
[2.832s] copying launch/position.launch.py -> /home/crubs/Documents/dev_ws/install/imu_package/share/imu_package/launch
[2.834s] creating /home/crubs/Documents/dev_ws/install/imu_package/share/imu_package/config
[2.834s] copying config/ekf.yaml -> /home/crubs/Documents/dev_ws/install/imu_package/share/imu_package/config
[2.834s] running install_egg_info
[2.868s] Copying ../../build/imu_package/imu_package.egg-info to /home/crubs/Documents/dev_ws/install/imu_package/lib/python3.12/site-packages/imu_package-0.0.0-py3.12.egg-info
[2.869s] running install_scripts
[3.120s] Installing imu_main script to /home/crubs/Documents/dev_ws/install/imu_package/lib/imu_package
[3.122s] Installing wheel_listener script to /home/crubs/Documents/dev_ws/install/imu_package/lib/imu_package
[3.122s] writing list of installed files to '/home/crubs/Documents/dev_ws/build/imu_package/install.log'
[3.615s] Invoked command in '/home/crubs/Documents/dev_ws/src/imu_package' returned '0': DEBUGINFOD_URLS=https://debuginfod.ubuntu.com PS1=(ros2_env) \[\e]0;\u@\h: \w\a\]${debian_chroot:+($debian_chroot)}\[\033[01;32m\]\u@\h\[\033[00m\]:\[\033[01;34m\]\w\[\033[00m\]\$ PYTHONPATH=/home/crubs/Documents/dev_ws/build/imu_package/prefix_override:/usr/lib/python3/dist-packages/colcon_core/task/python/colcon_distutils_commands:/home/crubs/Documents/dev_ws/install/imu_package/lib/python3.12/site-packages:${PYTHONPATH} VIRTUAL_ENV_PROMPT=(ros2_env) /usr/bin/python3 -W ignore:setup.py install is deprecated setup.py egg_info --egg-base ../../build/imu_package build --build-base /home/crubs/Documents/dev_ws/build/imu_package/build install --record /home/crubs/Documents/dev_ws/build/imu_package/install.log --single-version-externally-managed install_data
