[0.157s] DEBUG:colcon:Command line arguments: ['/usr/bin/colcon', 'build', '--packages-select', 'camera-ros', 'robot_camera']
[0.157s] DEBUG:colcon:Parsed command line arguments: Namespace(log_base=None, log_level=None, verb_name='build', build_base='build', install_base='install', merge_install=False, symlink_install=False, test_result_base=None, continue_on_error=False, executor='parallel', parallel_workers=4, event_handlers=None, ignore_user_meta=False, metas=['./colcon.meta'], base_paths=['.'], packages_ignore=None, packages_ignore_regex=None, paths=None, packages_up_to=None, packages_up_to_regex=None, packages_above=None, packages_above_and_dependencies=None, packages_above_depth=None, packages_select_by_dep=None, packages_skip_by_dep=None, packages_skip_up_to=None, packages_select_build_failed=False, packages_skip_build_finished=False, packages_select_test_failures=False, packages_skip_test_passed=False, packages_select=['camera-ros', 'robot_camera'], packages_skip=None, packages_select_regex=None, packages_skip_regex=None, packages_start=None, packages_end=None, allow_overriding=[], cmake_args=None, cmake_target=None, cmake_target_skip_unavailable=False, cmake_clean_cache=False, cmake_clean_first=False, cmake_force_configure=False, ament_cmake_args=None, catkin_cmake_args=None, catkin_skip_building_tests=False, mixin_files=None, mixin=None, verb_parser=<colcon_mixin.mixin.mixin_argument.MixinArgumentDecorator object at 0xffffbb6a9b50>, verb_extension=<colcon_core.verb.build.BuildVerb object at 0xffffbb6a9850>, main=<bound method BuildVerb.main of <colcon_core.verb.build.BuildVerb object at 0xffffbb6a9850>>, mixin_verb=('build',))
[0.285s] Level 1:colcon.colcon_core.package_discovery:discover_packages(colcon_meta) check parameters
[0.285s] Level 1:colcon.colcon_core.package_discovery:discover_packages(recursive) check parameters
[0.285s] Level 1:colcon.colcon_core.package_discovery:discover_packages(ignore) check parameters
[0.285s] Level 1:colcon.colcon_core.package_discovery:discover_packages(path) check parameters
[0.285s] Level 1:colcon.colcon_core.package_discovery:discover_packages(colcon_meta) discover
[0.286s] Level 1:colcon.colcon_core.package_discovery:discover_packages(recursive) discover
[0.286s] INFO:colcon.colcon_core.package_discovery:Crawling recursively for packages in '/home/crubs/Documents/dev_ws'
[0.286s] Level 1:colcon.colcon_core.package_identification:_identify(.) by extensions ['ignore', 'ignore_ament_install']
[0.286s] Level 1:colcon.colcon_core.package_identification:_identify(.) by extension 'ignore'
[0.286s] Level 1:colcon.colcon_core.package_identification:_identify(.) by extension 'ignore_ament_install'
[0.286s] Level 1:colcon.colcon_core.package_identification:_identify(.) by extensions ['colcon_pkg']
[0.286s] Level 1:colcon.colcon_core.package_identification:_identify(.) by extension 'colcon_pkg'
[0.286s] Level 1:colcon.colcon_core.package_identification:_identify(.) by extensions ['colcon_meta']
[0.286s] Level 1:colcon.colcon_core.package_identification:_identify(.) by extension 'colcon_meta'
[0.286s] Level 1:colcon.colcon_core.package_identification:_identify(.) by extensions ['ros']
[0.286s] Level 1:colcon.colcon_core.package_identification:_identify(.) by extension 'ros'
[0.347s] Level 1:colcon.colcon_core.package_identification:_identify(.) by extensions ['cmake', 'python']
[0.348s] Level 1:colcon.colcon_core.package_identification:_identify(.) by extension 'cmake'
[0.348s] Level 1:colcon.colcon_core.package_identification:_identify(.) by extension 'python'
[0.348s] Level 1:colcon.colcon_core.package_identification:_identify(.) by extensions ['python_setup_py']
[0.348s] Level 1:colcon.colcon_core.package_identification:_identify(.) by extension 'python_setup_py'
[0.348s] Level 1:colcon.colcon_core.package_identification:_identify(build) by extensions ['ignore', 'ignore_ament_install']
[0.348s] Level 1:colcon.colcon_core.package_identification:_identify(build) by extension 'ignore'
[0.348s] Level 1:colcon.colcon_core.package_identification:_identify(build) ignored
[0.348s] Level 1:colcon.colcon_core.package_identification:_identify(install) by extensions ['ignore', 'ignore_ament_install']
[0.348s] Level 1:colcon.colcon_core.package_identification:_identify(install) by extension 'ignore'
[0.348s] Level 1:colcon.colcon_core.package_identification:_identify(install) ignored
[0.349s] Level 1:colcon.colcon_core.package_identification:_identify(log) by extensions ['ignore', 'ignore_ament_install']
[0.349s] Level 1:colcon.colcon_core.package_identification:_identify(log) by extension 'ignore'
[0.349s] Level 1:colcon.colcon_core.package_identification:_identify(log) ignored
[0.349s] Level 1:colcon.colcon_core.package_identification:_identify(src) by extensions ['ignore', 'ignore_ament_install']
[0.349s] Level 1:colcon.colcon_core.package_identification:_identify(src) by extension 'ignore'
[0.349s] Level 1:colcon.colcon_core.package_identification:_identify(src) by extension 'ignore_ament_install'
[0.349s] Level 1:colcon.colcon_core.package_identification:_identify(src) by extensions ['colcon_pkg']
[0.349s] Level 1:colcon.colcon_core.package_identification:_identify(src) by extension 'colcon_pkg'
[0.349s] Level 1:colcon.colcon_core.package_identification:_identify(src) by extensions ['colcon_meta']
[0.349s] Level 1:colcon.colcon_core.package_identification:_identify(src) by extension 'colcon_meta'
[0.349s] Level 1:colcon.colcon_core.package_identification:_identify(src) by extensions ['ros']
[0.349s] Level 1:colcon.colcon_core.package_identification:_identify(src) by extension 'ros'
[0.349s] Level 1:colcon.colcon_core.package_identification:_identify(src) by extensions ['cmake', 'python']
[0.349s] Level 1:colcon.colcon_core.package_identification:_identify(src) by extension 'cmake'
[0.349s] Level 1:colcon.colcon_core.package_identification:_identify(src) by extension 'python'
[0.350s] Level 1:colcon.colcon_core.package_identification:_identify(src) by extensions ['python_setup_py']
[0.350s] Level 1:colcon.colcon_core.package_identification:_identify(src) by extension 'python_setup_py'
[0.350s] Level 1:colcon.colcon_core.package_identification:_identify(src/camera_ros) by extensions ['ignore', 'ignore_ament_install']
[0.350s] Level 1:colcon.colcon_core.package_identification:_identify(src/camera_ros) by extension 'ignore'
[0.350s] Level 1:colcon.colcon_core.package_identification:_identify(src/camera_ros) by extension 'ignore_ament_install'
[0.350s] Level 1:colcon.colcon_core.package_identification:_identify(src/camera_ros) by extensions ['colcon_pkg']
[0.350s] Level 1:colcon.colcon_core.package_identification:_identify(src/camera_ros) by extension 'colcon_pkg'
[0.350s] Level 1:colcon.colcon_core.package_identification:_identify(src/camera_ros) by extensions ['colcon_meta']
[0.350s] Level 1:colcon.colcon_core.package_identification:_identify(src/camera_ros) by extension 'colcon_meta'
[0.350s] Level 1:colcon.colcon_core.package_identification:_identify(src/camera_ros) by extensions ['ros']
[0.350s] Level 1:colcon.colcon_core.package_identification:_identify(src/camera_ros) by extension 'ros'
[0.358s] DEBUG:colcon.colcon_core.package_identification:Package 'src/camera_ros' with type 'ros.ament_cmake' and name 'camera_ros'
[0.358s] Level 1:colcon.colcon_core.package_identification:_identify(src/imu_package) by extensions ['ignore', 'ignore_ament_install']
[0.358s] Level 1:colcon.colcon_core.package_identification:_identify(src/imu_package) by extension 'ignore'
[0.358s] Level 1:colcon.colcon_core.package_identification:_identify(src/imu_package) by extension 'ignore_ament_install'
[0.358s] Level 1:colcon.colcon_core.package_identification:_identify(src/imu_package) by extensions ['colcon_pkg']
[0.358s] Level 1:colcon.colcon_core.package_identification:_identify(src/imu_package) by extension 'colcon_pkg'
[0.358s] Level 1:colcon.colcon_core.package_identification:_identify(src/imu_package) by extensions ['colcon_meta']
[0.358s] Level 1:colcon.colcon_core.package_identification:_identify(src/imu_package) by extension 'colcon_meta'
[0.358s] Level 1:colcon.colcon_core.package_identification:_identify(src/imu_package) by extensions ['ros']
[0.358s] Level 1:colcon.colcon_core.package_identification:_identify(src/imu_package) by extension 'ros'
[0.359s] DEBUG:colcon.colcon_core.package_identification:Package 'src/imu_package' with type 'ros.ament_python' and name 'imu_package'
[0.360s] Level 1:colcon.colcon_core.package_identification:_identify(src/ldlidar_stl_ros2) by extensions ['ignore', 'ignore_ament_install']
[0.360s] Level 1:colcon.colcon_core.package_identification:_identify(src/ldlidar_stl_ros2) by extension 'ignore'
[0.360s] Level 1:colcon.colcon_core.package_identification:_identify(src/ldlidar_stl_ros2) by extension 'ignore_ament_install'
[0.360s] Level 1:colcon.colcon_core.package_identification:_identify(src/ldlidar_stl_ros2) by extensions ['colcon_pkg']
[0.360s] Level 1:colcon.colcon_core.package_identification:_identify(src/ldlidar_stl_ros2) by extension 'colcon_pkg'
[0.360s] Level 1:colcon.colcon_core.package_identification:_identify(src/ldlidar_stl_ros2) by extensions ['colcon_meta']
[0.360s] Level 1:colcon.colcon_core.package_identification:_identify(src/ldlidar_stl_ros2) by extension 'colcon_meta'
[0.360s] Level 1:colcon.colcon_core.package_identification:_identify(src/ldlidar_stl_ros2) by extensions ['ros']
[0.360s] Level 1:colcon.colcon_core.package_identification:_identify(src/ldlidar_stl_ros2) by extension 'ros'
[0.361s] DEBUG:colcon.colcon_core.package_identification:Package 'src/ldlidar_stl_ros2' with type 'ros.ament_cmake' and name 'ldlidar_stl_ros2'
[0.361s] Level 1:colcon.colcon_core.package_identification:_identify(src/robot_accessories) by extensions ['ignore', 'ignore_ament_install']
[0.361s] Level 1:colcon.colcon_core.package_identification:_identify(src/robot_accessories) by extension 'ignore'
[0.361s] Level 1:colcon.colcon_core.package_identification:_identify(src/robot_accessories) by extension 'ignore_ament_install'
[0.362s] Level 1:colcon.colcon_core.package_identification:_identify(src/robot_accessories) by extensions ['colcon_pkg']
[0.362s] Level 1:colcon.colcon_core.package_identification:_identify(src/robot_accessories) by extension 'colcon_pkg'
[0.362s] Level 1:colcon.colcon_core.package_identification:_identify(src/robot_accessories) by extensions ['colcon_meta']
[0.362s] Level 1:colcon.colcon_core.package_identification:_identify(src/robot_accessories) by extension 'colcon_meta'
[0.362s] Level 1:colcon.colcon_core.package_identification:_identify(src/robot_accessories) by extensions ['ros']
[0.362s] Level 1:colcon.colcon_core.package_identification:_identify(src/robot_accessories) by extension 'ros'
[0.363s] DEBUG:colcon.colcon_core.package_identification:Package 'src/robot_accessories' with type 'ros.ament_python' and name 'robot_accessories'
[0.363s] Level 1:colcon.colcon_core.package_identification:_identify(src/robot_bringup) by extensions ['ignore', 'ignore_ament_install']
[0.363s] Level 1:colcon.colcon_core.package_identification:_identify(src/robot_bringup) by extension 'ignore'
[0.363s] Level 1:colcon.colcon_core.package_identification:_identify(src/robot_bringup) by extension 'ignore_ament_install'
[0.363s] Level 1:colcon.colcon_core.package_identification:_identify(src/robot_bringup) by extensions ['colcon_pkg']
[0.363s] Level 1:colcon.colcon_core.package_identification:_identify(src/robot_bringup) by extension 'colcon_pkg'
[0.363s] Level 1:colcon.colcon_core.package_identification:_identify(src/robot_bringup) by extensions ['colcon_meta']
[0.363s] Level 1:colcon.colcon_core.package_identification:_identify(src/robot_bringup) by extension 'colcon_meta'
[0.363s] Level 1:colcon.colcon_core.package_identification:_identify(src/robot_bringup) by extensions ['ros']
[0.363s] Level 1:colcon.colcon_core.package_identification:_identify(src/robot_bringup) by extension 'ros'
[0.364s] DEBUG:colcon.colcon_core.package_identification:Package 'src/robot_bringup' with type 'ros.ament_cmake' and name 'robot_bringup'
[0.365s] Level 1:colcon.colcon_core.package_identification:_identify(src/robot_camera) by extensions ['ignore', 'ignore_ament_install']
[0.365s] Level 1:colcon.colcon_core.package_identification:_identify(src/robot_camera) by extension 'ignore'
[0.365s] Level 1:colcon.colcon_core.package_identification:_identify(src/robot_camera) by extension 'ignore_ament_install'
[0.365s] Level 1:colcon.colcon_core.package_identification:_identify(src/robot_camera) by extensions ['colcon_pkg']
[0.365s] Level 1:colcon.colcon_core.package_identification:_identify(src/robot_camera) by extension 'colcon_pkg'
[0.365s] Level 1:colcon.colcon_core.package_identification:_identify(src/robot_camera) by extensions ['colcon_meta']
[0.365s] Level 1:colcon.colcon_core.package_identification:_identify(src/robot_camera) by extension 'colcon_meta'
[0.365s] Level 1:colcon.colcon_core.package_identification:_identify(src/robot_camera) by extensions ['ros']
[0.365s] Level 1:colcon.colcon_core.package_identification:_identify(src/robot_camera) by extension 'ros'
[0.367s] DEBUG:colcon.colcon_core.package_identification:Package 'src/robot_camera' with type 'ros.ament_python' and name 'robot_camera'
[0.367s] Level 1:colcon.colcon_core.package_identification:_identify(src/robot_communication) by extensions ['ignore', 'ignore_ament_install']
[0.367s] Level 1:colcon.colcon_core.package_identification:_identify(src/robot_communication) by extension 'ignore'
[0.367s] Level 1:colcon.colcon_core.package_identification:_identify(src/robot_communication) by extension 'ignore_ament_install'
[0.367s] Level 1:colcon.colcon_core.package_identification:_identify(src/robot_communication) by extensions ['colcon_pkg']
[0.367s] Level 1:colcon.colcon_core.package_identification:_identify(src/robot_communication) by extension 'colcon_pkg'
[0.367s] Level 1:colcon.colcon_core.package_identification:_identify(src/robot_communication) by extensions ['colcon_meta']
[0.367s] Level 1:colcon.colcon_core.package_identification:_identify(src/robot_communication) by extension 'colcon_meta'
[0.367s] Level 1:colcon.colcon_core.package_identification:_identify(src/robot_communication) by extensions ['ros']
[0.367s] Level 1:colcon.colcon_core.package_identification:_identify(src/robot_communication) by extension 'ros'
[0.369s] DEBUG:colcon.colcon_core.package_identification:Package 'src/robot_communication' with type 'ros.ament_python' and name 'robot_communication'
[0.369s] Level 1:colcon.colcon_core.package_identification:_identify(src/robot_description) by extensions ['ignore', 'ignore_ament_install']
[0.369s] Level 1:colcon.colcon_core.package_identification:_identify(src/robot_description) by extension 'ignore'
[0.369s] Level 1:colcon.colcon_core.package_identification:_identify(src/robot_description) by extension 'ignore_ament_install'
[0.369s] Level 1:colcon.colcon_core.package_identification:_identify(src/robot_description) by extensions ['colcon_pkg']
[0.369s] Level 1:colcon.colcon_core.package_identification:_identify(src/robot_description) by extension 'colcon_pkg'
[0.369s] Level 1:colcon.colcon_core.package_identification:_identify(src/robot_description) by extensions ['colcon_meta']
[0.369s] Level 1:colcon.colcon_core.package_identification:_identify(src/robot_description) by extension 'colcon_meta'
[0.369s] Level 1:colcon.colcon_core.package_identification:_identify(src/robot_description) by extensions ['ros']
[0.369s] Level 1:colcon.colcon_core.package_identification:_identify(src/robot_description) by extension 'ros'
[0.370s] DEBUG:colcon.colcon_core.package_identification:Package 'src/robot_description' with type 'ros.ament_cmake' and name 'robot_description'
[0.370s] Level 1:colcon.colcon_core.package_identification:_identify(src/robot_gazebo) by extensions ['ignore', 'ignore_ament_install']
[0.371s] Level 1:colcon.colcon_core.package_identification:_identify(src/robot_gazebo) by extension 'ignore'
[0.371s] Level 1:colcon.colcon_core.package_identification:_identify(src/robot_gazebo) by extension 'ignore_ament_install'
[0.371s] Level 1:colcon.colcon_core.package_identification:_identify(src/robot_gazebo) by extensions ['colcon_pkg']
[0.371s] Level 1:colcon.colcon_core.package_identification:_identify(src/robot_gazebo) by extension 'colcon_pkg'
[0.371s] Level 1:colcon.colcon_core.package_identification:_identify(src/robot_gazebo) by extensions ['colcon_meta']
[0.371s] Level 1:colcon.colcon_core.package_identification:_identify(src/robot_gazebo) by extension 'colcon_meta'
[0.371s] Level 1:colcon.colcon_core.package_identification:_identify(src/robot_gazebo) by extensions ['ros']
[0.371s] Level 1:colcon.colcon_core.package_identification:_identify(src/robot_gazebo) by extension 'ros'
[0.372s] DEBUG:colcon.colcon_core.package_identification:Package 'src/robot_gazebo' with type 'ros.ament_cmake' and name 'robot_gazebo'
[0.372s] Level 1:colcon.colcon_core.package_identification:_identify(src/robot_navigation) by extensions ['ignore', 'ignore_ament_install']
[0.372s] Level 1:colcon.colcon_core.package_identification:_identify(src/robot_navigation) by extension 'ignore'
[0.372s] Level 1:colcon.colcon_core.package_identification:_identify(src/robot_navigation) by extension 'ignore_ament_install'
[0.373s] Level 1:colcon.colcon_core.package_identification:_identify(src/robot_navigation) by extensions ['colcon_pkg']
[0.373s] Level 1:colcon.colcon_core.package_identification:_identify(src/robot_navigation) by extension 'colcon_pkg'
[0.373s] Level 1:colcon.colcon_core.package_identification:_identify(src/robot_navigation) by extensions ['colcon_meta']
[0.373s] Level 1:colcon.colcon_core.package_identification:_identify(src/robot_navigation) by extension 'colcon_meta'
[0.373s] Level 1:colcon.colcon_core.package_identification:_identify(src/robot_navigation) by extensions ['ros']
[0.373s] Level 1:colcon.colcon_core.package_identification:_identify(src/robot_navigation) by extension 'ros'
[0.374s] DEBUG:colcon.colcon_core.package_identification:Package 'src/robot_navigation' with type 'ros.ament_cmake' and name 'robot_navigation'
[0.374s] Level 1:colcon.colcon_core.package_identification:_identify(src/robot_sensors) by extensions ['ignore', 'ignore_ament_install']
[0.374s] Level 1:colcon.colcon_core.package_identification:_identify(src/robot_sensors) by extension 'ignore'
[0.374s] Level 1:colcon.colcon_core.package_identification:_identify(src/robot_sensors) by extension 'ignore_ament_install'
[0.374s] Level 1:colcon.colcon_core.package_identification:_identify(src/robot_sensors) by extensions ['colcon_pkg']
[0.374s] Level 1:colcon.colcon_core.package_identification:_identify(src/robot_sensors) by extension 'colcon_pkg'
[0.374s] Level 1:colcon.colcon_core.package_identification:_identify(src/robot_sensors) by extensions ['colcon_meta']
[0.374s] Level 1:colcon.colcon_core.package_identification:_identify(src/robot_sensors) by extension 'colcon_meta'
[0.374s] Level 1:colcon.colcon_core.package_identification:_identify(src/robot_sensors) by extensions ['ros']
[0.375s] Level 1:colcon.colcon_core.package_identification:_identify(src/robot_sensors) by extension 'ros'
[0.376s] DEBUG:colcon.colcon_core.package_identification:Package 'src/robot_sensors' with type 'ros.ament_python' and name 'robot_sensors'
[0.376s] Level 1:colcon.colcon_core.package_discovery:discover_packages(recursive) using defaults
[0.376s] Level 1:colcon.colcon_core.package_discovery:discover_packages(ignore) discover
[0.376s] Level 1:colcon.colcon_core.package_discovery:discover_packages(ignore) using defaults
[0.376s] Level 1:colcon.colcon_core.package_discovery:discover_packages(path) discover
[0.376s] Level 1:colcon.colcon_core.package_discovery:discover_packages(path) using defaults
[0.376s] WARNING:colcon.colcon_core.package_selection:ignoring unknown package 'camera-ros' in --packages-select
[0.430s] INFO:colcon.colcon_core.package_selection:Skipping not selected package 'camera_ros' in 'src/camera_ros'
[0.430s] INFO:colcon.colcon_core.package_selection:Skipping not selected package 'imu_package' in 'src/imu_package'
[0.430s] INFO:colcon.colcon_core.package_selection:Skipping not selected package 'ldlidar_stl_ros2' in 'src/ldlidar_stl_ros2'
[0.430s] INFO:colcon.colcon_core.package_selection:Skipping not selected package 'robot_accessories' in 'src/robot_accessories'
[0.430s] INFO:colcon.colcon_core.package_selection:Skipping not selected package 'robot_bringup' in 'src/robot_bringup'
[0.431s] INFO:colcon.colcon_core.package_selection:Skipping not selected package 'robot_communication' in 'src/robot_communication'
[0.431s] INFO:colcon.colcon_core.package_selection:Skipping not selected package 'robot_description' in 'src/robot_description'
[0.431s] INFO:colcon.colcon_core.package_selection:Skipping not selected package 'robot_gazebo' in 'src/robot_gazebo'
[0.431s] INFO:colcon.colcon_core.package_selection:Skipping not selected package 'robot_navigation' in 'src/robot_navigation'
[0.431s] INFO:colcon.colcon_core.package_selection:Skipping not selected package 'robot_sensors' in 'src/robot_sensors'
[0.432s] Level 1:colcon.colcon_core.package_discovery:discover_packages(prefix_path) check parameters
[0.432s] Level 1:colcon.colcon_core.package_discovery:discover_packages(prefix_path) discover
[0.439s] DEBUG:colcon.colcon_installed_package_information.package_discovery:Found 11 installed packages in /home/crubs/Documents/dev_ws/install
[0.442s] DEBUG:colcon.colcon_installed_package_information.package_discovery:Found 397 installed packages in /opt/ros/jazzy
[0.443s] Level 1:colcon.colcon_core.package_discovery:discover_packages(prefix_path) using defaults
[0.530s] Level 5:colcon.colcon_core.verb:set package 'robot_camera' build argument 'cmake_args' from command line to 'None'
[0.530s] Level 5:colcon.colcon_core.verb:set package 'robot_camera' build argument 'cmake_target' from command line to 'None'
[0.530s] Level 5:colcon.colcon_core.verb:set package 'robot_camera' build argument 'cmake_target_skip_unavailable' from command line to 'False'
[0.530s] Level 5:colcon.colcon_core.verb:set package 'robot_camera' build argument 'cmake_clean_cache' from command line to 'False'
[0.530s] Level 5:colcon.colcon_core.verb:set package 'robot_camera' build argument 'cmake_clean_first' from command line to 'False'
[0.530s] Level 5:colcon.colcon_core.verb:set package 'robot_camera' build argument 'cmake_force_configure' from command line to 'False'
[0.530s] Level 5:colcon.colcon_core.verb:set package 'robot_camera' build argument 'ament_cmake_args' from command line to 'None'
[0.530s] Level 5:colcon.colcon_core.verb:set package 'robot_camera' build argument 'catkin_cmake_args' from command line to 'None'
[0.530s] Level 5:colcon.colcon_core.verb:set package 'robot_camera' build argument 'catkin_skip_building_tests' from command line to 'False'
[0.530s] DEBUG:colcon.colcon_core.verb:Building package 'robot_camera' with the following arguments: {'ament_cmake_args': None, 'build_base': '/home/crubs/Documents/dev_ws/build/robot_camera', 'catkin_cmake_args': None, 'catkin_skip_building_tests': False, 'cmake_args': None, 'cmake_clean_cache': False, 'cmake_clean_first': False, 'cmake_force_configure': False, 'cmake_target': None, 'cmake_target_skip_unavailable': False, 'install_base': '/home/crubs/Documents/dev_ws/install/robot_camera', 'merge_install': False, 'path': '/home/crubs/Documents/dev_ws/src/robot_camera', 'symlink_install': False, 'test_result_base': None}
[0.530s] INFO:colcon.colcon_core.executor:Executing jobs using 'parallel' executor
[0.532s] DEBUG:colcon.colcon_parallel_executor.executor.parallel:run_until_complete
[0.532s] INFO:colcon.colcon_ros.task.ament_python.build:Building ROS package in '/home/crubs/Documents/dev_ws/src/robot_camera' with build type 'ament_python'
[0.532s] Level 1:colcon.colcon_core.shell:create_environment_hook('robot_camera', 'ament_prefix_path')
[0.544s] INFO:colcon.colcon_core.plugin_system:Skipping extension 'colcon_core.shell.bat': Not used on non-Windows systems
[0.545s] INFO:colcon.colcon_core.shell:Creating environment hook '/home/crubs/Documents/dev_ws/install/robot_camera/share/robot_camera/hook/ament_prefix_path.ps1'
[0.547s] INFO:colcon.colcon_core.shell:Creating environment descriptor '/home/crubs/Documents/dev_ws/install/robot_camera/share/robot_camera/hook/ament_prefix_path.dsv'
[0.548s] INFO:colcon.colcon_core.shell:Creating environment hook '/home/crubs/Documents/dev_ws/install/robot_camera/share/robot_camera/hook/ament_prefix_path.sh'
[0.550s] INFO:colcon.colcon_core.shell:Skip shell extension 'powershell' for command environment: Not usable outside of PowerShell
[0.550s] DEBUG:colcon.colcon_core.shell:Skip shell extension 'dsv' for command environment
[0.945s] INFO:colcon.colcon_core.task.python.build:Building Python package in '/home/crubs/Documents/dev_ws/src/robot_camera'
[0.946s] INFO:colcon.colcon_core.shell:Skip shell extension 'powershell' for command environment: Not usable outside of PowerShell
[0.946s] DEBUG:colcon.colcon_core.shell:Skip shell extension 'dsv' for command environment
[2.176s] DEBUG:colcon.colcon_core.event_handler.log_command:Invoking command in '/home/crubs/Documents/dev_ws/src/robot_camera': DEBUGINFOD_URLS=https://debuginfod.ubuntu.com PYTHONPATH=/home/crubs/Documents/dev_ws/build/robot_camera/prefix_override:/usr/lib/python3/dist-packages/colcon_core/task/python/colcon_distutils_commands:/home/crubs/Documents/dev_ws/install/robot_camera/lib/python3.12/site-packages:${PYTHONPATH} /usr/bin/python3 -W ignore:setup.py install is deprecated -W ignore:easy_install command is deprecated setup.py egg_info --egg-base ../../build/robot_camera build --build-base /home/crubs/Documents/dev_ws/build/robot_camera/build install --record /home/crubs/Documents/dev_ws/build/robot_camera/install.log --single-version-externally-managed install_data
[3.034s] DEBUG:colcon.colcon_core.event_handler.log_command:Invoked command in '/home/crubs/Documents/dev_ws/src/robot_camera' returned '0': DEBUGINFOD_URLS=https://debuginfod.ubuntu.com PYTHONPATH=/home/crubs/Documents/dev_ws/build/robot_camera/prefix_override:/usr/lib/python3/dist-packages/colcon_core/task/python/colcon_distutils_commands:/home/crubs/Documents/dev_ws/install/robot_camera/lib/python3.12/site-packages:${PYTHONPATH} /usr/bin/python3 -W ignore:setup.py install is deprecated -W ignore:easy_install command is deprecated setup.py egg_info --egg-base ../../build/robot_camera build --build-base /home/crubs/Documents/dev_ws/build/robot_camera/build install --record /home/crubs/Documents/dev_ws/build/robot_camera/install.log --single-version-externally-managed install_data
[3.048s] Level 1:colcon.colcon_core.environment:checking '/home/crubs/Documents/dev_ws/install/robot_camera' for CMake module files
[3.049s] Level 1:colcon.colcon_core.environment:checking '/home/crubs/Documents/dev_ws/install/robot_camera' for CMake config files
[3.051s] Level 1:colcon.colcon_core.environment:checking '/home/crubs/Documents/dev_ws/install/robot_camera/lib'
[3.051s] Level 1:colcon.colcon_core.environment:checking '/home/crubs/Documents/dev_ws/install/robot_camera/bin'
[3.051s] Level 1:colcon.colcon_core.environment:checking '/home/crubs/Documents/dev_ws/install/robot_camera/lib/pkgconfig/robot_camera.pc'
[3.051s] Level 1:colcon.colcon_core.environment:checking '/home/crubs/Documents/dev_ws/install/robot_camera/lib/python3.12/site-packages'
[3.052s] Level 1:colcon.colcon_core.shell:create_environment_hook('robot_camera', 'pythonpath')
[3.052s] INFO:colcon.colcon_core.shell:Creating environment hook '/home/crubs/Documents/dev_ws/install/robot_camera/share/robot_camera/hook/pythonpath.ps1'
[3.053s] INFO:colcon.colcon_core.shell:Creating environment descriptor '/home/crubs/Documents/dev_ws/install/robot_camera/share/robot_camera/hook/pythonpath.dsv'
[3.054s] INFO:colcon.colcon_core.shell:Creating environment hook '/home/crubs/Documents/dev_ws/install/robot_camera/share/robot_camera/hook/pythonpath.sh'
[3.054s] Level 1:colcon.colcon_core.environment:checking '/home/crubs/Documents/dev_ws/install/robot_camera/bin'
[3.054s] Level 1:colcon.colcon_core.environment:create_environment_scripts_only(robot_camera)
[3.055s] INFO:colcon.colcon_core.shell:Creating package script '/home/crubs/Documents/dev_ws/install/robot_camera/share/robot_camera/package.ps1'
[3.056s] INFO:colcon.colcon_core.shell:Creating package descriptor '/home/crubs/Documents/dev_ws/install/robot_camera/share/robot_camera/package.dsv'
[3.058s] INFO:colcon.colcon_core.shell:Creating package script '/home/crubs/Documents/dev_ws/install/robot_camera/share/robot_camera/package.sh'
[3.060s] INFO:colcon.colcon_core.shell:Creating package script '/home/crubs/Documents/dev_ws/install/robot_camera/share/robot_camera/package.bash'
[3.063s] INFO:colcon.colcon_core.shell:Creating package script '/home/crubs/Documents/dev_ws/install/robot_camera/share/robot_camera/package.zsh'
[3.065s] Level 1:colcon.colcon_core.environment:create_file_with_runtime_dependencies(/home/crubs/Documents/dev_ws/install/robot_camera/share/colcon-core/packages/robot_camera)
[3.066s] DEBUG:colcon.colcon_parallel_executor.executor.parallel:closing loop
[3.067s] DEBUG:colcon.colcon_parallel_executor.executor.parallel:loop closed
[3.067s] DEBUG:colcon.colcon_parallel_executor.executor.parallel:run_until_complete finished with '0'
[3.067s] DEBUG:colcon.colcon_core.event_reactor:joining thread
[3.084s] INFO:colcon.colcon_core.plugin_system:Skipping extension 'colcon_notification.desktop_notification.terminal_notifier': Not used on non-Darwin systems
[3.084s] INFO:colcon.colcon_core.plugin_system:Skipping extension 'colcon_notification.desktop_notification.win32': Not used on non-Windows systems
[3.084s] INFO:colcon.colcon_notification.desktop_notification:Sending desktop notification using 'notify2'
[3.085s] DEBUG:colcon.colcon_notification.desktop_notification.notify2:Failed to initialize notify2: org.freedesktop.DBus.Error.ServiceUnknown: The name org.freedesktop.Notifications was not provided by any .service files
[3.086s] DEBUG:colcon.colcon_core.event_reactor:joined thread
[3.086s] INFO:colcon.colcon_core.shell:Creating prefix script '/home/crubs/Documents/dev_ws/install/local_setup.ps1'
[3.090s] INFO:colcon.colcon_core.shell:Creating prefix util module '/home/crubs/Documents/dev_ws/install/_local_setup_util_ps1.py'
[3.093s] INFO:colcon.colcon_core.shell:Creating prefix chain script '/home/crubs/Documents/dev_ws/install/setup.ps1'
[3.096s] INFO:colcon.colcon_core.shell:Creating prefix script '/home/crubs/Documents/dev_ws/install/local_setup.sh'
[3.097s] INFO:colcon.colcon_core.shell:Creating prefix util module '/home/crubs/Documents/dev_ws/install/_local_setup_util_sh.py'
[3.098s] INFO:colcon.colcon_core.shell:Creating prefix chain script '/home/crubs/Documents/dev_ws/install/setup.sh'
[3.101s] INFO:colcon.colcon_core.shell:Creating prefix script '/home/crubs/Documents/dev_ws/install/local_setup.bash'
[3.102s] INFO:colcon.colcon_core.shell:Creating prefix chain script '/home/crubs/Documents/dev_ws/install/setup.bash'
[3.104s] INFO:colcon.colcon_core.shell:Creating prefix script '/home/crubs/Documents/dev_ws/install/local_setup.zsh'
[3.108s] INFO:colcon.colcon_core.shell:Creating prefix chain script '/home/crubs/Documents/dev_ws/install/setup.zsh'
