running egg_info
creating ../../build/robot_accessories/robot_accessories.egg-info
writing ../../build/robot_accessories/robot_accessories.egg-info/PKG-INFO
writing dependency_links to ../../build/robot_accessories/robot_accessories.egg-info/dependency_links.txt
writing entry points to ../../build/robot_accessories/robot_accessories.egg-info/entry_points.txt
writing requirements to ../../build/robot_accessories/robot_accessories.egg-info/requires.txt
writing top-level names to ../../build/robot_accessories/robot_accessories.egg-info/top_level.txt
writing manifest file '../../build/robot_accessories/robot_accessories.egg-info/SOURCES.txt'
reading manifest file '../../build/robot_accessories/robot_accessories.egg-info/SOURCES.txt'
writing manifest file '../../build/robot_accessories/robot_accessories.egg-info/SOURCES.txt'
running build
running build_py
creating /home/crubs/Documents/dev_ws/build/robot_accessories/build/lib/robot_accessories
copying robot_accessories/__init__.py -> /home/crubs/Documents/dev_ws/build/robot_accessories/build/lib/robot_accessories
copying robot_accessories/matrice.py -> /home/crubs/Documents/dev_ws/build/robot_accessories/build/lib/robot_accessories
copying robot_accessories/servosPrepare.py -> /home/crubs/Documents/dev_ws/build/robot_accessories/build/lib/robot_accessories
copying robot_accessories/velocity_smoother.py -> /home/crubs/Documents/dev_ws/build/robot_accessories/build/lib/robot_accessories
copying robot_accessories/matrice_test.py -> /home/crubs/Documents/dev_ws/build/robot_accessories/build/lib/robot_accessories
copying robot_accessories/clock.py -> /home/crubs/Documents/dev_ws/build/robot_accessories/build/lib/robot_accessories
copying robot_accessories/sequenceRead.py -> /home/crubs/Documents/dev_ws/build/robot_accessories/build/lib/robot_accessories
copying robot_accessories/lcdPrepare.py -> /home/crubs/Documents/dev_ws/build/robot_accessories/build/lib/robot_accessories
copying robot_accessories/sequenceRead copy.py -> /home/crubs/Documents/dev_ws/build/robot_accessories/build/lib/robot_accessories
copying robot_accessories/motorsPrepare.py -> /home/crubs/Documents/dev_ws/build/robot_accessories/build/lib/robot_accessories
copying robot_accessories/lidarLedsPrepare.py -> /home/crubs/Documents/dev_ws/build/robot_accessories/build/lib/robot_accessories
copying robot_accessories/servosPrepareOld.py -> /home/crubs/Documents/dev_ws/build/robot_accessories/build/lib/robot_accessories
running install
running install_lib
creating /home/crubs/Documents/dev_ws/install/robot_accessories/lib/python3.12/site-packages/robot_accessories
copying /home/crubs/Documents/dev_ws/build/robot_accessories/build/lib/robot_accessories/__init__.py -> /home/crubs/Documents/dev_ws/install/robot_accessories/lib/python3.12/site-packages/robot_accessories
copying /home/crubs/Documents/dev_ws/build/robot_accessories/build/lib/robot_accessories/matrice.py -> /home/crubs/Documents/dev_ws/install/robot_accessories/lib/python3.12/site-packages/robot_accessories
copying /home/crubs/Documents/dev_ws/build/robot_accessories/build/lib/robot_accessories/servosPrepare.py -> /home/crubs/Documents/dev_ws/install/robot_accessories/lib/python3.12/site-packages/robot_accessories
copying /home/crubs/Documents/dev_ws/build/robot_accessories/build/lib/robot_accessories/velocity_smoother.py -> /home/crubs/Documents/dev_ws/install/robot_accessories/lib/python3.12/site-packages/robot_accessories
copying /home/crubs/Documents/dev_ws/build/robot_accessories/build/lib/robot_accessories/matrice_test.py -> /home/crubs/Documents/dev_ws/install/robot_accessories/lib/python3.12/site-packages/robot_accessories
copying /home/crubs/Documents/dev_ws/build/robot_accessories/build/lib/robot_accessories/clock.py -> /home/crubs/Documents/dev_ws/install/robot_accessories/lib/python3.12/site-packages/robot_accessories
copying /home/crubs/Documents/dev_ws/build/robot_accessories/build/lib/robot_accessories/sequenceRead.py -> /home/crubs/Documents/dev_ws/install/robot_accessories/lib/python3.12/site-packages/robot_accessories
copying /home/crubs/Documents/dev_ws/build/robot_accessories/build/lib/robot_accessories/lcdPrepare.py -> /home/crubs/Documents/dev_ws/install/robot_accessories/lib/python3.12/site-packages/robot_accessories
copying /home/crubs/Documents/dev_ws/build/robot_accessories/build/lib/robot_accessories/sequenceRead copy.py -> /home/crubs/Documents/dev_ws/install/robot_accessories/lib/python3.12/site-packages/robot_accessories
copying /home/crubs/Documents/dev_ws/build/robot_accessories/build/lib/robot_accessories/motorsPrepare.py -> /home/crubs/Documents/dev_ws/install/robot_accessories/lib/python3.12/site-packages/robot_accessories
copying /home/crubs/Documents/dev_ws/build/robot_accessories/build/lib/robot_accessories/lidarLedsPrepare.py -> /home/crubs/Documents/dev_ws/install/robot_accessories/lib/python3.12/site-packages/robot_accessories
copying /home/crubs/Documents/dev_ws/build/robot_accessories/build/lib/robot_accessories/servosPrepareOld.py -> /home/crubs/Documents/dev_ws/install/robot_accessories/lib/python3.12/site-packages/robot_accessories
byte-compiling /home/crubs/Documents/dev_ws/install/robot_accessories/lib/python3.12/site-packages/robot_accessories/__init__.py to __init__.cpython-312.pyc
byte-compiling /home/crubs/Documents/dev_ws/install/robot_accessories/lib/python3.12/site-packages/robot_accessories/matrice.py to matrice.cpython-312.pyc
byte-compiling /home/crubs/Documents/dev_ws/install/robot_accessories/lib/python3.12/site-packages/robot_accessories/servosPrepare.py to servosPrepare.cpython-312.pyc
byte-compiling /home/crubs/Documents/dev_ws/install/robot_accessories/lib/python3.12/site-packages/robot_accessories/velocity_smoother.py to velocity_smoother.cpython-312.pyc
byte-compiling /home/crubs/Documents/dev_ws/install/robot_accessories/lib/python3.12/site-packages/robot_accessories/matrice_test.py to matrice_test.cpython-312.pyc
byte-compiling /home/crubs/Documents/dev_ws/install/robot_accessories/lib/python3.12/site-packages/robot_accessories/clock.py to clock.cpython-312.pyc
byte-compiling /home/crubs/Documents/dev_ws/install/robot_accessories/lib/python3.12/site-packages/robot_accessories/sequenceRead.py to sequenceRead.cpython-312.pyc
byte-compiling /home/crubs/Documents/dev_ws/install/robot_accessories/lib/python3.12/site-packages/robot_accessories/lcdPrepare.py to lcdPrepare.cpython-312.pyc
byte-compiling /home/crubs/Documents/dev_ws/install/robot_accessories/lib/python3.12/site-packages/robot_accessories/sequenceRead copy.py to sequenceRead copy.cpython-312.pyc
byte-compiling /home/crubs/Documents/dev_ws/install/robot_accessories/lib/python3.12/site-packages/robot_accessories/motorsPrepare.py to motorsPrepare.cpython-312.pyc
byte-compiling /home/crubs/Documents/dev_ws/install/robot_accessories/lib/python3.12/site-packages/robot_accessories/lidarLedsPrepare.py to lidarLedsPrepare.cpython-312.pyc
byte-compiling /home/crubs/Documents/dev_ws/install/robot_accessories/lib/python3.12/site-packages/robot_accessories/servosPrepareOld.py to servosPrepareOld.cpython-312.pyc
running install_data
creating /home/crubs/Documents/dev_ws/install/robot_accessories/share/ament_index/resource_index/packages
copying resource/robot_accessories -> /home/crubs/Documents/dev_ws/install/robot_accessories/share/ament_index/resource_index/packages
copying package.xml -> /home/crubs/Documents/dev_ws/install/robot_accessories/share/robot_accessories
creating /home/crubs/Documents/dev_ws/install/robot_accessories/share/robot_accessories/launch
copying launch/allAccessories.launch.py -> /home/crubs/Documents/dev_ws/install/robot_accessories/share/robot_accessories/launch
running install_egg_info
Copying ../../build/robot_accessories/robot_accessories.egg-info to /home/crubs/Documents/dev_ws/install/robot_accessories/lib/python3.12/site-packages/robot_accessories-0.0.0-py3.12.egg-info
running install_scripts
Installing clock script to /home/crubs/Documents/dev_ws/install/robot_accessories/lib/robot_accessories
Installing lcd_screen_prepare script to /home/crubs/Documents/dev_ws/install/robot_accessories/lib/robot_accessories
Installing lidar_led_prepare script to /home/crubs/Documents/dev_ws/install/robot_accessories/lib/robot_accessories
Installing motors_prepare script to /home/crubs/Documents/dev_ws/install/robot_accessories/lib/robot_accessories
Installing sequence_reader script to /home/crubs/Documents/dev_ws/install/robot_accessories/lib/robot_accessories
Installing servos_prepare script to /home/crubs/Documents/dev_ws/install/robot_accessories/lib/robot_accessories
writing list of installed files to '/home/crubs/Documents/dev_ws/build/robot_accessories/install.log'
