running egg_info
writing ../../build/imu_package/imu_package.egg-info/PKG-INFO
writing dependency_links to ../../build/imu_package/imu_package.egg-info/dependency_links.txt
writing entry points to ../../build/imu_package/imu_package.egg-info/entry_points.txt
writing requirements to ../../build/imu_package/imu_package.egg-info/requires.txt
writing top-level names to ../../build/imu_package/imu_package.egg-info/top_level.txt
reading manifest file '../../build/imu_package/imu_package.egg-info/SOURCES.txt'
writing manifest file '../../build/imu_package/imu_package.egg-info/SOURCES.txt'
running build
running build_py
running install
running install_lib
running install_data
running install_egg_info
removing '/home/crubs/Documents/dev_ws/install/imu_package/lib/python3.12/site-packages/imu_package-0.0.0-py3.12.egg-info' (and everything under it)
Copying ../../build/imu_package/imu_package.egg-info to /home/crubs/Documents/dev_ws/install/imu_package/lib/python3.12/site-packages/imu_package-0.0.0-py3.12.egg-info
running install_scripts
Installing cmd_test script to /home/crubs/Documents/dev_ws/install/imu_package/lib/imu_package
Installing imu_main script to /home/crubs/Documents/dev_ws/install/imu_package/lib/imu_package
Installing move_2sec script to /home/crubs/Documents/dev_ws/install/imu_package/lib/imu_package
Installing wheel_listener script to /home/crubs/Documents/dev_ws/install/imu_package/lib/imu_package
writing list of installed files to '/home/crubs/Documents/dev_ws/build/imu_package/install.log'
