[1.991s] Invoking command in '/home/crubs/Documents/dev_ws/src/imu_package': DEBUGINFOD_URLS=https://debuginfod.ubuntu.com PYTHONPATH=/home/crubs/Documents/dev_ws/build/imu_package/prefix_override:/usr/lib/python3/dist-packages/colcon_core/task/python/colcon_distutils_commands:/home/crubs/Documents/dev_ws/install/imu_package/lib/python3.12/site-packages:${PYTHONPATH} /usr/bin/python3 -W ignore:setup.py install is deprecated -W ignore:easy_install command is deprecated setup.py egg_info --egg-base ../../build/imu_package build --build-base /home/crubs/Documents/dev_ws/build/imu_package/build install --record /home/crubs/Documents/dev_ws/build/imu_package/install.log --single-version-externally-managed install_data
[2.495s] running egg_info
[2.540s] writing ../../build/imu_package/imu_package.egg-info/PKG-INFO
[2.585s] writing dependency_links to ../../build/imu_package/imu_package.egg-info/dependency_links.txt
[2.586s] writing entry points to ../../build/imu_package/imu_package.egg-info/entry_points.txt
[2.587s] writing requirements to ../../build/imu_package/imu_package.egg-info/requires.txt
[2.587s] writing top-level names to ../../build/imu_package/imu_package.egg-info/top_level.txt
[2.696s] reading manifest file '../../build/imu_package/imu_package.egg-info/SOURCES.txt'
[2.696s] writing manifest file '../../build/imu_package/imu_package.egg-info/SOURCES.txt'
[2.696s] running build
[2.697s] running build_py
[2.697s] running install
[2.697s] running install_lib
[2.716s] running install_data
[2.717s] running install_egg_info
[2.755s] removing '/home/crubs/Documents/dev_ws/install/imu_package/lib/python3.12/site-packages/imu_package-0.0.0-py3.12.egg-info' (and everything under it)
[2.756s] Copying ../../build/imu_package/imu_package.egg-info to /home/crubs/Documents/dev_ws/install/imu_package/lib/python3.12/site-packages/imu_package-0.0.0-py3.12.egg-info
[2.758s] running install_scripts
[3.015s] Installing cmd_test script to /home/crubs/Documents/dev_ws/install/imu_package/lib/imu_package
[3.016s] Installing imu_main script to /home/crubs/Documents/dev_ws/install/imu_package/lib/imu_package
[3.020s] Installing move_2sec script to /home/crubs/Documents/dev_ws/install/imu_package/lib/imu_package
[3.021s] Installing wheel_listener script to /home/crubs/Documents/dev_ws/install/imu_package/lib/imu_package
[3.025s] writing list of installed files to '/home/crubs/Documents/dev_ws/build/imu_package/install.log'
[3.168s] Invoked command in '/home/crubs/Documents/dev_ws/src/imu_package' returned '0': DEBUGINFOD_URLS=https://debuginfod.ubuntu.com PYTHONPATH=/home/crubs/Documents/dev_ws/build/imu_package/prefix_override:/usr/lib/python3/dist-packages/colcon_core/task/python/colcon_distutils_commands:/home/crubs/Documents/dev_ws/install/imu_package/lib/python3.12/site-packages:${PYTHONPATH} /usr/bin/python3 -W ignore:setup.py install is deprecated -W ignore:easy_install command is deprecated setup.py egg_info --egg-base ../../build/imu_package build --build-base /home/crubs/Documents/dev_ws/build/imu_package/build install --record /home/crubs/Documents/dev_ws/build/imu_package/install.log --single-version-externally-managed install_data
