/home/crubs/Documents/dev_ws/install/robot_accessories/lib/python3.12/site-packages/robot_accessories/__init__.py
/home/crubs/Documents/dev_ws/install/robot_accessories/lib/python3.12/site-packages/robot_accessories/matrice.py
/home/crubs/Documents/dev_ws/install/robot_accessories/lib/python3.12/site-packages/robot_accessories/servosPrepare.py
/home/crubs/Documents/dev_ws/install/robot_accessories/lib/python3.12/site-packages/robot_accessories/velocity_smoother.py
/home/crubs/Documents/dev_ws/install/robot_accessories/lib/python3.12/site-packages/robot_accessories/matrice_test.py
/home/crubs/Documents/dev_ws/install/robot_accessories/lib/python3.12/site-packages/robot_accessories/clock.py
/home/crubs/Documents/dev_ws/install/robot_accessories/lib/python3.12/site-packages/robot_accessories/sequenceRead.py
/home/crubs/Documents/dev_ws/install/robot_accessories/lib/python3.12/site-packages/robot_accessories/lcdPrepare.py
/home/crubs/Documents/dev_ws/install/robot_accessories/lib/python3.12/site-packages/robot_accessories/sequenceRead copy.py
/home/crubs/Documents/dev_ws/install/robot_accessories/lib/python3.12/site-packages/robot_accessories/motorsPrepare.py
/home/crubs/Documents/dev_ws/install/robot_accessories/lib/python3.12/site-packages/robot_accessories/lidarLedsPrepare.py
/home/crubs/Documents/dev_ws/install/robot_accessories/lib/python3.12/site-packages/robot_accessories/servosPrepareOld.py
/home/crubs/Documents/dev_ws/install/robot_accessories/lib/python3.12/site-packages/robot_accessories/__pycache__/__init__.cpython-312.pyc
/home/crubs/Documents/dev_ws/install/robot_accessories/lib/python3.12/site-packages/robot_accessories/__pycache__/matrice.cpython-312.pyc
/home/crubs/Documents/dev_ws/install/robot_accessories/lib/python3.12/site-packages/robot_accessories/__pycache__/servosPrepare.cpython-312.pyc
/home/crubs/Documents/dev_ws/install/robot_accessories/lib/python3.12/site-packages/robot_accessories/__pycache__/velocity_smoother.cpython-312.pyc
/home/crubs/Documents/dev_ws/install/robot_accessories/lib/python3.12/site-packages/robot_accessories/__pycache__/matrice_test.cpython-312.pyc
/home/crubs/Documents/dev_ws/install/robot_accessories/lib/python3.12/site-packages/robot_accessories/__pycache__/clock.cpython-312.pyc
/home/crubs/Documents/dev_ws/install/robot_accessories/lib/python3.12/site-packages/robot_accessories/__pycache__/sequenceRead.cpython-312.pyc
/home/crubs/Documents/dev_ws/install/robot_accessories/lib/python3.12/site-packages/robot_accessories/__pycache__/lcdPrepare.cpython-312.pyc
/home/crubs/Documents/dev_ws/install/robot_accessories/lib/python3.12/site-packages/robot_accessories/__pycache__/sequenceRead copy.cpython-312.pyc
/home/crubs/Documents/dev_ws/install/robot_accessories/lib/python3.12/site-packages/robot_accessories/__pycache__/motorsPrepare.cpython-312.pyc
/home/crubs/Documents/dev_ws/install/robot_accessories/lib/python3.12/site-packages/robot_accessories/__pycache__/lidarLedsPrepare.cpython-312.pyc
/home/crubs/Documents/dev_ws/install/robot_accessories/lib/python3.12/site-packages/robot_accessories/__pycache__/servosPrepareOld.cpython-312.pyc
/home/crubs/Documents/dev_ws/install/robot_accessories/share/ament_index/resource_index/packages/robot_accessories
/home/crubs/Documents/dev_ws/install/robot_accessories/share/robot_accessories/package.xml
/home/crubs/Documents/dev_ws/install/robot_accessories/share/robot_accessories/launch/allAccessories.launch.py
/home/crubs/Documents/dev_ws/install/robot_accessories/lib/python3.12/site-packages/robot_accessories-0.0.0-py3.12.egg-info/SOURCES.txt
/home/crubs/Documents/dev_ws/install/robot_accessories/lib/python3.12/site-packages/robot_accessories-0.0.0-py3.12.egg-info/top_level.txt
/home/crubs/Documents/dev_ws/install/robot_accessories/lib/python3.12/site-packages/robot_accessories-0.0.0-py3.12.egg-info/PKG-INFO
/home/crubs/Documents/dev_ws/install/robot_accessories/lib/python3.12/site-packages/robot_accessories-0.0.0-py3.12.egg-info/zip-safe
/home/crubs/Documents/dev_ws/install/robot_accessories/lib/python3.12/site-packages/robot_accessories-0.0.0-py3.12.egg-info/requires.txt
/home/crubs/Documents/dev_ws/install/robot_accessories/lib/python3.12/site-packages/robot_accessories-0.0.0-py3.12.egg-info/dependency_links.txt
/home/crubs/Documents/dev_ws/install/robot_accessories/lib/python3.12/site-packages/robot_accessories-0.0.0-py3.12.egg-info/entry_points.txt
/home/crubs/Documents/dev_ws/install/robot_accessories/lib/robot_accessories/clock
/home/crubs/Documents/dev_ws/install/robot_accessories/lib/robot_accessories/lcd_screen_prepare
/home/crubs/Documents/dev_ws/install/robot_accessories/lib/robot_accessories/lidar_led_prepare
/home/crubs/Documents/dev_ws/install/robot_accessories/lib/robot_accessories/motors_prepare
/home/crubs/Documents/dev_ws/install/robot_accessories/lib/robot_accessories/sequence_reader
/home/crubs/Documents/dev_ws/install/robot_accessories/lib/robot_accessories/servos_prepare
