[3.530s] Invoking command in '/home/crubs/Documents/dev_ws/src/robot_sensors': DEBUGINFOD_URLS=https://debuginfod.ubuntu.com PS1=(ros2_env) \[\e]0;\u@\h: \w\a\]${debian_chroot:+($debian_chroot)}\[\033[01;32m\]\u@\h\[\033[00m\]:\[\033[01;34m\]\w\[\033[00m\]\$ PYTHONPATH=/home/crubs/Documents/dev_ws/build/robot_sensors/prefix_override:/usr/lib/python3/dist-packages/colcon_core/task/python/colcon_distutils_commands:/home/crubs/Documents/dev_ws/install/robot_sensors/lib/python3.12/site-packages:${PYTHONPATH} VIRTUAL_ENV_PROMPT=(ros2_env) /usr/bin/python3 -W ignore:setup.py install is deprecated setup.py egg_info --egg-base ../../build/robot_sensors build --build-base /home/crubs/Documents/dev_ws/build/robot_sensors/build install --record /home/crubs/Documents/dev_ws/build/robot_sensors/install.log --single-version-externally-managed install_data
[3.807s] /home/crubs/ros2_env/lib/python3.12/site-packages/setuptools/_distutils/dist.py:261: UserWarning: Unknown distribution option: 'tests_require'
[3.807s]   warnings.warn(msg)
[3.999s] running egg_info
[3.999s] creating ../../build/robot_sensors/robot_sensors.egg-info
[4.030s] writing ../../build/robot_sensors/robot_sensors.egg-info/PKG-INFO
[4.031s] writing dependency_links to ../../build/robot_sensors/robot_sensors.egg-info/dependency_links.txt
[4.031s] writing entry points to ../../build/robot_sensors/robot_sensors.egg-info/entry_points.txt
[4.031s] writing requirements to ../../build/robot_sensors/robot_sensors.egg-info/requires.txt
[4.031s] writing top-level names to ../../build/robot_sensors/robot_sensors.egg-info/top_level.txt
[4.031s] writing manifest file '../../build/robot_sensors/robot_sensors.egg-info/SOURCES.txt'
[4.097s] reading manifest file '../../build/robot_sensors/robot_sensors.egg-info/SOURCES.txt'
[4.098s] writing manifest file '../../build/robot_sensors/robot_sensors.egg-info/SOURCES.txt'
[4.098s] running build
[4.098s] running build_py
[4.099s] creating /home/crubs/Documents/dev_ws/build/robot_sensors/build/lib/robot_sensors
[4.099s] copying robot_sensors/__init__.py -> /home/crubs/Documents/dev_ws/build/robot_sensors/build/lib/robot_sensors
[4.099s] copying robot_sensors/encoders_to_odom.py -> /home/crubs/Documents/dev_ws/build/robot_sensors/build/lib/robot_sensors
[4.100s] running install
[4.108s] running install_lib
[4.140s] creating /home/crubs/Documents/dev_ws/install/robot_sensors/lib/python3.12/site-packages/robot_sensors
[4.140s] copying /home/crubs/Documents/dev_ws/build/robot_sensors/build/lib/robot_sensors/__init__.py -> /home/crubs/Documents/dev_ws/install/robot_sensors/lib/python3.12/site-packages/robot_sensors
[4.140s] copying /home/crubs/Documents/dev_ws/build/robot_sensors/build/lib/robot_sensors/encoders_to_odom.py -> /home/crubs/Documents/dev_ws/install/robot_sensors/lib/python3.12/site-packages/robot_sensors
[4.141s] byte-compiling /home/crubs/Documents/dev_ws/install/robot_sensors/lib/python3.12/site-packages/robot_sensors/__init__.py to __init__.cpython-312.pyc
[4.141s] byte-compiling /home/crubs/Documents/dev_ws/install/robot_sensors/lib/python3.12/site-packages/robot_sensors/encoders_to_odom.py to encoders_to_odom.cpython-312.pyc
[4.142s] running install_data
[4.142s] creating /home/crubs/Documents/dev_ws/install/robot_sensors/share/ament_index/resource_index/packages
[4.143s] copying resource/robot_sensors -> /home/crubs/Documents/dev_ws/install/robot_sensors/share/ament_index/resource_index/packages
[4.144s] copying package.xml -> /home/crubs/Documents/dev_ws/install/robot_sensors/share/robot_sensors
[4.144s] creating /home/crubs/Documents/dev_ws/install/robot_sensors/share/robot_sensors/launch
[4.144s] copying launch/allSensors.launch.py -> /home/crubs/Documents/dev_ws/install/robot_sensors/share/robot_sensors/launch
[4.144s] running install_egg_info
[4.177s] Copying ../../build/robot_sensors/robot_sensors.egg-info to /home/crubs/Documents/dev_ws/install/robot_sensors/lib/python3.12/site-packages/robot_sensors-0.0.0-py3.12.egg-info
[4.178s] running install_scripts
[4.367s] Installing encoders_to_odom script to /home/crubs/Documents/dev_ws/install/robot_sensors/lib/robot_sensors
[4.368s] writing list of installed files to '/home/crubs/Documents/dev_ws/build/robot_sensors/install.log'
[4.462s] Invoked command in '/home/crubs/Documents/dev_ws/src/robot_sensors' returned '0': DEBUGINFOD_URLS=https://debuginfod.ubuntu.com PS1=(ros2_env) \[\e]0;\u@\h: \w\a\]${debian_chroot:+($debian_chroot)}\[\033[01;32m\]\u@\h\[\033[00m\]:\[\033[01;34m\]\w\[\033[00m\]\$ PYTHONPATH=/home/crubs/Documents/dev_ws/build/robot_sensors/prefix_override:/usr/lib/python3/dist-packages/colcon_core/task/python/colcon_distutils_commands:/home/crubs/Documents/dev_ws/install/robot_sensors/lib/python3.12/site-packages:${PYTHONPATH} VIRTUAL_ENV_PROMPT=(ros2_env) /usr/bin/python3 -W ignore:setup.py install is deprecated setup.py egg_info --egg-base ../../build/robot_sensors build --build-base /home/crubs/Documents/dev_ws/build/robot_sensors/build install --record /home/crubs/Documents/dev_ws/build/robot_sensors/install.log --single-version-externally-managed install_data
