-- Install configuration: ""
-- Up-to-date: /home/crubs/Documents/dev_ws/install/robot_navigation/share/robot_navigation/launch
-- Up-to-date: /home/crubs/Documents/dev_ws/install/robot_navigation/share/robot_navigation/launch/smoother.launch.py
-- Up-to-date: /home/crubs/Documents/dev_ws/install/robot_navigation/share/robot_navigation/launch/nav2_localization.launch.py
-- Up-to-date: /home/crubs/Documents/dev_ws/install/robot_navigation/share/robot_navigation/launch/slam.launch.py
-- Up-to-date: /home/crubs/Documents/dev_ws/install/robot_navigation/share/robot_navigation/launch/nav2_navigation.launch.py
-- Up-to-date: /home/crubs/Documents/dev_ws/install/robot_navigation/share/robot_navigation/launch/examples
-- Up-to-date: /home/crubs/Documents/dev_ws/install/robot_navigation/share/robot_navigation/launch/examples/navigation_launch.py
-- Up-to-date: /home/crubs/Documents/dev_ws/install/robot_navigation/share/robot_navigation/launch/examples/localization_launch.py
-- Up-to-date: /home/crubs/Documents/dev_ws/install/robot_navigation/share/robot_navigation/maps
-- Up-to-date: /home/crubs/Documents/dev_ws/install/robot_navigation/share/robot_navigation/maps/map.pgm
-- Installing: /home/crubs/Documents/dev_ws/install/robot_navigation/share/robot_navigation/maps/map.yaml
-- Installing: /home/crubs/Documents/dev_ws/install/robot_navigation/share/robot_navigation/maps/map.png
-- Up-to-date: /home/crubs/Documents/dev_ws/install/robot_navigation/share/robot_navigation/config
-- Up-to-date: /home/crubs/Documents/dev_ws/install/robot_navigation/share/robot_navigation/config/smoother.yaml
-- Up-to-date: /home/crubs/Documents/dev_ws/install/robot_navigation/share/robot_navigation/config/slam.yaml
-- Up-to-date: /home/crubs/Documents/dev_ws/install/robot_navigation/share/robot_navigation/config/navigate_w_replanning_and_recovery.xml
-- Up-to-date: /home/crubs/Documents/dev_ws/install/robot_navigation/share/robot_navigation/config/nav2_params.yaml
-- Up-to-date: /home/crubs/Documents/dev_ws/install/robot_navigation/share/ament_index/resource_index/package_run_dependencies/robot_navigation
-- Up-to-date: /home/crubs/Documents/dev_ws/install/robot_navigation/share/ament_index/resource_index/parent_prefix_path/robot_navigation
-- Up-to-date: /home/crubs/Documents/dev_ws/install/robot_navigation/share/robot_navigation/environment/ament_prefix_path.sh
-- Up-to-date: /home/crubs/Documents/dev_ws/install/robot_navigation/share/robot_navigation/environment/ament_prefix_path.dsv
-- Up-to-date: /home/crubs/Documents/dev_ws/install/robot_navigation/share/robot_navigation/environment/path.sh
-- Up-to-date: /home/crubs/Documents/dev_ws/install/robot_navigation/share/robot_navigation/environment/path.dsv
-- Up-to-date: /home/crubs/Documents/dev_ws/install/robot_navigation/share/robot_navigation/local_setup.bash
-- Up-to-date: /home/crubs/Documents/dev_ws/install/robot_navigation/share/robot_navigation/local_setup.sh
-- Up-to-date: /home/crubs/Documents/dev_ws/install/robot_navigation/share/robot_navigation/local_setup.zsh
-- Up-to-date: /home/crubs/Documents/dev_ws/install/robot_navigation/share/robot_navigation/local_setup.dsv
-- Up-to-date: /home/crubs/Documents/dev_ws/install/robot_navigation/share/robot_navigation/package.dsv
-- Up-to-date: /home/crubs/Documents/dev_ws/install/robot_navigation/share/ament_index/resource_index/packages/robot_navigation
-- Up-to-date: /home/crubs/Documents/dev_ws/install/robot_navigation/share/robot_navigation/cmake/robot_navigationConfig.cmake
-- Up-to-date: /home/crubs/Documents/dev_ws/install/robot_navigation/share/robot_navigation/cmake/robot_navigationConfig-version.cmake
-- Up-to-date: /home/crubs/Documents/dev_ws/install/robot_navigation/share/robot_navigation/package.xml
