[1.317s] Invoking command in '/home/crubs/Documents/dev_ws/src/robot_camera': DEBUGINFOD_URLS=https://debuginfod.ubuntu.com PYTHONPATH=/home/crubs/Documents/dev_ws/build/robot_camera/prefix_override:/usr/lib/python3/dist-packages/colcon_core/task/python/colcon_distutils_commands:/home/crubs/Documents/dev_ws/install/robot_camera/lib/python3.12/site-packages:${PYTHONPATH} /usr/bin/python3 -W ignore:setup.py install is deprecated -W ignore:easy_install command is deprecated setup.py egg_info --egg-base ../../build/robot_camera build --build-base /home/crubs/Documents/dev_ws/build/robot_camera/build install --record /home/crubs/Documents/dev_ws/build/robot_camera/install.log --single-version-externally-managed install_data
[1.701s] running egg_info
[1.729s] writing ../../build/robot_camera/robot_camera.egg-info/PKG-INFO
[1.729s] writing dependency_links to ../../build/robot_camera/robot_camera.egg-info/dependency_links.txt
[1.732s] writing entry points to ../../build/robot_camera/robot_camera.egg-info/entry_points.txt
[1.732s] writing requirements to ../../build/robot_camera/robot_camera.egg-info/requires.txt
[1.733s] writing top-level names to ../../build/robot_camera/robot_camera.egg-info/top_level.txt
[1.793s] reading manifest file '../../build/robot_camera/robot_camera.egg-info/SOURCES.txt'
[1.794s] writing manifest file '../../build/robot_camera/robot_camera.egg-info/SOURCES.txt'
[1.794s] running build
[1.794s] running build_py
[1.794s] running install
[1.804s] running install_lib
[1.833s] running install_data
[1.834s] running install_egg_info
[1.864s] removing '/home/crubs/Documents/dev_ws/install/robot_camera/lib/python3.12/site-packages/robot_camera-0.0.0-py3.12.egg-info' (and everything under it)
[1.864s] Copying ../../build/robot_camera/robot_camera.egg-info to /home/crubs/Documents/dev_ws/install/robot_camera/lib/python3.12/site-packages/robot_camera-0.0.0-py3.12.egg-info
[1.866s] running install_scripts
[2.059s] Installing detection_node script to /home/crubs/Documents/dev_ws/install/robot_camera/lib/robot_camera
[2.060s] writing list of installed files to '/home/crubs/Documents/dev_ws/build/robot_camera/install.log'
[2.143s] Invoked command in '/home/crubs/Documents/dev_ws/src/robot_camera' returned '0': DEBUGINFOD_URLS=https://debuginfod.ubuntu.com PYTHONPATH=/home/crubs/Documents/dev_ws/build/robot_camera/prefix_override:/usr/lib/python3/dist-packages/colcon_core/task/python/colcon_distutils_commands:/home/crubs/Documents/dev_ws/install/robot_camera/lib/python3.12/site-packages:${PYTHONPATH} /usr/bin/python3 -W ignore:setup.py install is deprecated -W ignore:easy_install command is deprecated setup.py egg_info --egg-base ../../build/robot_camera build --build-base /home/crubs/Documents/dev_ws/build/robot_camera/build install --record /home/crubs/Documents/dev_ws/build/robot_camera/install.log --single-version-externally-managed install_data
