/home/crubs/ros2_env/lib/python3.12/site-packages/setuptools/_distutils/dist.py:261: UserWarning: Unknown distribution option: 'tests_require'
  warnings.warn(msg)
running egg_info
writing ../../build/imu_package/imu_package.egg-info/PKG-INFO
writing dependency_links to ../../build/imu_package/imu_package.egg-info/dependency_links.txt
writing entry points to ../../build/imu_package/imu_package.egg-info/entry_points.txt
writing requirements to ../../build/imu_package/imu_package.egg-info/requires.txt
writing top-level names to ../../build/imu_package/imu_package.egg-info/top_level.txt
reading manifest file '../../build/imu_package/imu_package.egg-info/SOURCES.txt'
writing manifest file '../../build/imu_package/imu_package.egg-info/SOURCES.txt'
running build
running build_py
copying imu_package/cmd_test.py -> /home/crubs/Documents/dev_ws/build/imu_package/build/lib/imu_package
copying imu_package/__init__.py -> /home/crubs/Documents/dev_ws/build/imu_package/build/lib/imu_package
copying imu_package/move_2sec.py -> /home/crubs/Documents/dev_ws/build/imu_package/build/lib/imu_package
copying imu_package/imu_main.py -> /home/crubs/Documents/dev_ws/build/imu_package/build/lib/imu_package
copying imu_package/wheel_listener.py -> /home/crubs/Documents/dev_ws/build/imu_package/build/lib/imu_package
copying imu_package/submodules/kayak_function.py -> /home/crubs/Documents/dev_ws/build/imu_package/build/lib/imu_package/submodules
copying imu_package/submodules/madgwick.py -> /home/crubs/Documents/dev_ws/build/imu_package/build/lib/imu_package/submodules
running install
running install_lib
copying /home/crubs/Documents/dev_ws/build/imu_package/build/lib/imu_package/move_2sec.py -> /home/crubs/Documents/dev_ws/install/imu_package/lib/python3.12/site-packages/imu_package
byte-compiling /home/crubs/Documents/dev_ws/install/imu_package/lib/python3.12/site-packages/imu_package/move_2sec.py to move_2sec.cpython-312.pyc
running install_data
copying resource/imu_package -> /home/crubs/Documents/dev_ws/install/imu_package/share/ament_index/resource_index/packages
copying package.xml -> /home/crubs/Documents/dev_ws/install/imu_package/share/imu_package
copying launch/position.launch.py -> /home/crubs/Documents/dev_ws/install/imu_package/share/imu_package/launch
copying config/ekf.yaml -> /home/crubs/Documents/dev_ws/install/imu_package/share/imu_package/config
running install_egg_info
removing '/home/crubs/Documents/dev_ws/install/imu_package/lib/python3.12/site-packages/imu_package-0.0.0-py3.12.egg-info' (and everything under it)
Copying ../../build/imu_package/imu_package.egg-info to /home/crubs/Documents/dev_ws/install/imu_package/lib/python3.12/site-packages/imu_package-0.0.0-py3.12.egg-info
running install_scripts
Installing cmd_test script to /home/crubs/Documents/dev_ws/install/imu_package/lib/imu_package
Installing imu_main script to /home/crubs/Documents/dev_ws/install/imu_package/lib/imu_package
Installing move_2sec script to /home/crubs/Documents/dev_ws/install/imu_package/lib/imu_package
Installing wheel_listener script to /home/crubs/Documents/dev_ws/install/imu_package/lib/imu_package
writing list of installed files to '/home/crubs/Documents/dev_ws/build/imu_package/install.log'
