[1.296s] Invoking command in '/home/crubs/Documents/dev_ws/src/imu_package': DEBUGINFOD_URLS=https://debuginfod.ubuntu.com PS1=(ros2_env) \[\e]0;\u@\h: \w\a\]${debian_chroot:+($debian_chroot)}\[\033[01;32m\]\u@\h\[\033[00m\]:\[\033[01;34m\]\w\[\033[00m\]\$ PYTHONPATH=/home/crubs/Documents/dev_ws/build/imu_package/prefix_override:/usr/lib/python3/dist-packages/colcon_core/task/python/colcon_distutils_commands:/home/crubs/Documents/dev_ws/install/imu_package/lib/python3.12/site-packages:${PYTHONPATH} VIRTUAL_ENV_PROMPT=(ros2_env) /usr/bin/python3 -W ignore:setup.py install is deprecated -W ignore:easy_install command is deprecated setup.py egg_info --egg-base ../../build/imu_package build --build-base /home/crubs/Documents/dev_ws/build/imu_package/build install --record /home/crubs/Documents/dev_ws/build/imu_package/install.log --single-version-externally-managed install_data
[1.539s] /home/crubs/ros2_env/lib/python3.12/site-packages/setuptools/_distutils/dist.py:261: UserWarning: Unknown distribution option: 'tests_require'
[1.539s]   warnings.warn(msg)
[1.727s] running egg_info
[1.758s] writing ../../build/imu_package/imu_package.egg-info/PKG-INFO
[1.758s] writing dependency_links to ../../build/imu_package/imu_package.egg-info/dependency_links.txt
[1.760s] writing entry points to ../../build/imu_package/imu_package.egg-info/entry_points.txt
[1.761s] writing requirements to ../../build/imu_package/imu_package.egg-info/requires.txt
[1.761s] writing top-level names to ../../build/imu_package/imu_package.egg-info/top_level.txt
[1.827s] reading manifest file '../../build/imu_package/imu_package.egg-info/SOURCES.txt'
[1.828s] writing manifest file '../../build/imu_package/imu_package.egg-info/SOURCES.txt'
[1.829s] running build
[1.829s] running build_py
[1.829s] copying imu_package/cmd_test.py -> /home/crubs/Documents/dev_ws/build/imu_package/build/lib/imu_package
[1.829s] copying imu_package/__init__.py -> /home/crubs/Documents/dev_ws/build/imu_package/build/lib/imu_package
[1.830s] copying imu_package/move_2sec.py -> /home/crubs/Documents/dev_ws/build/imu_package/build/lib/imu_package
[1.830s] copying imu_package/imu_main.py -> /home/crubs/Documents/dev_ws/build/imu_package/build/lib/imu_package
[1.830s] copying imu_package/wheel_listener.py -> /home/crubs/Documents/dev_ws/build/imu_package/build/lib/imu_package
[1.831s] copying imu_package/submodules/kayak_function.py -> /home/crubs/Documents/dev_ws/build/imu_package/build/lib/imu_package/submodules
[1.831s] copying imu_package/submodules/madgwick.py -> /home/crubs/Documents/dev_ws/build/imu_package/build/lib/imu_package/submodules
[1.831s] running install
[1.839s] running install_lib
[1.871s] copying /home/crubs/Documents/dev_ws/build/imu_package/build/lib/imu_package/move_2sec.py -> /home/crubs/Documents/dev_ws/install/imu_package/lib/python3.12/site-packages/imu_package
[1.872s] byte-compiling /home/crubs/Documents/dev_ws/install/imu_package/lib/python3.12/site-packages/imu_package/move_2sec.py to move_2sec.cpython-312.pyc
[1.873s] running install_data
[1.873s] copying resource/imu_package -> /home/crubs/Documents/dev_ws/install/imu_package/share/ament_index/resource_index/packages
[1.874s] copying package.xml -> /home/crubs/Documents/dev_ws/install/imu_package/share/imu_package
[1.874s] copying launch/position.launch.py -> /home/crubs/Documents/dev_ws/install/imu_package/share/imu_package/launch
[1.874s] copying config/ekf.yaml -> /home/crubs/Documents/dev_ws/install/imu_package/share/imu_package/config
[1.875s] running install_egg_info
[1.906s] removing '/home/crubs/Documents/dev_ws/install/imu_package/lib/python3.12/site-packages/imu_package-0.0.0-py3.12.egg-info' (and everything under it)
[1.907s] Copying ../../build/imu_package/imu_package.egg-info to /home/crubs/Documents/dev_ws/install/imu_package/lib/python3.12/site-packages/imu_package-0.0.0-py3.12.egg-info
[1.908s] running install_scripts
[2.093s] Installing cmd_test script to /home/crubs/Documents/dev_ws/install/imu_package/lib/imu_package
[2.093s] Installing imu_main script to /home/crubs/Documents/dev_ws/install/imu_package/lib/imu_package
[2.095s] Installing move_2sec script to /home/crubs/Documents/dev_ws/install/imu_package/lib/imu_package
[2.096s] Installing wheel_listener script to /home/crubs/Documents/dev_ws/install/imu_package/lib/imu_package
[2.097s] writing list of installed files to '/home/crubs/Documents/dev_ws/build/imu_package/install.log'
[2.176s] Invoked command in '/home/crubs/Documents/dev_ws/src/imu_package' returned '0': DEBUGINFOD_URLS=https://debuginfod.ubuntu.com PS1=(ros2_env) \[\e]0;\u@\h: \w\a\]${debian_chroot:+($debian_chroot)}\[\033[01;32m\]\u@\h\[\033[00m\]:\[\033[01;34m\]\w\[\033[00m\]\$ PYTHONPATH=/home/crubs/Documents/dev_ws/build/imu_package/prefix_override:/usr/lib/python3/dist-packages/colcon_core/task/python/colcon_distutils_commands:/home/crubs/Documents/dev_ws/install/imu_package/lib/python3.12/site-packages:${PYTHONPATH} VIRTUAL_ENV_PROMPT=(ros2_env) /usr/bin/python3 -W ignore:setup.py install is deprecated -W ignore:easy_install command is deprecated setup.py egg_info --egg-base ../../build/imu_package build --build-base /home/crubs/Documents/dev_ws/build/imu_package/build install --record /home/crubs/Documents/dev_ws/build/imu_package/install.log --single-version-externally-managed install_data
