[1.650s] Invoking command in '/home/crubs/Documents/dev_ws/src/robot_camera': DEBUGINFOD_URLS=https://debuginfod.ubuntu.com PS1=(ros2_env) \[\e]0;\u@\h: \w\a\]${debian_chroot:+($debian_chroot)}\[\033[01;32m\]\u@\h\[\033[00m\]:\[\033[01;34m\]\w\[\033[00m\]\$ PYTHONPATH=/home/crubs/Documents/dev_ws/build/robot_camera/prefix_override:/usr/lib/python3/dist-packages/colcon_core/task/python/colcon_distutils_commands:/home/crubs/Documents/dev_ws/install/robot_camera/lib/python3.12/site-packages:${PYTHONPATH} VIRTUAL_ENV_PROMPT=(ros2_env) /usr/bin/python3 -W ignore:setup.py install is deprecated setup.py egg_info --egg-base ../../build/robot_camera build --build-base /home/crubs/Documents/dev_ws/build/robot_camera/build install --record /home/crubs/Documents/dev_ws/build/robot_camera/install.log --single-version-externally-managed install_data
[2.125s] /home/crubs/ros2_env/lib/python3.12/site-packages/setuptools/_distutils/dist.py:261: UserWarning: Unknown distribution option: 'tests_require'
[2.125s]   warnings.warn(msg)
[2.466s] running egg_info
[2.468s] creating ../../build/robot_camera/robot_camera.egg-info
[2.531s] writing ../../build/robot_camera/robot_camera.egg-info/PKG-INFO
[2.531s] writing dependency_links to ../../build/robot_camera/robot_camera.egg-info/dependency_links.txt
[2.531s] writing entry points to ../../build/robot_camera/robot_camera.egg-info/entry_points.txt
[2.531s] writing requirements to ../../build/robot_camera/robot_camera.egg-info/requires.txt
[2.535s] writing top-level names to ../../build/robot_camera/robot_camera.egg-info/top_level.txt
[2.535s] writing manifest file '../../build/robot_camera/robot_camera.egg-info/SOURCES.txt'
[2.652s] reading manifest file '../../build/robot_camera/robot_camera.egg-info/SOURCES.txt'
[2.654s] writing manifest file '../../build/robot_camera/robot_camera.egg-info/SOURCES.txt'
[2.655s] running build
[2.655s] running build_py
[2.655s] creating /home/crubs/Documents/dev_ws/build/robot_camera/build/lib/robot_camera
[2.656s] copying robot_camera/CameraDetection.py -> /home/crubs/Documents/dev_ws/build/robot_camera/build/lib/robot_camera
[2.656s] copying robot_camera/__init__.py -> /home/crubs/Documents/dev_ws/build/robot_camera/build/lib/robot_camera
[2.656s] copying robot_camera/Detection.py -> /home/crubs/Documents/dev_ws/build/robot_camera/build/lib/robot_camera
[2.657s] running install
[2.671s] running install_lib
[2.719s] creating /home/crubs/Documents/dev_ws/install/robot_camera/lib/python3.12/site-packages/robot_camera
[2.719s] copying /home/crubs/Documents/dev_ws/build/robot_camera/build/lib/robot_camera/CameraDetection.py -> /home/crubs/Documents/dev_ws/install/robot_camera/lib/python3.12/site-packages/robot_camera
[2.719s] copying /home/crubs/Documents/dev_ws/build/robot_camera/build/lib/robot_camera/__init__.py -> /home/crubs/Documents/dev_ws/install/robot_camera/lib/python3.12/site-packages/robot_camera
[2.720s] copying /home/crubs/Documents/dev_ws/build/robot_camera/build/lib/robot_camera/Detection.py -> /home/crubs/Documents/dev_ws/install/robot_camera/lib/python3.12/site-packages/robot_camera
[2.721s] byte-compiling /home/crubs/Documents/dev_ws/install/robot_camera/lib/python3.12/site-packages/robot_camera/CameraDetection.py to CameraDetection.cpython-312.pyc
[2.723s] byte-compiling /home/crubs/Documents/dev_ws/install/robot_camera/lib/python3.12/site-packages/robot_camera/__init__.py to __init__.cpython-312.pyc
[2.724s] byte-compiling /home/crubs/Documents/dev_ws/install/robot_camera/lib/python3.12/site-packages/robot_camera/Detection.py to Detection.cpython-312.pyc
[2.725s] running install_data
[2.727s] creating /home/crubs/Documents/dev_ws/install/robot_camera/share/ament_index/resource_index/packages
[2.727s] copying resource/robot_camera -> /home/crubs/Documents/dev_ws/install/robot_camera/share/ament_index/resource_index/packages
[2.728s] copying package.xml -> /home/crubs/Documents/dev_ws/install/robot_camera/share/robot_camera
[2.728s] running install_egg_info
[2.811s] Copying ../../build/robot_camera/robot_camera.egg-info to /home/crubs/Documents/dev_ws/install/robot_camera/lib/python3.12/site-packages/robot_camera-0.0.0-py3.12.egg-info
[2.811s] running install_scripts
[3.168s] Installing detection_node script to /home/crubs/Documents/dev_ws/install/robot_camera/lib/robot_camera
[3.168s] writing list of installed files to '/home/crubs/Documents/dev_ws/build/robot_camera/install.log'
[3.323s] Invoked command in '/home/crubs/Documents/dev_ws/src/robot_camera' returned '0': DEBUGINFOD_URLS=https://debuginfod.ubuntu.com PS1=(ros2_env) \[\e]0;\u@\h: \w\a\]${debian_chroot:+($debian_chroot)}\[\033[01;32m\]\u@\h\[\033[00m\]:\[\033[01;34m\]\w\[\033[00m\]\$ PYTHONPATH=/home/crubs/Documents/dev_ws/build/robot_camera/prefix_override:/usr/lib/python3/dist-packages/colcon_core/task/python/colcon_distutils_commands:/home/crubs/Documents/dev_ws/install/robot_camera/lib/python3.12/site-packages:${PYTHONPATH} VIRTUAL_ENV_PROMPT=(ros2_env) /usr/bin/python3 -W ignore:setup.py install is deprecated setup.py egg_info --egg-base ../../build/robot_camera build --build-base /home/crubs/Documents/dev_ws/build/robot_camera/build install --record /home/crubs/Documents/dev_ws/build/robot_camera/install.log --single-version-externally-managed install_data
