[1.698s] Invoking command in '/home/crubs/Documents/dev_ws/src/robot_communication': DEBUGINFOD_URLS=https://debuginfod.ubuntu.com PYTHONPATH=/home/crubs/Documents/dev_ws/build/robot_communication/prefix_override:/usr/lib/python3/dist-packages/colcon_core/task/python/colcon_distutils_commands:/home/crubs/Documents/dev_ws/install/robot_communication/lib/python3.12/site-packages:${PYTHONPATH} /usr/bin/python3 -W ignore:setup.py install is deprecated -W ignore:easy_install command is deprecated setup.py egg_info --egg-base ../../build/robot_communication build --build-base /home/crubs/Documents/dev_ws/build/robot_communication/build install --record /home/crubs/Documents/dev_ws/build/robot_communication/install.log --single-version-externally-managed install_data
[2.243s] running egg_info
[2.293s] writing ../../build/robot_communication/robot_communication.egg-info/PKG-INFO
[2.294s] writing dependency_links to ../../build/robot_communication/robot_communication.egg-info/dependency_links.txt
[2.295s] writing entry points to ../../build/robot_communication/robot_communication.egg-info/entry_points.txt
[2.296s] writing requirements to ../../build/robot_communication/robot_communication.egg-info/requires.txt
[2.296s] writing top-level names to ../../build/robot_communication/robot_communication.egg-info/top_level.txt
[2.382s] reading manifest file '../../build/robot_communication/robot_communication.egg-info/SOURCES.txt'
[2.383s] writing manifest file '../../build/robot_communication/robot_communication.egg-info/SOURCES.txt'
[2.383s] running build
[2.384s] running build_py
[2.387s] running install
[2.401s] running install_lib
[2.441s] running install_data
[2.441s] running install_egg_info
[2.473s] removing '/home/crubs/Documents/dev_ws/install/robot_communication/lib/python3.12/site-packages/robot_communication-0.0.0-py3.12.egg-info' (and everything under it)
[2.473s] Copying ../../build/robot_communication/robot_communication.egg-info to /home/crubs/Documents/dev_ws/install/robot_communication/lib/python3.12/site-packages/robot_communication-0.0.0-py3.12.egg-info
[2.475s] running install_scripts
[2.685s] Installing interfaceGPIO script to /home/crubs/Documents/dev_ws/install/robot_communication/lib/robot_communication
[2.685s] Installing interfaceI2C script to /home/crubs/Documents/dev_ws/install/robot_communication/lib/robot_communication
[2.688s] Installing interfacePAMI script to /home/crubs/Documents/dev_ws/install/robot_communication/lib/robot_communication
[2.688s] Installing moteurI2C script to /home/crubs/Documents/dev_ws/install/robot_communication/lib/robot_communication
[2.689s] Installing robotI2C script to /home/crubs/Documents/dev_ws/install/robot_communication/lib/robot_communication
[2.689s] Installing testI2C script to /home/crubs/Documents/dev_ws/install/robot_communication/lib/robot_communication
[2.691s] writing list of installed files to '/home/crubs/Documents/dev_ws/build/robot_communication/install.log'
[2.880s] Invoked command in '/home/crubs/Documents/dev_ws/src/robot_communication' returned '0': DEBUGINFOD_URLS=https://debuginfod.ubuntu.com PYTHONPATH=/home/crubs/Documents/dev_ws/build/robot_communication/prefix_override:/usr/lib/python3/dist-packages/colcon_core/task/python/colcon_distutils_commands:/home/crubs/Documents/dev_ws/install/robot_communication/lib/python3.12/site-packages:${PYTHONPATH} /usr/bin/python3 -W ignore:setup.py install is deprecated -W ignore:easy_install command is deprecated setup.py egg_info --egg-base ../../build/robot_communication build --build-base /home/crubs/Documents/dev_ws/build/robot_communication/build install --record /home/crubs/Documents/dev_ws/build/robot_communication/install.log --single-version-externally-managed install_data
