/home/crubs/Documents/dev_ws/install/imu_package/lib/python3.12/site-packages/imu_package/cmd_test.py
/home/crubs/Documents/dev_ws/install/imu_package/lib/python3.12/site-packages/imu_package/__init__.py
/home/crubs/Documents/dev_ws/install/imu_package/lib/python3.12/site-packages/imu_package/move_2sec.py
/home/crubs/Documents/dev_ws/install/imu_package/lib/python3.12/site-packages/imu_package/imu_main.py
/home/crubs/Documents/dev_ws/install/imu_package/lib/python3.12/site-packages/imu_package/wheel_listener.py
/home/crubs/Documents/dev_ws/install/imu_package/lib/python3.12/site-packages/imu_package/submodules/kayak_function.py
/home/crubs/Documents/dev_ws/install/imu_package/lib/python3.12/site-packages/imu_package/submodules/madgwick.py
/home/crubs/Documents/dev_ws/install/imu_package/lib/python3.12/site-packages/imu_package/__pycache__/cmd_test.cpython-312.pyc
/home/crubs/Documents/dev_ws/install/imu_package/lib/python3.12/site-packages/imu_package/__pycache__/__init__.cpython-312.pyc
/home/crubs/Documents/dev_ws/install/imu_package/lib/python3.12/site-packages/imu_package/__pycache__/move_2sec.cpython-312.pyc
/home/crubs/Documents/dev_ws/install/imu_package/lib/python3.12/site-packages/imu_package/__pycache__/imu_main.cpython-312.pyc
/home/crubs/Documents/dev_ws/install/imu_package/lib/python3.12/site-packages/imu_package/__pycache__/wheel_listener.cpython-312.pyc
/home/crubs/Documents/dev_ws/install/imu_package/lib/python3.12/site-packages/imu_package/submodules/__pycache__/kayak_function.cpython-312.pyc
/home/crubs/Documents/dev_ws/install/imu_package/lib/python3.12/site-packages/imu_package/submodules/__pycache__/madgwick.cpython-312.pyc
/home/crubs/Documents/dev_ws/install/imu_package/share/ament_index/resource_index/packages/imu_package
/home/crubs/Documents/dev_ws/install/imu_package/share/imu_package/package.xml
/home/crubs/Documents/dev_ws/install/imu_package/share/imu_package/launch/position.launch.py
/home/crubs/Documents/dev_ws/install/imu_package/share/imu_package/config/ekf.yaml
/home/crubs/Documents/dev_ws/install/imu_package/lib/python3.12/site-packages/imu_package-0.0.0-py3.12.egg-info/SOURCES.txt
/home/crubs/Documents/dev_ws/install/imu_package/lib/python3.12/site-packages/imu_package-0.0.0-py3.12.egg-info/top_level.txt
/home/crubs/Documents/dev_ws/install/imu_package/lib/python3.12/site-packages/imu_package-0.0.0-py3.12.egg-info/PKG-INFO
/home/crubs/Documents/dev_ws/install/imu_package/lib/python3.12/site-packages/imu_package-0.0.0-py3.12.egg-info/zip-safe
/home/crubs/Documents/dev_ws/install/imu_package/lib/python3.12/site-packages/imu_package-0.0.0-py3.12.egg-info/requires.txt
/home/crubs/Documents/dev_ws/install/imu_package/lib/python3.12/site-packages/imu_package-0.0.0-py3.12.egg-info/dependency_links.txt
/home/crubs/Documents/dev_ws/install/imu_package/lib/python3.12/site-packages/imu_package-0.0.0-py3.12.egg-info/entry_points.txt
/home/crubs/Documents/dev_ws/install/imu_package/lib/imu_package/cmd_test
/home/crubs/Documents/dev_ws/install/imu_package/lib/imu_package/imu_main
/home/crubs/Documents/dev_ws/install/imu_package/lib/imu_package/move_2sec
/home/crubs/Documents/dev_ws/install/imu_package/lib/imu_package/wheel_listener
