[0.030s] Invoking command in '/home/crubs/Documents/dev_ws/build/camera_ros': CMAKE_PREFIX_PATH=${CMAKE_PREFIX_PATH}:/home/crubs/Documents/dev_ws/install/robot_sensors:/home/crubs/Documents/dev_ws/install/robot_communication:/home/crubs/Documents/dev_ws/install/robot_camera:/home/crubs/Documents/dev_ws/install/robot_accessories:/home/crubs/Documents/dev_ws/install/imu_package:/opt/ros/jazzy DEBUGINFOD_URLS=https://debuginfod.ubuntu.com /usr/bin/cmake --build /home/crubs/Documents/dev_ws/build/camera_ros -- -j4 -l4
[0.466s] [ 66%] Built target utils
[0.479s] [ 83%] Built target camera_node
[0.571s] [100%] Built target camera_component
[0.599s] Invoked command in '/home/crubs/Documents/dev_ws/build/camera_ros' returned '0': CMAKE_PREFIX_PATH=${CMAKE_PREFIX_PATH}:/home/crubs/Documents/dev_ws/install/robot_sensors:/home/crubs/Documents/dev_ws/install/robot_communication:/home/crubs/Documents/dev_ws/install/robot_camera:/home/crubs/Documents/dev_ws/install/robot_accessories:/home/crubs/Documents/dev_ws/install/imu_package:/opt/ros/jazzy DEBUGINFOD_URLS=https://debuginfod.ubuntu.com /usr/bin/cmake --build /home/crubs/Documents/dev_ws/build/camera_ros -- -j4 -l4
[0.627s] Invoking command in '/home/crubs/Documents/dev_ws/build/camera_ros': CMAKE_PREFIX_PATH=${CMAKE_PREFIX_PATH}:/home/crubs/Documents/dev_ws/install/robot_sensors:/home/crubs/Documents/dev_ws/install/robot_communication:/home/crubs/Documents/dev_ws/install/robot_camera:/home/crubs/Documents/dev_ws/install/robot_accessories:/home/crubs/Documents/dev_ws/install/imu_package:/opt/ros/jazzy DEBUGINFOD_URLS=https://debuginfod.ubuntu.com /usr/bin/cmake --install /home/crubs/Documents/dev_ws/build/camera_ros
[0.649s] -- Install configuration: ""
[0.651s] -- Up-to-date: /home/crubs/Documents/dev_ws/install/camera_ros/lib/camera_ros/camera_node
[0.652s] -- Up-to-date: /home/crubs/Documents/dev_ws/install/camera_ros/lib/libcamera_component.so
[0.652s] -- Up-to-date: /home/crubs/Documents/dev_ws/install/camera_ros/share/camera_ros//launch
[0.653s] -- Installing: /home/crubs/Documents/dev_ws/install/camera_ros/share/camera_ros//launch/camera.launch.py
[0.653s] -- Up-to-date: /home/crubs/Documents/dev_ws/install/camera_ros/share/ament_index/resource_index/package_run_dependencies/camera_ros
[0.653s] -- Up-to-date: /home/crubs/Documents/dev_ws/install/camera_ros/share/ament_index/resource_index/parent_prefix_path/camera_ros
[0.653s] -- Up-to-date: /home/crubs/Documents/dev_ws/install/camera_ros/share/camera_ros/environment/ament_prefix_path.sh
[0.653s] -- Up-to-date: /home/crubs/Documents/dev_ws/install/camera_ros/share/camera_ros/environment/ament_prefix_path.dsv
[0.653s] -- Up-to-date: /home/crubs/Documents/dev_ws/install/camera_ros/share/camera_ros/environment/path.sh
[0.654s] -- Up-to-date: /home/crubs/Documents/dev_ws/install/camera_ros/share/camera_ros/environment/path.dsv
[0.654s] -- Up-to-date: /home/crubs/Documents/dev_ws/install/camera_ros/share/camera_ros/local_setup.bash
[0.654s] -- Up-to-date: /home/crubs/Documents/dev_ws/install/camera_ros/share/camera_ros/local_setup.sh
[0.654s] -- Up-to-date: /home/crubs/Documents/dev_ws/install/camera_ros/share/camera_ros/local_setup.zsh
[0.654s] -- Up-to-date: /home/crubs/Documents/dev_ws/install/camera_ros/share/camera_ros/local_setup.dsv
[0.654s] -- Installing: /home/crubs/Documents/dev_ws/install/camera_ros/share/camera_ros/package.dsv
[0.654s] -- Up-to-date: /home/crubs/Documents/dev_ws/install/camera_ros/share/ament_index/resource_index/packages/camera_ros
[0.654s] -- Up-to-date: /home/crubs/Documents/dev_ws/install/camera_ros/share/ament_index/resource_index/rclcpp_components/camera_ros
[0.654s] -- Up-to-date: /home/crubs/Documents/dev_ws/install/camera_ros/share/camera_ros/cmake/camera_rosConfig.cmake
[0.655s] -- Up-to-date: /home/crubs/Documents/dev_ws/install/camera_ros/share/camera_ros/cmake/camera_rosConfig-version.cmake
[0.655s] -- Up-to-date: /home/crubs/Documents/dev_ws/install/camera_ros/share/camera_ros/package.xml
[0.658s] Invoked command in '/home/crubs/Documents/dev_ws/build/camera_ros' returned '0': CMAKE_PREFIX_PATH=${CMAKE_PREFIX_PATH}:/home/crubs/Documents/dev_ws/install/robot_sensors:/home/crubs/Documents/dev_ws/install/robot_communication:/home/crubs/Documents/dev_ws/install/robot_camera:/home/crubs/Documents/dev_ws/install/robot_accessories:/home/crubs/Documents/dev_ws/install/imu_package:/opt/ros/jazzy DEBUGINFOD_URLS=https://debuginfod.ubuntu.com /usr/bin/cmake --install /home/crubs/Documents/dev_ws/build/camera_ros
