[0.478s] Invoking command in '/home/crubs/Documents/dev_ws/build/ldlidar_stl_ros2': CMAKE_PREFIX_PATH=${CMAKE_PREFIX_PATH}:/home/crubs/Documents/dev_ws/install/robot_sensors:/home/crubs/Documents/dev_ws/install/robot_communication:/home/crubs/Documents/dev_ws/install/robot_camera:/home/crubs/Documents/dev_ws/install/robot_accessories:/home/crubs/Documents/dev_ws/install/imu_package:/opt/ros/jazzy DEBUGINFOD_URLS=https://debuginfod.ubuntu.com PS1=(ros2_env) \[\e]0;\u@\h: \w\a\]${debian_chroot:+($debian_chroot)}\[\033[01;32m\]\u@\h\[\033[00m\]:\[\033[01;34m\]\w\[\033[00m\]\$ VIRTUAL_ENV_PROMPT=(ros2_env) /usr/bin/cmake /home/crubs/Documents/dev_ws/src/ldlidar_stl_ros2 -DCMAKE_INSTALL_PREFIX=/home/crubs/Documents/dev_ws/install/ldlidar_stl_ros2
[0.609s] -- The C compiler identification is GNU 13.2.0
[0.751s] -- The CXX compiler identification is GNU 13.2.0
[0.778s] -- Detecting C compiler ABI info
[1.008s] -- Detecting C compiler ABI info - done
[1.024s] -- Check for working C compiler: /usr/bin/cc - skipped
[1.026s] -- Detecting C compile features
[1.027s] -- Detecting C compile features - done
[1.060s] -- Detecting CXX compiler ABI info
[1.415s] -- Detecting CXX compiler ABI info - done
[1.478s] -- Check for working CXX compiler: /usr/bin/c++ - skipped
[1.482s] -- Detecting CXX compile features
[1.483s] -- Detecting CXX compile features - done
[1.502s] -- Found ament_cmake: 2.5.2 (/opt/ros/jazzy/share/ament_cmake/cmake)
[1.721s] -- Found Python3: /home/crubs/ros2_env/bin/python3 (found version "3.12.3") found components: Interpreter 
[2.017s] -- Found rclcpp: 28.1.5 (/opt/ros/jazzy/share/rclcpp/cmake)
[2.143s] -- Found rosidl_generator_c: 4.6.4 (/opt/ros/jazzy/share/rosidl_generator_c/cmake)
[2.179s] -- Found rosidl_generator_cpp: 4.6.4 (/opt/ros/jazzy/share/rosidl_generator_cpp/cmake)
[2.226s] -- Using all available rosidl_typesupport_c: rosidl_typesupport_fastrtps_c;rosidl_typesupport_introspection_c
[2.291s] -- Using all available rosidl_typesupport_cpp: rosidl_typesupport_fastrtps_cpp;rosidl_typesupport_introspection_cpp
[2.487s] -- Found rmw_implementation_cmake: 7.3.1 (/opt/ros/jazzy/share/rmw_implementation_cmake/cmake)
[2.500s] -- Found rmw_fastrtps_cpp: 8.4.1 (/opt/ros/jazzy/share/rmw_fastrtps_cpp/cmake)
[2.714s] -- Found OpenSSL: /usr/lib/aarch64-linux-gnu/libcrypto.so (found version "3.0.13")  
[2.753s] -- Found FastRTPS: /opt/ros/jazzy/include (Required is at least version "2.13") 
[2.805s] -- Using RMW implementation 'rmw_fastrtps_cpp' as default
[2.967s] -- Found sensor_msgs: 5.3.5 (/opt/ros/jazzy/share/sensor_msgs/cmake)
[3.090s] -- Found ament_lint_auto: 0.17.1 (/opt/ros/jazzy/share/ament_lint_auto/cmake)
[3.605s] -- Added test 'copyright' to check source files copyright and LICENSE
[3.633s] -- Added test 'cppcheck' to perform static code analysis on C / C++ code
[3.633s] -- Configured cppcheck include dirs: /home/crubs/Documents/dev_ws/src/ldlidar_stl_ros2/include;/home/crubs/Documents/dev_ws/src/ldlidar_stl_ros2/ldlidar_driver/include/core;/home/crubs/Documents/dev_ws/src/ldlidar_stl_ros2/ldlidar_driver/include/dataprocess;/home/crubs/Documents/dev_ws/src/ldlidar_stl_ros2/ldlidar_driver/include/filter;/home/crubs/Documents/dev_ws/src/ldlidar_stl_ros2/ldlidar_driver/include/logger;/home/crubs/Documents/dev_ws/src/ldlidar_stl_ros2/ldlidar_driver/include/networkcom;/home/crubs/Documents/dev_ws/src/ldlidar_stl_ros2/ldlidar_driver/include/serialcom
[3.638s] -- Configured cppcheck exclude dirs and/or files: 
[3.651s] -- Added test 'cpplint' to check C / C++ code against the Google style
[3.657s] -- Configured cpplint exclude dirs and/or files: 
[3.663s] -- Added test 'flake8' to check Python code syntax and style conventions
[3.663s] -- Configured 'flake8' exclude dirs and/or files: 
[3.671s] -- Added test 'lint_cmake' to check CMake code style
[3.677s] -- Added test 'pep257' to check Python code against some of the docstring style conventions in PEP 257
[3.705s] -- Added test 'uncrustify' to check C / C++ code style
[3.705s] -- Configured uncrustify additional arguments: 
[3.705s] -- Added test 'xmllint' to check XML markup files
[3.715s] -- Configuring done (3.2s)
[3.773s] -- Generating done (0.0s)
[3.796s] -- Build files have been written to: /home/crubs/Documents/dev_ws/build/ldlidar_stl_ros2
[3.877s] Invoked command in '/home/crubs/Documents/dev_ws/build/ldlidar_stl_ros2' returned '0': CMAKE_PREFIX_PATH=${CMAKE_PREFIX_PATH}:/home/crubs/Documents/dev_ws/install/robot_sensors:/home/crubs/Documents/dev_ws/install/robot_communication:/home/crubs/Documents/dev_ws/install/robot_camera:/home/crubs/Documents/dev_ws/install/robot_accessories:/home/crubs/Documents/dev_ws/install/imu_package:/opt/ros/jazzy DEBUGINFOD_URLS=https://debuginfod.ubuntu.com PS1=(ros2_env) \[\e]0;\u@\h: \w\a\]${debian_chroot:+($debian_chroot)}\[\033[01;32m\]\u@\h\[\033[00m\]:\[\033[01;34m\]\w\[\033[00m\]\$ VIRTUAL_ENV_PROMPT=(ros2_env) /usr/bin/cmake /home/crubs/Documents/dev_ws/src/ldlidar_stl_ros2 -DCMAKE_INSTALL_PREFIX=/home/crubs/Documents/dev_ws/install/ldlidar_stl_ros2
[3.878s] Invoking command in '/home/crubs/Documents/dev_ws/build/ldlidar_stl_ros2': CMAKE_PREFIX_PATH=${CMAKE_PREFIX_PATH}:/home/crubs/Documents/dev_ws/install/robot_sensors:/home/crubs/Documents/dev_ws/install/robot_communication:/home/crubs/Documents/dev_ws/install/robot_camera:/home/crubs/Documents/dev_ws/install/robot_accessories:/home/crubs/Documents/dev_ws/install/imu_package:/opt/ros/jazzy DEBUGINFOD_URLS=https://debuginfod.ubuntu.com PS1=(ros2_env) \[\e]0;\u@\h: \w\a\]${debian_chroot:+($debian_chroot)}\[\033[01;32m\]\u@\h\[\033[00m\]:\[\033[01;34m\]\w\[\033[00m\]\$ VIRTUAL_ENV_PROMPT=(ros2_env) /usr/bin/cmake --build /home/crubs/Documents/dev_ws/build/ldlidar_stl_ros2 -- -j4 -l4
[4.181s] [ 12%] [32mBuilding CXX object CMakeFiles/ldlidar_stl_ros2_node.dir/src/demo.cpp.o[0m
[4.226s] [ 25%] [32mBuilding CXX object CMakeFiles/ldlidar_stl_ros2_node.dir/ldlidar_driver/src/core/ldlidar_driver.cpp.o[0m
[4.244s] [ 37%] [32mBuilding CXX object CMakeFiles/ldlidar_stl_ros2_node.dir/ldlidar_driver/src/filter/tofbf.cpp.o[0m
[4.258s] [ 50%] [32mBuilding CXX object CMakeFiles/ldlidar_stl_ros2_node.dir/ldlidar_driver/src/dataprocess/lipkg.cpp.o[0m
[8.893s] [ 62%] [32mBuilding CXX object CMakeFiles/ldlidar_stl_ros2_node.dir/ldlidar_driver/src/logger/log_module.cpp.o[0m
[9.628s] [ 75%] [32mBuilding CXX object CMakeFiles/ldlidar_stl_ros2_node.dir/ldlidar_driver/src/networkcom/network_socket_interface_linux.cpp.o[0m
[10.087s] [ 87%] [32mBuilding CXX object CMakeFiles/ldlidar_stl_ros2_node.dir/ldlidar_driver/src/serialcom/serial_interface_linux.cpp.o[0m
[25.821s] [100%] [32m[1mLinking CXX executable ldlidar_stl_ros2_node[0m
[26.275s] [100%] Built target ldlidar_stl_ros2_node
[26.299s] Invoked command in '/home/crubs/Documents/dev_ws/build/ldlidar_stl_ros2' returned '0': CMAKE_PREFIX_PATH=${CMAKE_PREFIX_PATH}:/home/crubs/Documents/dev_ws/install/robot_sensors:/home/crubs/Documents/dev_ws/install/robot_communication:/home/crubs/Documents/dev_ws/install/robot_camera:/home/crubs/Documents/dev_ws/install/robot_accessories:/home/crubs/Documents/dev_ws/install/imu_package:/opt/ros/jazzy DEBUGINFOD_URLS=https://debuginfod.ubuntu.com PS1=(ros2_env) \[\e]0;\u@\h: \w\a\]${debian_chroot:+($debian_chroot)}\[\033[01;32m\]\u@\h\[\033[00m\]:\[\033[01;34m\]\w\[\033[00m\]\$ VIRTUAL_ENV_PROMPT=(ros2_env) /usr/bin/cmake --build /home/crubs/Documents/dev_ws/build/ldlidar_stl_ros2 -- -j4 -l4
[26.302s] Invoking command in '/home/crubs/Documents/dev_ws/build/ldlidar_stl_ros2': CMAKE_PREFIX_PATH=${CMAKE_PREFIX_PATH}:/home/crubs/Documents/dev_ws/install/robot_sensors:/home/crubs/Documents/dev_ws/install/robot_communication:/home/crubs/Documents/dev_ws/install/robot_camera:/home/crubs/Documents/dev_ws/install/robot_accessories:/home/crubs/Documents/dev_ws/install/imu_package:/opt/ros/jazzy DEBUGINFOD_URLS=https://debuginfod.ubuntu.com PS1=(ros2_env) \[\e]0;\u@\h: \w\a\]${debian_chroot:+($debian_chroot)}\[\033[01;32m\]\u@\h\[\033[00m\]:\[\033[01;34m\]\w\[\033[00m\]\$ VIRTUAL_ENV_PROMPT=(ros2_env) /usr/bin/cmake --install /home/crubs/Documents/dev_ws/build/ldlidar_stl_ros2
[26.318s] -- Install configuration: ""
[26.318s] -- Installing: /home/crubs/Documents/dev_ws/install/ldlidar_stl_ros2/lib/ldlidar_stl_ros2/ldlidar_stl_ros2_node
[26.322s] -- Set non-toolchain portion of runtime path of "/home/crubs/Documents/dev_ws/install/ldlidar_stl_ros2/lib/ldlidar_stl_ros2/ldlidar_stl_ros2_node" to ""
[26.322s] -- Installing: /home/crubs/Documents/dev_ws/install/ldlidar_stl_ros2/share/ldlidar_stl_ros2//launch
[26.322s] -- Installing: /home/crubs/Documents/dev_ws/install/ldlidar_stl_ros2/share/ldlidar_stl_ros2//launch/viewer_ld19.launch.py
[26.322s] -- Installing: /home/crubs/Documents/dev_ws/install/ldlidar_stl_ros2/share/ldlidar_stl_ros2//launch/ld06.launch.py
[26.322s] -- Installing: /home/crubs/Documents/dev_ws/install/ldlidar_stl_ros2/share/ldlidar_stl_ros2//launch/ld19.launch.py
[26.323s] -- Installing: /home/crubs/Documents/dev_ws/install/ldlidar_stl_ros2/share/ldlidar_stl_ros2//launch/viewer_ld06.launch.py
[26.323s] -- Installing: /home/crubs/Documents/dev_ws/install/ldlidar_stl_ros2/share/ldlidar_stl_ros2//rviz2
[26.323s] -- Installing: /home/crubs/Documents/dev_ws/install/ldlidar_stl_ros2/share/ldlidar_stl_ros2//rviz2/ldlidar.rviz
[26.323s] -- Installing: /home/crubs/Documents/dev_ws/install/ldlidar_stl_ros2/share/ament_index/resource_index/package_run_dependencies/ldlidar_stl_ros2
[26.323s] -- Installing: /home/crubs/Documents/dev_ws/install/ldlidar_stl_ros2/share/ament_index/resource_index/parent_prefix_path/ldlidar_stl_ros2
[26.324s] -- Installing: /home/crubs/Documents/dev_ws/install/ldlidar_stl_ros2/share/ldlidar_stl_ros2/environment/ament_prefix_path.sh
[26.324s] -- Installing: /home/crubs/Documents/dev_ws/install/ldlidar_stl_ros2/share/ldlidar_stl_ros2/environment/ament_prefix_path.dsv
[26.324s] -- Installing: /home/crubs/Documents/dev_ws/install/ldlidar_stl_ros2/share/ldlidar_stl_ros2/environment/path.sh
[26.324s] -- Installing: /home/crubs/Documents/dev_ws/install/ldlidar_stl_ros2/share/ldlidar_stl_ros2/environment/path.dsv
[26.324s] -- Installing: /home/crubs/Documents/dev_ws/install/ldlidar_stl_ros2/share/ldlidar_stl_ros2/local_setup.bash
[26.325s] -- Installing: /home/crubs/Documents/dev_ws/install/ldlidar_stl_ros2/share/ldlidar_stl_ros2/local_setup.sh
[26.325s] -- Installing: /home/crubs/Documents/dev_ws/install/ldlidar_stl_ros2/share/ldlidar_stl_ros2/local_setup.zsh
[26.325s] -- Installing: /home/crubs/Documents/dev_ws/install/ldlidar_stl_ros2/share/ldlidar_stl_ros2/local_setup.dsv
[26.325s] -- Installing: /home/crubs/Documents/dev_ws/install/ldlidar_stl_ros2/share/ldlidar_stl_ros2/package.dsv
[26.325s] -- Installing: /home/crubs/Documents/dev_ws/install/ldlidar_stl_ros2/share/ament_index/resource_index/packages/ldlidar_stl_ros2
[26.326s] -- Installing: /home/crubs/Documents/dev_ws/install/ldlidar_stl_ros2/share/ldlidar_stl_ros2/cmake/ldlidar_stl_ros2Config.cmake
[26.326s] -- Installing: /home/crubs/Documents/dev_ws/install/ldlidar_stl_ros2/share/ldlidar_stl_ros2/cmake/ldlidar_stl_ros2Config-version.cmake
[26.326s] -- Installing: /home/crubs/Documents/dev_ws/install/ldlidar_stl_ros2/share/ldlidar_stl_ros2/package.xml
[26.330s] Invoked command in '/home/crubs/Documents/dev_ws/build/ldlidar_stl_ros2' returned '0': CMAKE_PREFIX_PATH=${CMAKE_PREFIX_PATH}:/home/crubs/Documents/dev_ws/install/robot_sensors:/home/crubs/Documents/dev_ws/install/robot_communication:/home/crubs/Documents/dev_ws/install/robot_camera:/home/crubs/Documents/dev_ws/install/robot_accessories:/home/crubs/Documents/dev_ws/install/imu_package:/opt/ros/jazzy DEBUGINFOD_URLS=https://debuginfod.ubuntu.com PS1=(ros2_env) \[\e]0;\u@\h: \w\a\]${debian_chroot:+($debian_chroot)}\[\033[01;32m\]\u@\h\[\033[00m\]:\[\033[01;34m\]\w\[\033[00m\]\$ VIRTUAL_ENV_PROMPT=(ros2_env) /usr/bin/cmake --install /home/crubs/Documents/dev_ws/build/ldlidar_stl_ros2
