[0.028s] Invoking command in '/home/crubs/Documents/dev_ws/build/robot_bringup': CMAKE_PREFIX_PATH=${CMAKE_PREFIX_PATH}:/home/crubs/Documents/dev_ws/install/robot_sensors:/home/crubs/Documents/dev_ws/install/robot_communication:/home/crubs/Documents/dev_ws/install/robot_camera:/home/crubs/Documents/dev_ws/install/robot_accessories:/home/crubs/Documents/dev_ws/install/imu_package:/opt/ros/jazzy DEBUGINFOD_URLS=https://debuginfod.ubuntu.com PS1=(ros2_env) \[\e]0;\u@\h: \w\a\]${debian_chroot:+($debian_chroot)}\[\033[01;32m\]\u@\h\[\033[00m\]:\[\033[01;34m\]\w\[\033[00m\]\$ VIRTUAL_ENV_PROMPT=(ros2_env) /usr/bin/cmake /home/crubs/Documents/dev_ws/src/robot_bringup -DCMAKE_INSTALL_PREFIX=/home/crubs/Documents/dev_ws/install/robot_bringup
[0.315s] -- The C compiler identification is GNU 13.2.0
[0.660s] -- The CXX compiler identification is GNU 13.2.0
[0.736s] -- Detecting C compiler ABI info
[1.283s] -- Detecting C compiler ABI info - done
[1.361s] -- Check for working C compiler: /usr/bin/cc - skipped
[1.361s] -- Detecting C compile features
[1.363s] -- Detecting C compile features - done
[1.433s] -- Detecting CXX compiler ABI info
[1.937s] -- Detecting CXX compiler ABI info - done
[1.984s] -- Check for working CXX compiler: /usr/bin/c++ - skipped
[1.991s] -- Detecting CXX compile features
[1.992s] -- Detecting CXX compile features - done
[2.021s] -- Found ament_cmake: 2.5.2 (/opt/ros/jazzy/share/ament_cmake/cmake)
[2.555s] -- Found Python3: /home/crubs/ros2_env/bin/python3 (found version "3.12.3") found components: Interpreter 
[2.888s] -- Found ament_lint_auto: 0.17.1 (/opt/ros/jazzy/share/ament_lint_auto/cmake)
[3.295s] -- Added test 'copyright' to check source files copyright and LICENSE
[3.299s] -- Added test 'flake8' to check Python code syntax and style conventions
[3.299s] -- Configured 'flake8' exclude dirs and/or files: 
[3.301s] -- Added test 'lint_cmake' to check CMake code style
[3.305s] -- Added test 'pep257' to check Python code against some of the docstring style conventions in PEP 257
[3.308s] -- Added test 'xmllint' to check XML markup files
[3.313s] -- Configuring done (3.2s)
[3.321s] -- Generating done (0.0s)
[3.326s] -- Build files have been written to: /home/crubs/Documents/dev_ws/build/robot_bringup
[3.354s] Invoked command in '/home/crubs/Documents/dev_ws/build/robot_bringup' returned '0': CMAKE_PREFIX_PATH=${CMAKE_PREFIX_PATH}:/home/crubs/Documents/dev_ws/install/robot_sensors:/home/crubs/Documents/dev_ws/install/robot_communication:/home/crubs/Documents/dev_ws/install/robot_camera:/home/crubs/Documents/dev_ws/install/robot_accessories:/home/crubs/Documents/dev_ws/install/imu_package:/opt/ros/jazzy DEBUGINFOD_URLS=https://debuginfod.ubuntu.com PS1=(ros2_env) \[\e]0;\u@\h: \w\a\]${debian_chroot:+($debian_chroot)}\[\033[01;32m\]\u@\h\[\033[00m\]:\[\033[01;34m\]\w\[\033[00m\]\$ VIRTUAL_ENV_PROMPT=(ros2_env) /usr/bin/cmake /home/crubs/Documents/dev_ws/src/robot_bringup -DCMAKE_INSTALL_PREFIX=/home/crubs/Documents/dev_ws/install/robot_bringup
[3.355s] Invoking command in '/home/crubs/Documents/dev_ws/build/robot_bringup': CMAKE_PREFIX_PATH=${CMAKE_PREFIX_PATH}:/home/crubs/Documents/dev_ws/install/robot_sensors:/home/crubs/Documents/dev_ws/install/robot_communication:/home/crubs/Documents/dev_ws/install/robot_camera:/home/crubs/Documents/dev_ws/install/robot_accessories:/home/crubs/Documents/dev_ws/install/imu_package:/opt/ros/jazzy DEBUGINFOD_URLS=https://debuginfod.ubuntu.com PS1=(ros2_env) \[\e]0;\u@\h: \w\a\]${debian_chroot:+($debian_chroot)}\[\033[01;32m\]\u@\h\[\033[00m\]:\[\033[01;34m\]\w\[\033[00m\]\$ VIRTUAL_ENV_PROMPT=(ros2_env) /usr/bin/cmake --build /home/crubs/Documents/dev_ws/build/robot_bringup -- -j4 -l4
[3.552s] Invoked command in '/home/crubs/Documents/dev_ws/build/robot_bringup' returned '0': CMAKE_PREFIX_PATH=${CMAKE_PREFIX_PATH}:/home/crubs/Documents/dev_ws/install/robot_sensors:/home/crubs/Documents/dev_ws/install/robot_communication:/home/crubs/Documents/dev_ws/install/robot_camera:/home/crubs/Documents/dev_ws/install/robot_accessories:/home/crubs/Documents/dev_ws/install/imu_package:/opt/ros/jazzy DEBUGINFOD_URLS=https://debuginfod.ubuntu.com PS1=(ros2_env) \[\e]0;\u@\h: \w\a\]${debian_chroot:+($debian_chroot)}\[\033[01;32m\]\u@\h\[\033[00m\]:\[\033[01;34m\]\w\[\033[00m\]\$ VIRTUAL_ENV_PROMPT=(ros2_env) /usr/bin/cmake --build /home/crubs/Documents/dev_ws/build/robot_bringup -- -j4 -l4
[3.608s] Invoking command in '/home/crubs/Documents/dev_ws/build/robot_bringup': CMAKE_PREFIX_PATH=${CMAKE_PREFIX_PATH}:/home/crubs/Documents/dev_ws/install/robot_sensors:/home/crubs/Documents/dev_ws/install/robot_communication:/home/crubs/Documents/dev_ws/install/robot_camera:/home/crubs/Documents/dev_ws/install/robot_accessories:/home/crubs/Documents/dev_ws/install/imu_package:/opt/ros/jazzy DEBUGINFOD_URLS=https://debuginfod.ubuntu.com PS1=(ros2_env) \[\e]0;\u@\h: \w\a\]${debian_chroot:+($debian_chroot)}\[\033[01;32m\]\u@\h\[\033[00m\]:\[\033[01;34m\]\w\[\033[00m\]\$ VIRTUAL_ENV_PROMPT=(ros2_env) /usr/bin/cmake --install /home/crubs/Documents/dev_ws/build/robot_bringup
[3.663s] -- Install configuration: ""
[3.664s] -- Installing: /home/crubs/Documents/dev_ws/install/robot_bringup/share/robot_bringup/launch
[3.664s] -- Installing: /home/crubs/Documents/dev_ws/install/robot_bringup/share/robot_bringup/launch/full_robot_auto.py
[3.664s] -- Installing: /home/crubs/Documents/dev_ws/install/robot_bringup/share/robot_bringup/launch/full_robot.py
[3.664s] -- Installing: /home/crubs/Documents/dev_ws/install/robot_bringup/share/robot_bringup/launch/portes_ouvertes.py
[3.664s] -- Installing: /home/crubs/Documents/dev_ws/install/robot_bringup/share/ament_index/resource_index/package_run_dependencies/robot_bringup
[3.665s] -- Installing: /home/crubs/Documents/dev_ws/install/robot_bringup/share/ament_index/resource_index/parent_prefix_path/robot_bringup
[3.667s] -- Installing: /home/crubs/Documents/dev_ws/install/robot_bringup/share/robot_bringup/environment/ament_prefix_path.sh
[3.670s] -- Installing: /home/crubs/Documents/dev_ws/install/robot_bringup/share/robot_bringup/environment/ament_prefix_path.dsv
[3.671s] -- Installing: /home/crubs/Documents/dev_ws/install/robot_bringup/share/robot_bringup/environment/path.sh
[3.676s] -- Installing: /home/crubs/Documents/dev_ws/install/robot_bringup/share/robot_bringup/environment/path.dsv
[3.676s] -- Installing: /home/crubs/Documents/dev_ws/install/robot_bringup/share/robot_bringup/local_setup.bash
[3.676s] -- Installing: /home/crubs/Documents/dev_ws/install/robot_bringup/share/robot_bringup/local_setup.sh
[3.676s] -- Installing: /home/crubs/Documents/dev_ws/install/robot_bringup/share/robot_bringup/local_setup.zsh
[3.678s] -- Installing: /home/crubs/Documents/dev_ws/install/robot_bringup/share/robot_bringup/local_setup.dsv
[3.678s] -- Installing: /home/crubs/Documents/dev_ws/install/robot_bringup/share/robot_bringup/package.dsv
[3.679s] -- Installing: /home/crubs/Documents/dev_ws/install/robot_bringup/share/ament_index/resource_index/packages/robot_bringup
[3.681s] -- Installing: /home/crubs/Documents/dev_ws/install/robot_bringup/share/robot_bringup/cmake/robot_bringupConfig.cmake
[3.683s] -- Installing: /home/crubs/Documents/dev_ws/install/robot_bringup/share/robot_bringup/cmake/robot_bringupConfig-version.cmake
[3.688s] -- Installing: /home/crubs/Documents/dev_ws/install/robot_bringup/share/robot_bringup/package.xml
[3.708s] Invoked command in '/home/crubs/Documents/dev_ws/build/robot_bringup' returned '0': CMAKE_PREFIX_PATH=${CMAKE_PREFIX_PATH}:/home/crubs/Documents/dev_ws/install/robot_sensors:/home/crubs/Documents/dev_ws/install/robot_communication:/home/crubs/Documents/dev_ws/install/robot_camera:/home/crubs/Documents/dev_ws/install/robot_accessories:/home/crubs/Documents/dev_ws/install/imu_package:/opt/ros/jazzy DEBUGINFOD_URLS=https://debuginfod.ubuntu.com PS1=(ros2_env) \[\e]0;\u@\h: \w\a\]${debian_chroot:+($debian_chroot)}\[\033[01;32m\]\u@\h\[\033[00m\]:\[\033[01;34m\]\w\[\033[00m\]\$ VIRTUAL_ENV_PROMPT=(ros2_env) /usr/bin/cmake --install /home/crubs/Documents/dev_ws/build/robot_bringup
