[0.036s] Invoking command in '/home/crubs/Documents/dev_ws/build/robot_navigation': CMAKE_PREFIX_PATH=${CMAKE_PREFIX_PATH}:/home/crubs/Documents/dev_ws/install/robot_sensors:/home/crubs/Documents/dev_ws/install/robot_communication:/home/crubs/Documents/dev_ws/install/robot_camera:/home/crubs/Documents/dev_ws/install/robot_accessories:/home/crubs/Documents/dev_ws/install/imu_package:/opt/ros/jazzy DEBUGINFOD_URLS=https://debuginfod.ubuntu.com PS1=(ros2_env) \[\e]0;\u@\h: \w\a\]${debian_chroot:+($debian_chroot)}\[\033[01;32m\]\u@\h\[\033[00m\]:\[\033[01;34m\]\w\[\033[00m\]\$ VIRTUAL_ENV_PROMPT=(ros2_env) /usr/bin/cmake /home/crubs/Documents/dev_ws/src/robot_navigation -DCMAKE_INSTALL_PREFIX=/home/crubs/Documents/dev_ws/install/robot_navigation
[0.303s] -- The C compiler identification is GNU 13.2.0
[0.591s] -- The CXX compiler identification is GNU 13.2.0
[0.677s] -- Detecting C compiler ABI info
[1.170s] -- Detecting C compiler ABI info - done
[1.209s] -- Check for working C compiler: /usr/bin/cc - skipped
[1.211s] -- Detecting C compile features
[1.213s] -- Detecting C compile features - done
[1.257s] -- Detecting CXX compiler ABI info
[1.699s] -- Detecting CXX compiler ABI info - done
[1.720s] -- Check for working CXX compiler: /usr/bin/c++ - skipped
[1.721s] -- Detecting CXX compile features
[1.722s] -- Detecting CXX compile features - done
[1.734s] -- Found ament_cmake: 2.5.2 (/opt/ros/jazzy/share/ament_cmake/cmake)
[2.071s] -- Found Python3: /home/crubs/ros2_env/bin/python3 (found version "3.12.3") found components: Interpreter 
[2.476s] -- Found ament_lint_auto: 0.17.1 (/opt/ros/jazzy/share/ament_lint_auto/cmake)
[2.897s] -- Added test 'copyright' to check source files copyright and LICENSE
[2.903s] -- Added test 'flake8' to check Python code syntax and style conventions
[2.903s] -- Configured 'flake8' exclude dirs and/or files: 
[2.906s] -- Added test 'lint_cmake' to check CMake code style
[2.910s] -- Added test 'pep257' to check Python code against some of the docstring style conventions in PEP 257
[2.914s] -- Added test 'xmllint' to check XML markup files
[2.919s] -- Configuring done (2.8s)
[2.928s] -- Generating done (0.0s)
[2.932s] -- Build files have been written to: /home/crubs/Documents/dev_ws/build/robot_navigation
[3.272s] Invoked command in '/home/crubs/Documents/dev_ws/build/robot_navigation' returned '0': CMAKE_PREFIX_PATH=${CMAKE_PREFIX_PATH}:/home/crubs/Documents/dev_ws/install/robot_sensors:/home/crubs/Documents/dev_ws/install/robot_communication:/home/crubs/Documents/dev_ws/install/robot_camera:/home/crubs/Documents/dev_ws/install/robot_accessories:/home/crubs/Documents/dev_ws/install/imu_package:/opt/ros/jazzy DEBUGINFOD_URLS=https://debuginfod.ubuntu.com PS1=(ros2_env) \[\e]0;\u@\h: \w\a\]${debian_chroot:+($debian_chroot)}\[\033[01;32m\]\u@\h\[\033[00m\]:\[\033[01;34m\]\w\[\033[00m\]\$ VIRTUAL_ENV_PROMPT=(ros2_env) /usr/bin/cmake /home/crubs/Documents/dev_ws/src/robot_navigation -DCMAKE_INSTALL_PREFIX=/home/crubs/Documents/dev_ws/install/robot_navigation
[3.274s] Invoking command in '/home/crubs/Documents/dev_ws/build/robot_navigation': CMAKE_PREFIX_PATH=${CMAKE_PREFIX_PATH}:/home/crubs/Documents/dev_ws/install/robot_sensors:/home/crubs/Documents/dev_ws/install/robot_communication:/home/crubs/Documents/dev_ws/install/robot_camera:/home/crubs/Documents/dev_ws/install/robot_accessories:/home/crubs/Documents/dev_ws/install/imu_package:/opt/ros/jazzy DEBUGINFOD_URLS=https://debuginfod.ubuntu.com PS1=(ros2_env) \[\e]0;\u@\h: \w\a\]${debian_chroot:+($debian_chroot)}\[\033[01;32m\]\u@\h\[\033[00m\]:\[\033[01;34m\]\w\[\033[00m\]\$ VIRTUAL_ENV_PROMPT=(ros2_env) /usr/bin/cmake --build /home/crubs/Documents/dev_ws/build/robot_navigation -- -j4 -l4
[3.475s] Invoked command in '/home/crubs/Documents/dev_ws/build/robot_navigation' returned '0': CMAKE_PREFIX_PATH=${CMAKE_PREFIX_PATH}:/home/crubs/Documents/dev_ws/install/robot_sensors:/home/crubs/Documents/dev_ws/install/robot_communication:/home/crubs/Documents/dev_ws/install/robot_camera:/home/crubs/Documents/dev_ws/install/robot_accessories:/home/crubs/Documents/dev_ws/install/imu_package:/opt/ros/jazzy DEBUGINFOD_URLS=https://debuginfod.ubuntu.com PS1=(ros2_env) \[\e]0;\u@\h: \w\a\]${debian_chroot:+($debian_chroot)}\[\033[01;32m\]\u@\h\[\033[00m\]:\[\033[01;34m\]\w\[\033[00m\]\$ VIRTUAL_ENV_PROMPT=(ros2_env) /usr/bin/cmake --build /home/crubs/Documents/dev_ws/build/robot_navigation -- -j4 -l4
[3.482s] Invoking command in '/home/crubs/Documents/dev_ws/build/robot_navigation': CMAKE_PREFIX_PATH=${CMAKE_PREFIX_PATH}:/home/crubs/Documents/dev_ws/install/robot_sensors:/home/crubs/Documents/dev_ws/install/robot_communication:/home/crubs/Documents/dev_ws/install/robot_camera:/home/crubs/Documents/dev_ws/install/robot_accessories:/home/crubs/Documents/dev_ws/install/imu_package:/opt/ros/jazzy DEBUGINFOD_URLS=https://debuginfod.ubuntu.com PS1=(ros2_env) \[\e]0;\u@\h: \w\a\]${debian_chroot:+($debian_chroot)}\[\033[01;32m\]\u@\h\[\033[00m\]:\[\033[01;34m\]\w\[\033[00m\]\$ VIRTUAL_ENV_PROMPT=(ros2_env) /usr/bin/cmake --install /home/crubs/Documents/dev_ws/build/robot_navigation
[3.531s] -- Install configuration: ""
[3.531s] -- Installing: /home/crubs/Documents/dev_ws/install/robot_navigation/share/robot_navigation/launch
[3.531s] -- Installing: /home/crubs/Documents/dev_ws/install/robot_navigation/share/robot_navigation/launch/smoother.launch.py
[3.536s] -- Installing: /home/crubs/Documents/dev_ws/install/robot_navigation/share/robot_navigation/launch/nav2_localization.launch.py
[3.536s] -- Installing: /home/crubs/Documents/dev_ws/install/robot_navigation/share/robot_navigation/launch/slam.launch.py
[3.536s] -- Installing: /home/crubs/Documents/dev_ws/install/robot_navigation/share/robot_navigation/launch/nav2_navigation.launch.py
[3.536s] -- Installing: /home/crubs/Documents/dev_ws/install/robot_navigation/share/robot_navigation/launch/examples
[3.536s] -- Installing: /home/crubs/Documents/dev_ws/install/robot_navigation/share/robot_navigation/launch/examples/navigation_launch.py
[3.537s] -- Installing: /home/crubs/Documents/dev_ws/install/robot_navigation/share/robot_navigation/launch/examples/localization_launch.py
[3.537s] -- Installing: /home/crubs/Documents/dev_ws/install/robot_navigation/share/robot_navigation/maps
[3.537s] -- Installing: /home/crubs/Documents/dev_ws/install/robot_navigation/share/robot_navigation/maps/map.pgm
[3.573s] -- Installing: /home/crubs/Documents/dev_ws/install/robot_navigation/share/robot_navigation/maps/map.yaml
[3.574s] -- Installing: /home/crubs/Documents/dev_ws/install/robot_navigation/share/robot_navigation/config
[3.575s] -- Installing: /home/crubs/Documents/dev_ws/install/robot_navigation/share/robot_navigation/config/smoother.yaml
[3.575s] -- Installing: /home/crubs/Documents/dev_ws/install/robot_navigation/share/robot_navigation/config/slam.yaml
[3.576s] -- Installing: /home/crubs/Documents/dev_ws/install/robot_navigation/share/robot_navigation/config/navigate_w_replanning_and_recovery.xml
[3.576s] -- Installing: /home/crubs/Documents/dev_ws/install/robot_navigation/share/robot_navigation/config/nav2_params.yaml
[3.576s] -- Installing: /home/crubs/Documents/dev_ws/install/robot_navigation/share/ament_index/resource_index/package_run_dependencies/robot_navigation
[3.578s] -- Installing: /home/crubs/Documents/dev_ws/install/robot_navigation/share/ament_index/resource_index/parent_prefix_path/robot_navigation
[3.579s] -- Installing: /home/crubs/Documents/dev_ws/install/robot_navigation/share/robot_navigation/environment/ament_prefix_path.sh
[3.579s] -- Installing: /home/crubs/Documents/dev_ws/install/robot_navigation/share/robot_navigation/environment/ament_prefix_path.dsv
[3.580s] -- Installing: /home/crubs/Documents/dev_ws/install/robot_navigation/share/robot_navigation/environment/path.sh
[3.580s] -- Installing: /home/crubs/Documents/dev_ws/install/robot_navigation/share/robot_navigation/environment/path.dsv
[3.580s] -- Installing: /home/crubs/Documents/dev_ws/install/robot_navigation/share/robot_navigation/local_setup.bash
[3.580s] -- Installing: /home/crubs/Documents/dev_ws/install/robot_navigation/share/robot_navigation/local_setup.sh
[3.580s] -- Installing: /home/crubs/Documents/dev_ws/install/robot_navigation/share/robot_navigation/local_setup.zsh
[3.581s] -- Installing: /home/crubs/Documents/dev_ws/install/robot_navigation/share/robot_navigation/local_setup.dsv
[3.586s] -- Installing: /home/crubs/Documents/dev_ws/install/robot_navigation/share/robot_navigation/package.dsv
[3.587s] -- Installing: /home/crubs/Documents/dev_ws/install/robot_navigation/share/ament_index/resource_index/packages/robot_navigation
[3.587s] -- Installing: /home/crubs/Documents/dev_ws/install/robot_navigation/share/robot_navigation/cmake/robot_navigationConfig.cmake
[3.587s] -- Installing: /home/crubs/Documents/dev_ws/install/robot_navigation/share/robot_navigation/cmake/robot_navigationConfig-version.cmake
[3.588s] -- Installing: /home/crubs/Documents/dev_ws/install/robot_navigation/share/robot_navigation/package.xml
[3.598s] Invoked command in '/home/crubs/Documents/dev_ws/build/robot_navigation' returned '0': CMAKE_PREFIX_PATH=${CMAKE_PREFIX_PATH}:/home/crubs/Documents/dev_ws/install/robot_sensors:/home/crubs/Documents/dev_ws/install/robot_communication:/home/crubs/Documents/dev_ws/install/robot_camera:/home/crubs/Documents/dev_ws/install/robot_accessories:/home/crubs/Documents/dev_ws/install/imu_package:/opt/ros/jazzy DEBUGINFOD_URLS=https://debuginfod.ubuntu.com PS1=(ros2_env) \[\e]0;\u@\h: \w\a\]${debian_chroot:+($debian_chroot)}\[\033[01;32m\]\u@\h\[\033[00m\]:\[\033[01;34m\]\w\[\033[00m\]\$ VIRTUAL_ENV_PROMPT=(ros2_env) /usr/bin/cmake --install /home/crubs/Documents/dev_ws/build/robot_navigation
