/home/crubs/Documents/dev_ws/install/robot_communication/lib/python3.12/site-packages/robot_communication/interfaceGPIO.py
/home/crubs/Documents/dev_ws/install/robot_communication/lib/python3.12/site-packages/robot_communication/__init__.py
/home/crubs/Documents/dev_ws/install/robot_communication/lib/python3.12/site-packages/robot_communication/testI2C.py
/home/crubs/Documents/dev_ws/install/robot_communication/lib/python3.12/site-packages/robot_communication/interfacePAMI.py
/home/crubs/Documents/dev_ws/install/robot_communication/lib/python3.12/site-packages/robot_communication/robotI2C.py
/home/crubs/Documents/dev_ws/install/robot_communication/lib/python3.12/site-packages/robot_communication/interfaceI2C.py
/home/crubs/Documents/dev_ws/install/robot_communication/lib/python3.12/site-packages/robot_communication/moteurI2C.py
/home/crubs/Documents/dev_ws/install/robot_communication/lib/python3.12/site-packages/robot_communication/__pycache__/interfaceGPIO.cpython-312.pyc
/home/crubs/Documents/dev_ws/install/robot_communication/lib/python3.12/site-packages/robot_communication/__pycache__/__init__.cpython-312.pyc
/home/crubs/Documents/dev_ws/install/robot_communication/lib/python3.12/site-packages/robot_communication/__pycache__/testI2C.cpython-312.pyc
/home/crubs/Documents/dev_ws/install/robot_communication/lib/python3.12/site-packages/robot_communication/__pycache__/interfacePAMI.cpython-312.pyc
/home/crubs/Documents/dev_ws/install/robot_communication/lib/python3.12/site-packages/robot_communication/__pycache__/robotI2C.cpython-312.pyc
/home/crubs/Documents/dev_ws/install/robot_communication/lib/python3.12/site-packages/robot_communication/__pycache__/interfaceI2C.cpython-312.pyc
/home/crubs/Documents/dev_ws/install/robot_communication/lib/python3.12/site-packages/robot_communication/__pycache__/moteurI2C.cpython-312.pyc
/home/crubs/Documents/dev_ws/install/robot_communication/share/ament_index/resource_index/packages/robot_communication
/home/crubs/Documents/dev_ws/install/robot_communication/share/robot_communication/package.xml
/home/crubs/Documents/dev_ws/install/robot_communication/lib/python3.12/site-packages/robot_communication-0.0.0-py3.12.egg-info/SOURCES.txt
/home/crubs/Documents/dev_ws/install/robot_communication/lib/python3.12/site-packages/robot_communication-0.0.0-py3.12.egg-info/top_level.txt
/home/crubs/Documents/dev_ws/install/robot_communication/lib/python3.12/site-packages/robot_communication-0.0.0-py3.12.egg-info/PKG-INFO
/home/crubs/Documents/dev_ws/install/robot_communication/lib/python3.12/site-packages/robot_communication-0.0.0-py3.12.egg-info/zip-safe
/home/crubs/Documents/dev_ws/install/robot_communication/lib/python3.12/site-packages/robot_communication-0.0.0-py3.12.egg-info/requires.txt
/home/crubs/Documents/dev_ws/install/robot_communication/lib/python3.12/site-packages/robot_communication-0.0.0-py3.12.egg-info/dependency_links.txt
/home/crubs/Documents/dev_ws/install/robot_communication/lib/python3.12/site-packages/robot_communication-0.0.0-py3.12.egg-info/entry_points.txt
/home/crubs/Documents/dev_ws/install/robot_communication/lib/robot_communication/interfaceGPIO
/home/crubs/Documents/dev_ws/install/robot_communication/lib/robot_communication/interfaceI2C
/home/crubs/Documents/dev_ws/install/robot_communication/lib/robot_communication/interfacePAMI
/home/crubs/Documents/dev_ws/install/robot_communication/lib/robot_communication/moteurI2C
/home/crubs/Documents/dev_ws/install/robot_communication/lib/robot_communication/robotI2C
/home/crubs/Documents/dev_ws/install/robot_communication/lib/robot_communication/testI2C
