[0.033s] Invoking command in '/home/crubs/Documents/dev_ws/build/robot_description': CMAKE_PREFIX_PATH=${CMAKE_PREFIX_PATH}:/home/crubs/Documents/dev_ws/install/robot_sensors:/home/crubs/Documents/dev_ws/install/robot_communication:/home/crubs/Documents/dev_ws/install/robot_camera:/home/crubs/Documents/dev_ws/install/robot_accessories:/home/crubs/Documents/dev_ws/install/imu_package:/opt/ros/jazzy DEBUGINFOD_URLS=https://debuginfod.ubuntu.com PS1=(ros2_env) \[\e]0;\u@\h: \w\a\]${debian_chroot:+($debian_chroot)}\[\033[01;32m\]\u@\h\[\033[00m\]:\[\033[01;34m\]\w\[\033[00m\]\$ VIRTUAL_ENV_PROMPT=(ros2_env) /usr/bin/cmake /home/crubs/Documents/dev_ws/src/robot_description -DCMAKE_INSTALL_PREFIX=/home/crubs/Documents/dev_ws/install/robot_description
[0.336s] -- The C compiler identification is GNU 13.2.0
[0.591s] -- The CXX compiler identification is GNU 13.2.0
[0.658s] -- Detecting C compiler ABI info
[1.170s] -- Detecting C compiler ABI info - done
[1.221s] -- Check for working C compiler: /usr/bin/cc - skipped
[1.222s] -- Detecting C compile features
[1.231s] -- Detecting C compile features - done
[1.271s] -- Detecting CXX compiler ABI info
[1.824s] -- Detecting CXX compiler ABI info - done
[1.859s] -- Check for working CXX compiler: /usr/bin/c++ - skipped
[1.864s] -- Detecting CXX compile features
[1.864s] -- Detecting CXX compile features - done
[1.892s] -- Found ament_cmake: 2.5.2 (/opt/ros/jazzy/share/ament_cmake/cmake)
[2.518s] -- Found Python3: /home/crubs/ros2_env/bin/python3 (found version "3.12.3") found components: Interpreter 
[3.025s] -- Found ament_lint_auto: 0.17.1 (/opt/ros/jazzy/share/ament_lint_auto/cmake)
[3.496s] -- Configuring done (3.4s)
[3.503s] -- Generating done (0.0s)
[3.507s] -- Build files have been written to: /home/crubs/Documents/dev_ws/build/robot_description
[3.525s] Invoked command in '/home/crubs/Documents/dev_ws/build/robot_description' returned '0': CMAKE_PREFIX_PATH=${CMAKE_PREFIX_PATH}:/home/crubs/Documents/dev_ws/install/robot_sensors:/home/crubs/Documents/dev_ws/install/robot_communication:/home/crubs/Documents/dev_ws/install/robot_camera:/home/crubs/Documents/dev_ws/install/robot_accessories:/home/crubs/Documents/dev_ws/install/imu_package:/opt/ros/jazzy DEBUGINFOD_URLS=https://debuginfod.ubuntu.com PS1=(ros2_env) \[\e]0;\u@\h: \w\a\]${debian_chroot:+($debian_chroot)}\[\033[01;32m\]\u@\h\[\033[00m\]:\[\033[01;34m\]\w\[\033[00m\]\$ VIRTUAL_ENV_PROMPT=(ros2_env) /usr/bin/cmake /home/crubs/Documents/dev_ws/src/robot_description -DCMAKE_INSTALL_PREFIX=/home/crubs/Documents/dev_ws/install/robot_description
[3.525s] Invoking command in '/home/crubs/Documents/dev_ws/build/robot_description': CMAKE_PREFIX_PATH=${CMAKE_PREFIX_PATH}:/home/crubs/Documents/dev_ws/install/robot_sensors:/home/crubs/Documents/dev_ws/install/robot_communication:/home/crubs/Documents/dev_ws/install/robot_camera:/home/crubs/Documents/dev_ws/install/robot_accessories:/home/crubs/Documents/dev_ws/install/imu_package:/opt/ros/jazzy DEBUGINFOD_URLS=https://debuginfod.ubuntu.com PS1=(ros2_env) \[\e]0;\u@\h: \w\a\]${debian_chroot:+($debian_chroot)}\[\033[01;32m\]\u@\h\[\033[00m\]:\[\033[01;34m\]\w\[\033[00m\]\$ VIRTUAL_ENV_PROMPT=(ros2_env) /usr/bin/cmake --build /home/crubs/Documents/dev_ws/build/robot_description -- -j4 -l4
[3.639s] Invoked command in '/home/crubs/Documents/dev_ws/build/robot_description' returned '0': CMAKE_PREFIX_PATH=${CMAKE_PREFIX_PATH}:/home/crubs/Documents/dev_ws/install/robot_sensors:/home/crubs/Documents/dev_ws/install/robot_communication:/home/crubs/Documents/dev_ws/install/robot_camera:/home/crubs/Documents/dev_ws/install/robot_accessories:/home/crubs/Documents/dev_ws/install/imu_package:/opt/ros/jazzy DEBUGINFOD_URLS=https://debuginfod.ubuntu.com PS1=(ros2_env) \[\e]0;\u@\h: \w\a\]${debian_chroot:+($debian_chroot)}\[\033[01;32m\]\u@\h\[\033[00m\]:\[\033[01;34m\]\w\[\033[00m\]\$ VIRTUAL_ENV_PROMPT=(ros2_env) /usr/bin/cmake --build /home/crubs/Documents/dev_ws/build/robot_description -- -j4 -l4
[3.643s] Invoking command in '/home/crubs/Documents/dev_ws/build/robot_description': CMAKE_PREFIX_PATH=${CMAKE_PREFIX_PATH}:/home/crubs/Documents/dev_ws/install/robot_sensors:/home/crubs/Documents/dev_ws/install/robot_communication:/home/crubs/Documents/dev_ws/install/robot_camera:/home/crubs/Documents/dev_ws/install/robot_accessories:/home/crubs/Documents/dev_ws/install/imu_package:/opt/ros/jazzy DEBUGINFOD_URLS=https://debuginfod.ubuntu.com PS1=(ros2_env) \[\e]0;\u@\h: \w\a\]${debian_chroot:+($debian_chroot)}\[\033[01;32m\]\u@\h\[\033[00m\]:\[\033[01;34m\]\w\[\033[00m\]\$ VIRTUAL_ENV_PROMPT=(ros2_env) /usr/bin/cmake --install /home/crubs/Documents/dev_ws/build/robot_description
[3.667s] -- Install configuration: ""
[3.668s] -- Installing: /home/crubs/Documents/dev_ws/install/robot_description/share/robot_description/launch
[3.668s] -- Installing: /home/crubs/Documents/dev_ws/install/robot_description/share/robot_description/launch/description.launch.py
[3.669s] -- Installing: /home/crubs/Documents/dev_ws/install/robot_description/share/robot_description/meshes
[3.669s] -- Installing: /home/crubs/Documents/dev_ws/install/robot_description/share/robot_description/meshes/left_wheel_link.STL
[3.671s] -- Installing: /home/crubs/Documents/dev_ws/install/robot_description/share/robot_description/meshes/gripper_right_link.STL
[3.671s] -- Installing: /home/crubs/Documents/dev_ws/install/robot_description/share/robot_description/meshes/right_wheel_link.STL
[3.673s] -- Installing: /home/crubs/Documents/dev_ws/install/robot_description/share/robot_description/meshes/gripper_left_link.STL
[3.676s] -- Installing: /home/crubs/Documents/dev_ws/install/robot_description/share/robot_description/meshes/base_link.STL
[3.679s] -- Installing: /home/crubs/Documents/dev_ws/install/robot_description/share/robot_description/meshes/lidar_link.STL
[3.684s] -- Installing: /home/crubs/Documents/dev_ws/install/robot_description/share/robot_description/meshes/imu_link.STL
[3.685s] -- Installing: /home/crubs/Documents/dev_ws/install/robot_description/share/robot_description/urdf
[3.686s] -- Installing: /home/crubs/Documents/dev_ws/install/robot_description/share/robot_description/urdf/robot.urdf.xacro
[3.686s] -- Installing: /home/crubs/Documents/dev_ws/install/robot_description/share/robot_description/urdf/gazebo_plugins.xacro
[3.690s] -- Installing: /home/crubs/Documents/dev_ws/install/robot_description/share/robot_description/urdf/robot_core.xacro
[3.690s] -- Installing: /home/crubs/Documents/dev_ws/install/robot_description/share/ament_index/resource_index/package_run_dependencies/robot_description
[3.691s] -- Installing: /home/crubs/Documents/dev_ws/install/robot_description/share/ament_index/resource_index/parent_prefix_path/robot_description
[3.693s] -- Installing: /home/crubs/Documents/dev_ws/install/robot_description/share/robot_description/environment/ament_prefix_path.sh
[3.694s] -- Installing: /home/crubs/Documents/dev_ws/install/robot_description/share/robot_description/environment/ament_prefix_path.dsv
[3.694s] -- Installing: /home/crubs/Documents/dev_ws/install/robot_description/share/robot_description/environment/path.sh
[3.696s] -- Installing: /home/crubs/Documents/dev_ws/install/robot_description/share/robot_description/environment/path.dsv
[3.697s] -- Installing: /home/crubs/Documents/dev_ws/install/robot_description/share/robot_description/local_setup.bash
[3.698s] -- Installing: /home/crubs/Documents/dev_ws/install/robot_description/share/robot_description/local_setup.sh
[3.698s] -- Installing: /home/crubs/Documents/dev_ws/install/robot_description/share/robot_description/local_setup.zsh
[3.699s] -- Installing: /home/crubs/Documents/dev_ws/install/robot_description/share/robot_description/local_setup.dsv
[3.700s] -- Installing: /home/crubs/Documents/dev_ws/install/robot_description/share/robot_description/package.dsv
[3.701s] -- Installing: /home/crubs/Documents/dev_ws/install/robot_description/share/ament_index/resource_index/packages/robot_description
[3.702s] -- Installing: /home/crubs/Documents/dev_ws/install/robot_description/share/robot_description/cmake/robot_descriptionConfig.cmake
[3.703s] -- Installing: /home/crubs/Documents/dev_ws/install/robot_description/share/robot_description/cmake/robot_descriptionConfig-version.cmake
[3.705s] -- Installing: /home/crubs/Documents/dev_ws/install/robot_description/share/robot_description/package.xml
[3.708s] Invoked command in '/home/crubs/Documents/dev_ws/build/robot_description' returned '0': CMAKE_PREFIX_PATH=${CMAKE_PREFIX_PATH}:/home/crubs/Documents/dev_ws/install/robot_sensors:/home/crubs/Documents/dev_ws/install/robot_communication:/home/crubs/Documents/dev_ws/install/robot_camera:/home/crubs/Documents/dev_ws/install/robot_accessories:/home/crubs/Documents/dev_ws/install/imu_package:/opt/ros/jazzy DEBUGINFOD_URLS=https://debuginfod.ubuntu.com PS1=(ros2_env) \[\e]0;\u@\h: \w\a\]${debian_chroot:+($debian_chroot)}\[\033[01;32m\]\u@\h\[\033[00m\]:\[\033[01;34m\]\w\[\033[00m\]\$ VIRTUAL_ENV_PROMPT=(ros2_env) /usr/bin/cmake --install /home/crubs/Documents/dev_ws/build/robot_description
