[0.023s] Invoking command in '/home/crubs/Documents/dev_ws/build/robot_gazebo': CMAKE_PREFIX_PATH=${CMAKE_PREFIX_PATH}:/home/crubs/Documents/dev_ws/install/robot_sensors:/home/crubs/Documents/dev_ws/install/robot_communication:/home/crubs/Documents/dev_ws/install/robot_camera:/home/crubs/Documents/dev_ws/install/robot_accessories:/home/crubs/Documents/dev_ws/install/imu_package:/opt/ros/jazzy DEBUGINFOD_URLS=https://debuginfod.ubuntu.com /usr/bin/cmake --build /home/crubs/Documents/dev_ws/build/robot_gazebo -- -j4 -l4
[0.161s] Invoked command in '/home/crubs/Documents/dev_ws/build/robot_gazebo' returned '0': CMAKE_PREFIX_PATH=${CMAKE_PREFIX_PATH}:/home/crubs/Documents/dev_ws/install/robot_sensors:/home/crubs/Documents/dev_ws/install/robot_communication:/home/crubs/Documents/dev_ws/install/robot_camera:/home/crubs/Documents/dev_ws/install/robot_accessories:/home/crubs/Documents/dev_ws/install/imu_package:/opt/ros/jazzy DEBUGINFOD_URLS=https://debuginfod.ubuntu.com /usr/bin/cmake --build /home/crubs/Documents/dev_ws/build/robot_gazebo -- -j4 -l4
[0.167s] Invoking command in '/home/crubs/Documents/dev_ws/build/robot_gazebo': CMAKE_PREFIX_PATH=${CMAKE_PREFIX_PATH}:/home/crubs/Documents/dev_ws/install/robot_sensors:/home/crubs/Documents/dev_ws/install/robot_communication:/home/crubs/Documents/dev_ws/install/robot_camera:/home/crubs/Documents/dev_ws/install/robot_accessories:/home/crubs/Documents/dev_ws/install/imu_package:/opt/ros/jazzy DEBUGINFOD_URLS=https://debuginfod.ubuntu.com /usr/bin/cmake --install /home/crubs/Documents/dev_ws/build/robot_gazebo
[0.189s] -- Install configuration: ""
[0.190s] -- Up-to-date: /home/crubs/Documents/dev_ws/install/robot_gazebo/share/robot_gazebo/launch
[0.192s] -- Up-to-date: /home/crubs/Documents/dev_ws/install/robot_gazebo/share/robot_gazebo/launch/gazebo.launch.py
[0.193s] -- Up-to-date: /home/crubs/Documents/dev_ws/install/robot_gazebo/share/robot_gazebo/worlds
[0.193s] -- Up-to-date: /home/crubs/Documents/dev_ws/install/robot_gazebo/share/robot_gazebo/worlds/mondeCDF24.sdf
[0.193s] -- Up-to-date: /home/crubs/Documents/dev_ws/install/robot_gazebo/share/robot_gazebo/worlds/Plateau_jeu_CdF.sdf
[0.193s] -- Up-to-date: /home/crubs/Documents/dev_ws/install/robot_gazebo/share/robot_gazebo/worlds/models
[0.193s] -- Up-to-date: /home/crubs/Documents/dev_ws/install/robot_gazebo/share/robot_gazebo/worlds/models/suv
[0.193s] -- Up-to-date: /home/crubs/Documents/dev_ws/install/robot_gazebo/share/robot_gazebo/worlds/models/suv/meshes
[0.194s] -- Up-to-date: /home/crubs/Documents/dev_ws/install/robot_gazebo/share/robot_gazebo/worlds/models/suv/meshes/suv.obj
[0.194s] -- Up-to-date: /home/crubs/Documents/dev_ws/install/robot_gazebo/share/robot_gazebo/worlds/models/suv/meshes/plante.obj
[0.195s] -- Up-to-date: /home/crubs/Documents/dev_ws/install/robot_gazebo/share/robot_gazebo/worlds/models/suv/meshes/plante.mtl
[0.196s] -- Up-to-date: /home/crubs/Documents/dev_ws/install/robot_gazebo/share/robot_gazebo/worlds/models/suv/meshes/suv.mtl
[0.197s] -- Up-to-date: /home/crubs/Documents/dev_ws/install/robot_gazebo/share/robot_gazebo/worlds/models/suv/meshes/plante.dae
[0.199s] -- Up-to-date: /home/crubs/Documents/dev_ws/install/robot_gazebo/share/robot_gazebo/worlds/models/suv/model.sdf
[0.200s] -- Up-to-date: /home/crubs/Documents/dev_ws/install/robot_gazebo/share/robot_gazebo/worlds/models/suv/materials
[0.204s] -- Up-to-date: /home/crubs/Documents/dev_ws/install/robot_gazebo/share/robot_gazebo/worlds/models/suv/materials/textures
[0.204s] -- Up-to-date: /home/crubs/Documents/dev_ws/install/robot_gazebo/share/robot_gazebo/worlds/models/suv/materials/textures/suv.png
[0.204s] -- Up-to-date: /home/crubs/Documents/dev_ws/install/robot_gazebo/share/robot_gazebo/worlds/models/suv/materials/textures/wheels_01.png
[0.204s] -- Up-to-date: /home/crubs/Documents/dev_ws/install/robot_gazebo/share/robot_gazebo/worlds/models/suv/model.config
[0.204s] -- Up-to-date: /home/crubs/Documents/dev_ws/install/robot_gazebo/share/robot_gazebo/worlds/models/plante_cdf
[0.204s] -- Up-to-date: /home/crubs/Documents/dev_ws/install/robot_gazebo/share/robot_gazebo/worlds/models/plante_cdf/textures
[0.205s] -- Up-to-date: /home/crubs/Documents/dev_ws/install/robot_gazebo/share/robot_gazebo/worlds/models/plante_cdf/meshes
[0.205s] -- Up-to-date: /home/crubs/Documents/dev_ws/install/robot_gazebo/share/robot_gazebo/worlds/models/plante_cdf/meshes/plante.dae
[0.205s] -- Up-to-date: /home/crubs/Documents/dev_ws/install/robot_gazebo/share/robot_gazebo/worlds/models/plante_cdf/model.sdf
[0.205s] -- Up-to-date: /home/crubs/Documents/dev_ws/install/robot_gazebo/share/robot_gazebo/worlds/models/plante_cdf/model.config
[0.205s] -- Up-to-date: /home/crubs/Documents/dev_ws/install/robot_gazebo/share/robot_gazebo/worlds/models/table_eurobot_2020
[0.205s] -- Up-to-date: /home/crubs/Documents/dev_ws/install/robot_gazebo/share/robot_gazebo/worlds/models/table_eurobot_2020/textures
[0.205s] -- Up-to-date: /home/crubs/Documents/dev_ws/install/robot_gazebo/share/robot_gazebo/worlds/models/table_eurobot_2020/textures/text_sail_the_world.png
[0.205s] -- Up-to-date: /home/crubs/Documents/dev_ws/install/robot_gazebo/share/robot_gazebo/worlds/models/table_eurobot_2020/meshes
[0.205s] -- Up-to-date: /home/crubs/Documents/dev_ws/install/robot_gazebo/share/robot_gazebo/worlds/models/table_eurobot_2020/meshes/text_sail_the_world.png
[0.206s] -- Up-to-date: /home/crubs/Documents/dev_ws/install/robot_gazebo/share/robot_gazebo/worlds/models/table_eurobot_2020/meshes/tableSansPanneau.dae
[0.206s] -- Up-to-date: /home/crubs/Documents/dev_ws/install/robot_gazebo/share/robot_gazebo/worlds/models/table_eurobot_2020/model.sdf
[0.206s] -- Up-to-date: /home/crubs/Documents/dev_ws/install/robot_gazebo/share/robot_gazebo/worlds/models/table_eurobot_2020/model.config
[0.206s] -- Up-to-date: /home/crubs/Documents/dev_ws/install/robot_gazebo/share/ament_index/resource_index/package_run_dependencies/robot_gazebo
[0.207s] -- Up-to-date: /home/crubs/Documents/dev_ws/install/robot_gazebo/share/ament_index/resource_index/parent_prefix_path/robot_gazebo
[0.207s] -- Up-to-date: /home/crubs/Documents/dev_ws/install/robot_gazebo/share/robot_gazebo/environment/ament_prefix_path.sh
[0.207s] -- Up-to-date: /home/crubs/Documents/dev_ws/install/robot_gazebo/share/robot_gazebo/environment/ament_prefix_path.dsv
[0.207s] -- Up-to-date: /home/crubs/Documents/dev_ws/install/robot_gazebo/share/robot_gazebo/environment/path.sh
[0.207s] -- Up-to-date: /home/crubs/Documents/dev_ws/install/robot_gazebo/share/robot_gazebo/environment/path.dsv
[0.207s] -- Up-to-date: /home/crubs/Documents/dev_ws/install/robot_gazebo/share/robot_gazebo/local_setup.bash
[0.207s] -- Up-to-date: /home/crubs/Documents/dev_ws/install/robot_gazebo/share/robot_gazebo/local_setup.sh
[0.207s] -- Up-to-date: /home/crubs/Documents/dev_ws/install/robot_gazebo/share/robot_gazebo/local_setup.zsh
[0.208s] -- Up-to-date: /home/crubs/Documents/dev_ws/install/robot_gazebo/share/robot_gazebo/local_setup.dsv
[0.209s] -- Up-to-date: /home/crubs/Documents/dev_ws/install/robot_gazebo/share/robot_gazebo/package.dsv
[0.209s] -- Up-to-date: /home/crubs/Documents/dev_ws/install/robot_gazebo/share/ament_index/resource_index/packages/robot_gazebo
[0.209s] -- Up-to-date: /home/crubs/Documents/dev_ws/install/robot_gazebo/share/robot_gazebo/cmake/robot_gazeboConfig.cmake
[0.209s] -- Up-to-date: /home/crubs/Documents/dev_ws/install/robot_gazebo/share/robot_gazebo/cmake/robot_gazeboConfig-version.cmake
[0.209s] -- Up-to-date: /home/crubs/Documents/dev_ws/install/robot_gazebo/share/robot_gazebo/package.xml
[0.225s] Invoked command in '/home/crubs/Documents/dev_ws/build/robot_gazebo' returned '0': CMAKE_PREFIX_PATH=${CMAKE_PREFIX_PATH}:/home/crubs/Documents/dev_ws/install/robot_sensors:/home/crubs/Documents/dev_ws/install/robot_communication:/home/crubs/Documents/dev_ws/install/robot_camera:/home/crubs/Documents/dev_ws/install/robot_accessories:/home/crubs/Documents/dev_ws/install/imu_package:/opt/ros/jazzy DEBUGINFOD_URLS=https://debuginfod.ubuntu.com /usr/bin/cmake --install /home/crubs/Documents/dev_ws/build/robot_gazebo
